s09_capsulemachine_use_03_6 save mode is ln
s07_capsulemachine_use_01_3 save mode is direct
s06_ketchup_grab_01_retake2_2 save mode is direct
s06_ketchup_grab_01_retake2_2 done
s10_phone_grab_01_1 save mode is direct
s10_phone_grab_01_1 done
s01_espressomachine_grab_01_7 save mode is direct
s01_espressomachine_grab_01_7 done
s06_capsulemachine_use_01_1 save mode is direct
s06_capsulemachine_use_01_1.0651.png seems unormal in ['r'] with multi boxes detected while no overlapping
s06_capsulemachine_use_01_1.0671.png seems unormal in ['r'] with multi boxes detected while no overlapping
s06_capsulemachine_use_01_1.0667.png seems unormal in ['r'] with multi boxes detected while no overlapping
s06_capsulemachine_use_01_1.0666.png seems unormal in ['r'] with multi boxes detected while no overlapping
s06_capsulemachine_use_01_1.0674.png seems unormal in ['r'] with multi boxes detected while no overlapping
s06_capsulemachine_use_01_1.0663.png seems unormal in ['r'] with multi boxes detected while no overlapping
s06_capsulemachine_use_01_1.0676.png seems unormal in ['r'] with multi boxes detected while no overlapping
s06_capsulemachine_use_01_1.0653.png seems unormal in ['r'] with multi boxes detected while no overlapping
s06_capsulemachine_use_01_1.0669.png seems unormal in ['r'] with multi boxes detected while no overlapping
s06_capsulemachine_use_01_1.0665.png seems unormal in ['r'] with multi boxes detected while no overlapping
s06_capsulemachine_use_01_1.0668.png seems unormal in ['r'] with multi boxes detected while no overlapping
s06_capsulemachine_use_01_1.0662.png seems unormal in ['r'] with multi boxes detected while no overlapping
s06_capsulemachine_use_01_1.0670.png seems unormal in ['r'] with multi boxes detected while no overlapping
s06_capsulemachine_use_01_1.0664.png seems unormal in ['r'] with multi boxes detected while no overlapping
s06_capsulemachine_use_01_1.0672.png seems unormal in ['r'] with multi boxes detected while no overlapping
s06_capsulemachine_use_01_1.0673.png seems unormal in ['r'] with multi boxes detected while no overlapping
s06_capsulemachine_use_01_1.0675.png seems unormal in ['r'] with multi boxes detected while no overlapping
s06_capsulemachine_use_01_1.0652.png seems unormal in ['r'] with multi boxes detected while no overlapping
s06_capsulemachine_use_01_1 done
s01_box_use_01_4 save mode is ln
s01_box_use_01_4 done
s08_waffleiron_use_01_5 save mode is direct
s08_waffleiron_use_01_5 done
s04_notebook_use_01_3 save mode is direct
s04_notebook_use_01_3 done
s02_microwave_grab_01_4 save mode is direct
s02_microwave_grab_01_4.0127.png seems unormal in ['r'] with multi boxes detected while no overlapping
s02_microwave_grab_01_4.0253.png seems unormal in ['r'] with multi boxes detected while no overlapping
s02_microwave_grab_01_4.0145.png seems unormal in ['r'] with multi boxes detected while no overlapping
s02_microwave_grab_01_4.0249.png seems unormal in ['r'] with multi boxes detected while no overlapping
s02_microwave_grab_01_4.0248.png seems unormal in ['r'] with multi boxes detected while no overlapping
s02_microwave_grab_01_4.0262.png seems unormal in ['r'] with multi boxes detected while no overlapping
s02_microwave_grab_01_4.0257.png seems unormal in ['r'] with multi boxes detected while no overlapping
s02_microwave_grab_01_4.0245.png seems unormal in ['r'] with multi boxes detected while no overlapping
s02_microwave_grab_01_4.0263.png seems unormal in ['r'] with multi boxes detected while no overlapping
s02_microwave_grab_01_4.0255.png seems unormal in ['r'] with multi boxes detected while no overlapping
s02_microwave_grab_01_4.0264.png seems unormal in ['r'] with multi boxes detected while no overlapping
s02_microwave_grab_01_4.0260.png seems unormal in ['r'] with multi boxes detected while no overlapping
s02_microwave_grab_01_4.0247.png seems unormal in ['r'] with multi boxes detected while no overlapping
s02_microwave_grab_01_4.0256.png seems unormal in ['r'] with multi boxes detected while no overlapping
s02_microwave_grab_01_4.0515.png seems unormal in ['r'] with multi boxes detected while no overlapping
s02_microwave_grab_01_4.0259.png seems unormal in ['r'] with multi boxes detected while no overlapping
s02_microwave_grab_01_4.0243.png seems unormal in ['r'] with multi boxes detected while no overlapping
s02_microwave_grab_01_4.0390.png seems unormal in ['r'] with multi boxes detected while no overlapping
s02_microwave_grab_01_4.0244.png seems unormal in ['r'] with multi boxes detected while no overlapping
s02_microwave_grab_01_4.0261.png seems unormal in ['r'] with multi boxes detected while no overlapping
s02_microwave_grab_01_4.0128.png seems unormal in ['r'] with multi boxes detected while no overlapping
s02_microwave_grab_01_4.0254.png seems unormal in ['r'] with multi boxes detected while no overlapping
s02_microwave_grab_01_4.0147.png seems unormal in ['r'] with multi boxes detected while no overlapping
s02_microwave_grab_01_4.0265.png seems unormal in ['r'] with multi boxes detected while no overlapping
s02_microwave_grab_01_4.0025.png seems unormal in ['r'] with multi boxes detected while no overlapping
s02_microwave_grab_01_4.0258.png seems unormal in ['r'] with multi boxes detected while no overlapping
s02_microwave_grab_01_4.0146.png seems unormal in ['r'] with multi boxes detected while no overlapping
s02_microwave_grab_01_4.0246.png seems unormal in ['r'] with multi boxes detected while no overlapping
s02_microwave_grab_01_4 done
s08_box_use_04_3 save mode is ln
s08_box_use_04_3 done
s10_laptop_use_01_2 save mode is ln
s10_laptop_use_01_2 done
s02_waffleiron_use_01_8 save mode is direct
s02_waffleiron_use_01_8 done
s01_phone_grab_01_8 save mode is ln
s01_phone_grab_01_8.0667.png seems unormal in ['l'] with multi boxes detected while no overlapping
s01_phone_grab_01_8 done
s07_phone_grab_01_2 save mode is direct
s07_phone_grab_01_2 done
s01_phone_grab_01_7 save mode is direct
s01_phone_grab_01_7 done
s01_ketchup_grab_01_3 save mode is direct
s01_ketchup_grab_01_3 done
s01_notebook_use_01_5 save mode is direct
s01_notebook_use_01_5 done
s07_capsulemachine_use_02_3 save mode is direct
s07_capsulemachine_use_02_3.0715.png seems unormal in ['r'] with multi boxes detected while no overlapping
s07_capsulemachine_use_02_3 done
s06_espressomachine_use_04_8 save mode is direct
s06_espressomachine_use_04_8 done
s05_notebook_use_01_8 save mode is direct
s05_notebook_use_01_8.0720.png seems unormal in ['l'] with multi boxes detected while no overlapping
s05_notebook_use_01_8 done
s08_microwave_use_01_3 save mode is ln
s08_microwave_use_01_3 done
s01_capsulemachine_use_01_2 save mode is direct
s01_capsulemachine_use_01_2 done
s06_notebook_use_01_8 save mode is ln
removed dir logs/3558f1342/masked_render/s06_notebook_use_01_8/gt_mesh_l/images/crop_image
removed dir logs/3558f1342/masked_render/s06_notebook_use_01_8/gt_mesh_r/images/crop_image
removed dir logs/3558f1342/masked_render/s06_notebook_use_01_8/gt_mesh_obj/images/crop_image
s06_notebook_use_01_8 done
s01_ketchup_grab_01_7 save mode is ln
s01_ketchup_grab_01_7.0161.png seems unormal in ['r'] with multi boxes detected while no overlapping
s01_ketchup_grab_01_7 done
s04_mixer_grab_01_5 save mode is direct
s04_mixer_grab_01_5.0020.png seems unormal in ['l'] with multi boxes detected while no overlapping
s04_mixer_grab_01_5 done
s08_scissors_use_03_4 save mode is ln
s08_scissors_use_03_4 done
s05_box_grab_01_1 save mode is ln
s05_box_grab_01_1 done
s02_microwave_use_01_6 save mode is direct
s02_microwave_use_01_6 done
s08_laptop_use_01_4 save mode is direct
s08_laptop_use_01_4 done
s06_scissors_grab_01_7 save mode is direct
s06_scissors_grab_01_7 done
s04_waffleiron_use_02_4 save mode is direct
s04_waffleiron_use_02_4 done
s09_mixer_use_04_7 save mode is direct
s09_mixer_use_04_7 done
s10_laptop_use_01_8 save mode is direct
s10_laptop_use_01_8.0020.png seems unormal in ['l'] with multi boxes detected while no overlapping
s10_laptop_use_01_8 done
s02_capsulemachine_grab_01_3 save mode is direct
s02_capsulemachine_grab_01_3.0017.png seems unormal in ['r'] with multi boxes detected while no overlapping
s02_capsulemachine_grab_01_3 done
s08_phone_use_01_7 save mode is ln
s08_phone_use_01_7 done
s05_espressomachine_use_02_8 save mode is direct
s05_espressomachine_use_02_8 done
s02_mixer_use_04_1 save mode is ln
s02_mixer_use_04_1 done
s08_laptop_use_04_2 save mode is ln
s08_laptop_use_04_2 done
s01_waffleiron_use_01_6 save mode is direct
s01_waffleiron_use_01_6 done
s04_notebook_use_02_4 save mode is ln
s04_notebook_use_02_4 done
s06_box_use_04_4 save mode is ln
s06_box_use_04_4 done
s07_waffleiron_grab_01_1 save mode is direct
s07_waffleiron_grab_01_1.0016.png seems unormal in ['r'] with multi boxes detected while no overlapping
s07_waffleiron_grab_01_1 done
s01_laptop_use_02_1 save mode is ln
s01_laptop_use_02_1 done
s01_scissors_use_02_5 save mode is direct
s01_scissors_use_02_5 done
s10_ketchup_use_01_6 save mode is direct
s10_ketchup_use_01_6.0467.png seems unormal in ['l'] with multi boxes detected while no overlapping
s10_ketchup_use_01_6 done
s09_notebook_use_03_4 save mode is direct
s09_notebook_use_03_4.0031.png seems unormal in ['r'] with multi boxes detected while no overlapping
s09_notebook_use_03_4 done
s02_microwave_use_02_6 save mode is ln
s02_microwave_use_02_6 done
s04_espressomachine_grab_01_4 save mode is direct
s04_espressomachine_grab_01_4.0019.png seems unormal in ['r'] with multi boxes detected while no overlapping
s04_espressomachine_grab_01_4 done
s04_capsulemachine_grab_01_1 save mode is direct
s04_capsulemachine_grab_01_1 done
s02_microwave_use_01_4 save mode is direct
s02_microwave_use_01_4.0030.png seems unormal in ['r'] with multi boxes detected while no overlapping
s02_microwave_use_01_4 done
s08_microwave_use_02_7 save mode is direct
s08_microwave_use_02_7 done
s05_capsulemachine_grab_01_4 save mode is ln
s05_capsulemachine_grab_01_4.0245.png seems unormal in ['r'] with multi boxes detected while no overlapping
s05_capsulemachine_grab_01_4 done
s01_espressomachine_use_01_8 save mode is direct
s01_espressomachine_use_01_8.0222.png seems unormal in ['l'] with multi boxes detected while no overlapping
s01_espressomachine_use_01_8 done
s07_box_grab_01_4 save mode is ln
s07_box_grab_01_4 done
s09_scissors_use_02_4 save mode is ln
s09_scissors_use_02_4 done
s08_phone_use_04_3 save mode is direct
s08_phone_use_04_3.0009.png seems unormal in ['r'] with multi boxes detected while no overlapping
s08_phone_use_04_3 done
s06_laptop_use_01_retake_4 save mode is direct
s06_laptop_use_01_retake_4 done
s02_box_grab_01_2 save mode is ln
s02_box_grab_01_2 done
s10_waffleiron_use_02_6 save mode is direct
s10_waffleiron_use_02_6 done
s05_laptop_use_02_5 save mode is direct
s05_laptop_use_02_5 done
s04_ketchup_use_02_6 save mode is ln
s04_ketchup_use_02_6 done
s02_mixer_use_02_2 save mode is ln
s02_mixer_use_02_2 done
s09_ketchup_use_02_3 save mode is direct
s09_ketchup_use_02_3 done
s06_waffleiron_use_04_5 save mode is direct
s06_waffleiron_use_04_5 done
s08_capsulemachine_use_03_7 save mode is ln
s08_capsulemachine_use_03_7 done
s01_espressomachine_use_01_3 save mode is ln
s01_espressomachine_use_01_3 done
s09_capsulemachine_use_03_6 finished
s07_capsulemachine_use_01_3 finished
s06_ketchup_grab_01_retake2_2 finished
s10_phone_grab_01_1 finished
s01_espressomachine_grab_01_7 finished
s06_capsulemachine_use_01_1 finished
s01_box_use_01_4 finished
s08_waffleiron_use_01_5 finished
s04_notebook_use_01_3 finished
s02_microwave_grab_01_4 finished
s08_box_use_04_3 finished
s10_laptop_use_01_2 finished
s02_waffleiron_use_01_8 finished
s01_phone_grab_01_8 finished
s07_phone_grab_01_2 finished
s01_phone_grab_01_7 finished
s01_ketchup_grab_01_3 finished
s01_notebook_use_01_5 finished
s07_capsulemachine_use_02_3 finished
s06_espressomachine_use_04_8 finished
s05_notebook_use_01_8 finished
s08_microwave_use_01_3 finished
s01_capsulemachine_use_01_2 finished
s06_notebook_use_01_8 finished
s01_ketchup_grab_01_7 finished
s04_mixer_grab_01_5 finished
s08_scissors_use_03_4 finished
s05_box_grab_01_1 finished
s02_microwave_use_01_6 finished
s08_laptop_use_01_4 finished
s06_scissors_grab_01_7 finished
s04_waffleiron_use_02_4 finished
s09_mixer_use_04_7 finished
s10_laptop_use_01_8 finished
s02_capsulemachine_grab_01_3 finished
s08_phone_use_01_7 finished
s05_espressomachine_use_02_8 finished
s02_mixer_use_04_1 finished
s08_laptop_use_04_2 finished
s01_waffleiron_use_01_6 finished
s04_notebook_use_02_4 finished
s06_box_use_04_4 finished
s07_waffleiron_grab_01_1 finished
s01_laptop_use_02_1 finished
s01_scissors_use_02_5 finished
s10_ketchup_use_01_6 finished
s09_notebook_use_03_4 finished
s02_microwave_use_02_6 finished
s04_espressomachine_grab_01_4 finished
s04_capsulemachine_grab_01_1 finished
s02_microwave_use_01_4 finished
s08_microwave_use_02_7 finished
s05_capsulemachine_grab_01_4 finished
s01_espressomachine_use_01_8 finished
s07_box_grab_01_4 finished
s09_scissors_use_02_4 finished
s08_phone_use_04_3 finished
s06_laptop_use_01_retake_4 finished
s02_box_grab_01_2 finished
s10_waffleiron_use_02_6 finished
s05_laptop_use_02_5 finished
s04_ketchup_use_02_6 finished
s02_mixer_use_02_2 finished
s09_ketchup_use_02_3 finished
s06_waffleiron_use_04_5 finished
s08_capsulemachine_use_03_7 finished
s01_espressomachine_use_01_3 finished
