s05_box_use_01_1 save mode is direct
s02_waffleiron_grab_01_1 save mode is direct
s02_waffleiron_grab_01_1.0272.png seems unormal in ['r'] with multi boxes detected while no overlapping
s02_waffleiron_grab_01_1.0275.png seems unormal in ['r'] with multi boxes detected while no overlapping
s02_waffleiron_grab_01_1.0273.png seems unormal in ['r'] with multi boxes detected while no overlapping
s02_waffleiron_grab_01_1.0274.png seems unormal in ['r'] with multi boxes detected while no overlapping
s02_waffleiron_grab_01_1.0276.png seems unormal in ['r'] with multi boxes detected while no overlapping
s02_waffleiron_grab_01_1.0271.png seems unormal in ['r'] with multi boxes detected while no overlapping
s02_waffleiron_grab_01_1.0277.png seems unormal in ['r'] with multi boxes detected while no overlapping
s02_waffleiron_grab_01_1.0270.png seems unormal in ['r'] with multi boxes detected while no overlapping
s06_scissors_use_01_8 save mode is ln
s06_scissors_use_01_8.0003.png seems unormal in ['r'] with multi boxes detected while no overlapping
s06_scissors_use_01_8 done
s01_capsulemachine_grab_01_3 save mode is direct
s01_capsulemachine_grab_01_3.0226.png seems unormal in ['r'] with multi boxes detected while no overlapping
s01_capsulemachine_grab_01_3.0377.png seems unormal in ['r'] with multi boxes detected while no overlapping
s01_capsulemachine_grab_01_3 done
s06_laptop_use_01_retake_5 save mode is direct
s06_laptop_use_01_retake_5.0287.png seems unormal in ['l'] with multi boxes detected while no overlapping
s06_laptop_use_01_retake_5.0275.png seems unormal in ['r'] with multi boxes detected while no overlapping
s06_laptop_use_01_retake_5.0274.png seems unormal in ['r'] with multi boxes detected while no overlapping
s06_laptop_use_01_retake_5 done
s05_notebook_use_02_6 save mode is direct
s05_notebook_use_02_6 done
s02_microwave_grab_01_7 save mode is direct
s02_microwave_grab_01_7.0124.png seems unormal in ['l'] with multi boxes detected while no overlapping
s02_microwave_grab_01_7.0145.png seems unormal in ['l'] with multi boxes detected while no overlapping
s02_microwave_grab_01_7.0029.png seems unormal in ['l'] with multi boxes detected while no overlapping
s02_microwave_grab_01_7.0125.png seems unormal in ['l'] with multi boxes detected while no overlapping
s02_microwave_grab_01_7.0268.png seems unormal in ['l'] with multi boxes detected while no overlapping
s02_microwave_grab_01_7.0267.png seems unormal in ['l'] with multi boxes detected while no overlapping
s02_microwave_grab_01_7.0146.png seems unormal in ['l'] with multi boxes detected while no overlapping
s02_microwave_grab_01_7.0237.png seems unormal in ['l'] with multi boxes detected while no overlapping
s02_microwave_grab_01_7 done
s10_notebook_use_02_5 save mode is ln
s10_notebook_use_02_5 done
s08_laptop_use_03_3 save mode is ln
s08_laptop_use_03_3 done
s02_phone_use_01_3 save mode is direct
s02_phone_use_01_3.0602.png seems unormal in ['r'] with multi boxes detected while no overlapping
s02_phone_use_01_3 done
s06_ketchup_use_01_6 save mode is ln
s06_ketchup_use_01_6.0207.png seems unormal in ['l'] with multi boxes detected while no overlapping
s06_ketchup_use_01_6 done
s02_phone_use_02_7 save mode is ln
s02_phone_use_02_7 done
s10_waffleiron_grab_01_2 save mode is direct
s10_waffleiron_grab_01_2 done
s05_box_use_01_3 save mode is ln
s05_box_use_01_3 done
s09_waffleiron_use_04_7 save mode is direct
s09_waffleiron_use_04_7.0104.png seems unormal in ['o'] with multi boxes detected while no overlapping
s09_waffleiron_use_04_7.0026.png seems unormal in ['l'] with multi boxes detected while no overlapping
s09_waffleiron_use_04_7.0027.png seems unormal in ['l'] with multi boxes detected while no overlapping
s09_waffleiron_use_04_7 done
s06_notebook_grab_01_5 save mode is ln
s06_notebook_grab_01_5.0125.png seems unormal in ['r'] with multi boxes detected while no overlapping
s06_notebook_grab_01_5.0149.png seems unormal in ['r'] with multi boxes detected while no overlapping
s06_notebook_grab_01_5 done
s06_waffleiron_grab_01_retake_4 save mode is direct
s06_waffleiron_grab_01_retake_4.0495.png seems unormal in ['r'] with multi boxes detected while no overlapping
s06_waffleiron_grab_01_retake_4.0494.png seems unormal in ['r'] with multi boxes detected while no overlapping
s06_waffleiron_grab_01_retake_4.0571.png seems unormal in ['r'] with multi boxes detected while no overlapping
s06_waffleiron_grab_01_retake_4.0130.png seems unormal in ['l'] with multi boxes detected while no overlapping
s06_waffleiron_grab_01_retake_4 done
s01_capsulemachine_use_02_5 save mode is direct
s01_capsulemachine_use_02_5.0368.png seems unormal in ['l'] with multi boxes detected while no overlapping
s01_capsulemachine_use_02_5.0375.png seems unormal in ['l'] with multi boxes detected while no overlapping
s01_capsulemachine_use_02_5.0029.png seems unormal in ['l'] with multi boxes detected while no overlapping
s01_capsulemachine_use_02_5 done
s09_waffleiron_use_02_8 save mode is ln
s09_waffleiron_use_02_8 done
s07_mixer_grab_01_retake_2 save mode is direct
s07_mixer_grab_01_retake_2 done
s08_microwave_use_01_6 save mode is ln
s08_microwave_use_01_6 done
s01_capsulemachine_use_01_5 save mode is direct
s01_capsulemachine_use_01_5 done
s02_microwave_use_02_3 save mode is direct
s02_microwave_use_02_3 done
s05_scissors_use_01_retake_5 save mode is ln
s05_scissors_use_01_retake_5 done
s02_microwave_use_01_1 save mode is direct
s02_microwave_use_01_1.0033.png seems unormal in ['r'] with multi boxes detected while no overlapping
s02_microwave_use_01_1 done
s04_espressomachine_use_01_retake_5 save mode is direct
s04_espressomachine_use_01_retake_5 done
s05_waffleiron_grab_01_8 save mode is direct
s05_waffleiron_grab_01_8.0501.png seems unormal in ['r'] with multi boxes detected while no overlapping
s05_waffleiron_grab_01_8.0499.png seems unormal in ['r'] with multi boxes detected while no overlapping
s05_waffleiron_grab_01_8.0500.png seems unormal in ['r'] with multi boxes detected while no overlapping
s05_waffleiron_grab_01_8 done
s08_notebook_use_04_2 save mode is ln
s08_notebook_use_04_2 done
s04_espressomachine_grab_01_7 save mode is direct
s04_espressomachine_grab_01_7 done
s10_capsulemachine_use_01_1 save mode is direct
s10_capsulemachine_use_01_1 done
s06_phone_use_02_1 save mode is direct
s06_phone_use_02_1.0476.png seems unormal in ['r'] with multi boxes detected while no overlapping
s06_phone_use_02_1.0475.png seems unormal in ['r'] with multi boxes detected while no overlapping
s06_phone_use_02_1.0465.png seems unormal in ['r'] with multi boxes detected while no overlapping
s06_phone_use_02_1.0451.png seems unormal in ['r'] with multi boxes detected while no overlapping
s06_phone_use_02_1.0477.png seems unormal in ['r'] with multi boxes detected while no overlapping
s06_phone_use_02_1.0479.png seems unormal in ['r'] with multi boxes detected while no overlapping
s06_phone_use_02_1.0452.png seems unormal in ['r'] with multi boxes detected while no overlapping
s06_phone_use_02_1.0480.png seems unormal in ['r'] with multi boxes detected while no overlapping
s06_phone_use_02_1.0478.png seems unormal in ['r'] with multi boxes detected while no overlapping
s06_phone_use_02_1.0461.png seems unormal in ['r'] with multi boxes detected while no overlapping
s06_phone_use_02_1.0466.png seems unormal in ['r'] with multi boxes detected while no overlapping
s06_phone_use_02_1.0481.png seems unormal in ['r'] with multi boxes detected while no overlapping
s06_phone_use_02_1.0453.png seems unormal in ['r'] with multi boxes detected while no overlapping
s06_phone_use_02_1.0474.png seems unormal in ['r'] with multi boxes detected while no overlapping
s06_phone_use_02_1 done
s09_notebook_use_01_4 save mode is direct
s09_notebook_use_01_4.0031.png seems unormal in ['r'] with multi boxes detected while no overlapping
s09_notebook_use_01_4 done
s08_microwave_use_01_7 save mode is direct
s08_microwave_use_01_7 done
s06_laptop_use_01_retake_2 save mode is direct
s06_laptop_use_01_retake_2 done
s05_phone_use_01_2 save mode is ln
s05_phone_use_01_2 done
s06_waffleiron_use_02_7 save mode is ln
s06_waffleiron_use_02_7 done
s08_phone_use_02_4 save mode is ln
removed dir logs/3558f1342/masked_render/s08_phone_use_02_4/gt_mesh_l/images/crop_image
removed dir logs/3558f1342/masked_render/s08_phone_use_02_4/gt_mesh_r/images/crop_image
removed dir logs/3558f1342/masked_render/s08_phone_use_02_4/gt_mesh_obj/images/crop_image
s08_phone_use_02_4 done
s09_laptop_use_03_8 save mode is direct
s09_laptop_use_03_8 done
s02_waffleiron_grab_01_6 save mode is ln
s02_waffleiron_grab_01_6.0154.png seems unormal in ['r'] with multi boxes detected while no overlapping
s02_waffleiron_grab_01_6.0153.png seems unormal in ['r'] with multi boxes detected while no overlapping
s02_waffleiron_grab_01_6.0152.png seems unormal in ['r'] with multi boxes detected while no overlapping
s02_waffleiron_grab_01_6.0418.png seems unormal in ['r'] with multi boxes detected while no overlapping
s02_waffleiron_grab_01_6 done
s02_box_grab_01_1 save mode is direct
s02_box_grab_01_1 done
s06_waffleiron_grab_01_retake_6 save mode is ln
s06_waffleiron_grab_01_retake_6 done
s06_mixer_grab_01_3 save mode is direct
s06_mixer_grab_01_3 done
s09_espressomachine_use_02_4 save mode is ln
s09_espressomachine_use_02_4 done
s02_scissors_use_02_8 save mode is ln
s02_scissors_use_02_8 done
s07_notebook_use_01_4 save mode is ln
s07_notebook_use_01_4 done
s05_phone_use_02_3 save mode is ln
s05_phone_use_02_3 done
s04_phone_use_02_3 save mode is ln
s04_phone_use_02_3 done
s09_mixer_use_02_3 save mode is ln
s09_mixer_use_02_3 done
s07_laptop_use_02_8 save mode is direct
s07_laptop_use_02_8 done
s06_phone_grab_01_8 save mode is direct
s06_phone_grab_01_8 done
s08_mixer_use_03_4 save mode is direct
s08_mixer_use_03_4 done
s08_microwave_use_01_2 save mode is ln
s08_microwave_use_01_2 done
s04_capsulemachine_use_02_6 save mode is direct
s04_capsulemachine_use_02_6 done
s01_box_use_02_1 save mode is ln
s01_box_use_02_1 done
s07_laptop_grab_01_1 save mode is direct
s07_laptop_grab_01_1 done
s08_capsulemachine_use_01_7 save mode is direct
s08_capsulemachine_use_01_7 done
s01_box_grab_01_3 save mode is direct
s01_box_grab_01_3 done
s06_phone_use_02_6 save mode is ln
s06_phone_use_02_6 done
s09_laptop_use_01_8 save mode is direct
s09_laptop_use_01_8 done
s05_box_grab_01_3 save mode is direct
s05_box_grab_01_3 done
s06_microwave_use_01_2 save mode is direct
s06_microwave_use_01_2 done
s08_scissors_use_03_6 save mode is direct
s08_scissors_use_03_6 done
s01_capsulemachine_use_01_7 save mode is direct
s01_capsulemachine_use_01_7 done
s05_box_use_01_5 save mode is ln
s05_box_use_01_5 done
s06_espressomachine_use_04_6 save mode is direct
s06_espressomachine_use_04_6 done
s08_box_use_01_6 save mode is ln
s08_box_use_01_6 done
s09_laptop_use_03_6 save mode is direct
s09_laptop_use_03_6 done
s05_box_use_01_1 finished
s02_waffleiron_grab_01_1 finished
s06_scissors_use_01_8 finished
s01_capsulemachine_grab_01_3 finished
s06_laptop_use_01_retake_5 finished
s05_notebook_use_02_6 finished
s02_microwave_grab_01_7 finished
s10_notebook_use_02_5 finished
s08_laptop_use_03_3 finished
s02_phone_use_01_3 finished
s06_ketchup_use_01_6 finished
s02_phone_use_02_7 finished
s10_waffleiron_grab_01_2 finished
s05_box_use_01_3 finished
s09_waffleiron_use_04_7 finished
s06_notebook_grab_01_5 finished
s06_waffleiron_grab_01_retake_4 finished
s01_capsulemachine_use_02_5 finished
s09_waffleiron_use_02_8 finished
s07_mixer_grab_01_retake_2 finished
s08_microwave_use_01_6 finished
s01_capsulemachine_use_01_5 finished
s02_microwave_use_02_3 finished
s05_scissors_use_01_retake_5 finished
s02_microwave_use_01_1 finished
s04_espressomachine_use_01_retake_5 finished
s05_waffleiron_grab_01_8 finished
s08_notebook_use_04_2 finished
s04_espressomachine_grab_01_7 finished
s10_capsulemachine_use_01_1 finished
s06_phone_use_02_1 finished
s09_notebook_use_01_4 finished
s08_microwave_use_01_7 finished
s06_laptop_use_01_retake_2 finished
s05_phone_use_01_2 finished
s06_waffleiron_use_02_7 finished
s08_phone_use_02_4 finished
s09_laptop_use_03_8 finished
s02_waffleiron_grab_01_6 finished
s02_box_grab_01_1 finished
s06_waffleiron_grab_01_retake_6 finished
s06_mixer_grab_01_3 finished
s09_espressomachine_use_02_4 finished
s02_scissors_use_02_8 finished
s07_notebook_use_01_4 finished
s05_phone_use_02_3 finished
s04_phone_use_02_3 finished
s09_mixer_use_02_3 finished
s07_laptop_use_02_8 finished
s06_phone_grab_01_8 finished
s08_mixer_use_03_4 finished
s08_microwave_use_01_2 finished
s04_capsulemachine_use_02_6 finished
s01_box_use_02_1 finished
s07_laptop_grab_01_1 finished
s08_capsulemachine_use_01_7 finished
s01_box_grab_01_3 finished
s06_phone_use_02_6 finished
s09_laptop_use_01_8 finished
s05_box_grab_01_3 finished
s06_microwave_use_01_2 finished
s08_scissors_use_03_6 finished
s01_capsulemachine_use_01_7 finished
s05_box_use_01_5 finished
s06_espressomachine_use_04_6 finished
s08_box_use_01_6 finished
s09_laptop_use_03_6 finished
