s06_ketchup_use_02_8 save mode is direct
s06_ketchup_use_02_8.0028.png seems unormal in ['l'] with multi boxes detected while no overlapping
s01_waffleiron_grab_01_6 save mode is direct
s01_waffleiron_grab_01_6.0051.png seems unormal in ['l'] with multi boxes detected while no overlapping
s06_ketchup_use_01_1 save mode is direct
s06_ketchup_use_01_1 done
s04_box_use_01_1 save mode is ln
s04_box_use_01_1 done
s02_microwave_use_01_8 save mode is ln
s02_microwave_use_01_8 done
s04_phone_use_01_6 save mode is ln
s04_phone_use_01_6.0494.png seems unormal in ['l'] with multi boxes detected while no overlapping
s04_phone_use_01_6 done
s04_capsulemachine_grab_01_5 save mode is ln
s04_capsulemachine_grab_01_5 done
s08_microwave_use_03_2 save mode is direct
s08_microwave_use_03_2 done
s09_espressomachine_use_01_2 save mode is ln
s09_espressomachine_use_01_2 done
s06_espressomachine_grab_01_2 save mode is direct
s06_espressomachine_grab_01_2.0425.png seems unormal in ['r'] with multi boxes detected while no overlapping
s06_espressomachine_grab_01_2.0010.png seems unormal in ['r'] with multi boxes detected while no overlapping
s06_espressomachine_grab_01_2 done
s04_scissors_use_01_4 save mode is direct
s04_scissors_use_01_4.0674.png seems unormal in ['l'] with multi boxes detected while no overlapping
s04_scissors_use_01_4.0681.png seems unormal in ['r'] with multi boxes detected while no overlapping
s04_scissors_use_01_4 done
s09_capsulemachine_use_01_5 save mode is direct
s09_capsulemachine_use_01_5 done
s06_laptop_use_02_retake_1 save mode is direct
s06_laptop_use_02_retake_1 done
s05_phone_use_03_7 save mode is direct
s05_phone_use_03_7.0871.png seems unormal in ['r'] with multi boxes detected while no overlapping
s05_phone_use_03_7.0875.png seems unormal in ['r'] with multi boxes detected while no overlapping
s05_phone_use_03_7.0872.png seems unormal in ['r'] with multi boxes detected while no overlapping
s05_phone_use_03_7 done
s07_capsulemachine_use_02_1 save mode is ln
s07_capsulemachine_use_02_1 done
s01_phone_use_02_5 save mode is direct
s01_phone_use_02_5.0032.png seems unormal in ['l'] with multi boxes detected while no overlapping
s01_phone_use_02_5 done
s04_waffleiron_use_01_5 save mode is ln
s04_waffleiron_use_01_5 done
s02_espressomachine_grab_01_1 save mode is direct
s02_espressomachine_grab_01_1.0030.png seems unormal in ['r'] with multi boxes detected while no overlapping
s02_espressomachine_grab_01_1.0245.png seems unormal in ['r'] with multi boxes detected while no overlapping
s02_espressomachine_grab_01_1.0241.png seems unormal in ['r'] with multi boxes detected while no overlapping
s02_espressomachine_grab_01_1.0242.png seems unormal in ['r'] with multi boxes detected while no overlapping
s02_espressomachine_grab_01_1.0243.png seems unormal in ['r'] with multi boxes detected while no overlapping
s02_espressomachine_grab_01_1.0244.png seems unormal in ['r'] with multi boxes detected while no overlapping
s02_espressomachine_grab_01_1 done
s07_espressomachine_grab_01_2 save mode is ln
s07_espressomachine_grab_01_2 done
s02_mixer_use_04_5 save mode is direct
s02_mixer_use_04_5.0244.png seems unormal in ['l'] with multi boxes detected while no overlapping
s02_mixer_use_04_5.0323.png seems unormal in ['l'] with multi boxes detected while no overlapping
s02_mixer_use_04_5 done
s08_box_use_04_4 save mode is direct
s08_box_use_04_4 done
s04_scissors_use_02_2 save mode is ln
s04_scissors_use_02_2 done
s01_notebook_use_02_3 save mode is direct
s01_notebook_use_02_3 done
s01_espressomachine_use_02_8 save mode is ln
s01_espressomachine_use_02_8 done
s01_espressomachine_use_02_6 save mode is direct
s01_espressomachine_use_02_6 done
s04_capsulemachine_grab_01_6 save mode is ln
s04_capsulemachine_grab_01_6 done
s02_ketchup_use_02_4 save mode is direct
s02_ketchup_use_02_4.0226.png seems unormal in ['r'] with multi boxes detected while no overlapping
s02_ketchup_use_02_4.0195.png seems unormal in ['r'] with multi boxes detected while no overlapping
s02_ketchup_use_02_4 done
s05_waffleiron_use_01_1 save mode is ln
s05_waffleiron_use_01_1 done
s07_ketchup_grab_01_8 save mode is direct
s07_ketchup_grab_01_8.0328.png seems unormal in ['l'] with multi boxes detected while no overlapping
s07_ketchup_grab_01_8.0161.png seems unormal in ['l'] with multi boxes detected while no overlapping
s07_ketchup_grab_01_8 done
s02_ketchup_use_03_2 save mode is direct
s02_ketchup_use_03_2 done
s09_notebook_use_01_3 save mode is direct
s09_notebook_use_01_3 done
s02_espressomachine_grab_01_7 save mode is ln
s02_espressomachine_grab_01_7.0498.png seems unormal in ['l'] with multi boxes detected while no overlapping
s02_espressomachine_grab_01_7.0499.png seems unormal in ['l'] with multi boxes detected while no overlapping
s02_espressomachine_grab_01_7.0034.png seems unormal in ['l'] with multi boxes detected while no overlapping
s02_espressomachine_grab_01_7 done
s04_scissors_use_01_2 save mode is ln
s04_scissors_use_01_2 done
s04_phone_use_02_5 save mode is direct
s04_phone_use_02_5 done
s08_notebook_use_01_2 save mode is direct
s08_notebook_use_01_2 done
s01_ketchup_use_02_8 save mode is ln
s01_ketchup_use_02_8.0653.png seems unormal in ['l'] with multi boxes detected while no overlapping
s01_ketchup_use_02_8 done
s09_phone_use_02_6 save mode is direct
s09_phone_use_02_6 done
s04_waffleiron_use_02_1 save mode is direct
s04_waffleiron_use_02_1 done
s07_microwave_grab_01_3 save mode is ln
s07_microwave_grab_01_3.0262.png seems unormal in ['l'] with multi boxes detected while no overlapping
s07_microwave_grab_01_3.0251.png seems unormal in ['l'] with multi boxes detected while no overlapping
s07_microwave_grab_01_3 done
s09_espressomachine_use_04_3 save mode is direct
s09_espressomachine_use_04_3 done
s04_capsulemachine_use_01_6 save mode is direct
s04_capsulemachine_use_01_6 done
s09_espressomachine_use_04_4 save mode is direct
s09_espressomachine_use_04_4 done
s05_waffleiron_use_02_2 save mode is direct
s05_waffleiron_use_02_2 done
s06_microwave_use_02_3 save mode is ln
s06_microwave_use_02_3.0016.png seems unormal in ['r'] with multi boxes detected while no overlapping
s06_microwave_use_02_3 done
s01_notebook_use_01_4 save mode is direct
s01_notebook_use_01_4 done
s08_waffleiron_use_02_4 save mode is direct
s08_waffleiron_use_02_4 done
s05_mixer_use_02_6 save mode is direct
s05_mixer_use_02_6 done
s04_mixer_grab_01_6 save mode is direct
s04_mixer_grab_01_6.0642.png seems unormal in ['l'] with multi boxes detected while no overlapping
s04_mixer_grab_01_6 done
s07_scissors_grab_01_1 save mode is ln
s07_scissors_grab_01_1 done
s05_phone_use_01_4 save mode is ln
s05_phone_use_01_4.0661.png seems unormal in ['l'] with multi boxes detected while no overlapping
s05_phone_use_01_4.0663.png seems unormal in ['l'] with multi boxes detected while no overlapping
s05_phone_use_01_4.0011.png seems unormal in ['l'] with multi boxes detected while no overlapping
s05_phone_use_01_4.0662.png seems unormal in ['l'] with multi boxes detected while no overlapping
s05_phone_use_01_4 done
s07_espressomachine_use_01_5 save mode is ln
s07_espressomachine_use_01_5 done
s06_laptop_use_02_retake_6 save mode is ln
s06_laptop_use_02_retake_6 done
s08_microwave_use_03_3 save mode is ln
s08_microwave_use_03_3 done
s01_espressomachine_use_02_7 save mode is direct
s01_espressomachine_use_02_7 done
s09_laptop_use_01_7 save mode is direct
s09_laptop_use_01_7 done
s06_box_use_03_5 save mode is direct
s06_box_use_03_5 done
s02_microwave_use_02_5 save mode is direct
s02_microwave_use_02_5 done
s09_mixer_use_01_2 save mode is direct
s09_mixer_use_01_2 done
s09_microwave_use_02_2 save mode is ln
s09_microwave_use_02_2 done
s04_scissors_use_02_5 save mode is direct
s04_scissors_use_02_5.0022.png seems unormal in ['r'] with multi boxes detected while no overlapping
s04_scissors_use_02_5 done
s09_laptop_use_04_4 save mode is direct
s09_laptop_use_04_4 done
s04_espressomachine_use_02_3 save mode is ln
s04_espressomachine_use_02_3 done
s05_box_use_02_7 save mode is direct
s05_box_use_02_7 done
s06_capsulemachine_use_01_4 save mode is direct
s06_capsulemachine_use_01_4 done
s04_notebook_use_01_1 save mode is ln
s04_notebook_use_01_1.0695.png seems unormal in ['r'] with multi boxes detected while no overlapping
s04_notebook_use_01_1 done
s10_waffleiron_use_02_8 save mode is ln
s10_waffleiron_use_02_8.0036.png seems unormal in ['l'] with multi boxes detected while no overlapping
s10_waffleiron_use_02_8 done
s10_mixer_use_02_2 save mode is direct
s10_mixer_use_02_2 done
s06_ketchup_use_02_8 finished
s01_waffleiron_grab_01_6 finished
s06_ketchup_use_01_1 finished
s04_box_use_01_1 finished
s02_microwave_use_01_8 finished
s04_phone_use_01_6 finished
s04_capsulemachine_grab_01_5 finished
s08_microwave_use_03_2 finished
s09_espressomachine_use_01_2 finished
s06_espressomachine_grab_01_2 finished
s04_scissors_use_01_4 finished
s09_capsulemachine_use_01_5 finished
s06_laptop_use_02_retake_1 finished
s05_phone_use_03_7 finished
s07_capsulemachine_use_02_1 finished
s01_phone_use_02_5 finished
s04_waffleiron_use_01_5 finished
s02_espressomachine_grab_01_1 finished
s07_espressomachine_grab_01_2 finished
s02_mixer_use_04_5 finished
s08_box_use_04_4 finished
s04_scissors_use_02_2 finished
s01_notebook_use_02_3 finished
s01_espressomachine_use_02_8 finished
s01_espressomachine_use_02_6 finished
s04_capsulemachine_grab_01_6 finished
s02_ketchup_use_02_4 finished
s05_waffleiron_use_01_1 finished
s07_ketchup_grab_01_8 finished
s02_ketchup_use_03_2 finished
s09_notebook_use_01_3 finished
s02_espressomachine_grab_01_7 finished
s04_scissors_use_01_2 finished
s04_phone_use_02_5 finished
s08_notebook_use_01_2 finished
s01_ketchup_use_02_8 finished
s09_phone_use_02_6 finished
s04_waffleiron_use_02_1 finished
s07_microwave_grab_01_3 finished
s09_espressomachine_use_04_3 finished
s04_capsulemachine_use_01_6 finished
s09_espressomachine_use_04_4 finished
s05_waffleiron_use_02_2 finished
s06_microwave_use_02_3 finished
s01_notebook_use_01_4 finished
s08_waffleiron_use_02_4 finished
s05_mixer_use_02_6 finished
s04_mixer_grab_01_6 finished
s07_scissors_grab_01_1 finished
s05_phone_use_01_4 finished
s07_espressomachine_use_01_5 finished
s06_laptop_use_02_retake_6 finished
s08_microwave_use_03_3 finished
s01_espressomachine_use_02_7 finished
s09_laptop_use_01_7 finished
s06_box_use_03_5 finished
s02_microwave_use_02_5 finished
s09_mixer_use_01_2 finished
s09_microwave_use_02_2 finished
s04_scissors_use_02_5 finished
s09_laptop_use_04_4 finished
s04_espressomachine_use_02_3 finished
s05_box_use_02_7 finished
s06_capsulemachine_use_01_4 finished
s04_notebook_use_01_1 finished
s10_waffleiron_use_02_8 finished
s10_mixer_use_02_2 finished
