s08_waffleiron_use_04_6 save mode is direct
s04_microwave_use_01_7 save mode is direct
s04_microwave_use_01_7 done
s09_scissors_use_04_5 save mode is direct
s09_scissors_use_04_5.0028.png seems unormal in ['l'] with multi boxes detected while no overlapping
s09_scissors_use_04_5 done
s06_notebook_use_01_5 save mode is ln
s06_notebook_use_01_5 done
s02_capsulemachine_use_02_1 save mode is direct
s02_capsulemachine_use_02_1 done
s05_ketchup_grab_01_6 save mode is direct
s05_ketchup_grab_01_6.0702.png seems unormal in ['l'] with multi boxes detected while no overlapping
s05_ketchup_grab_01_6 done
s01_espressomachine_grab_01_4 save mode is direct
s01_espressomachine_grab_01_4.0607.png seems unormal in ['r'] with multi boxes detected while no overlapping
s01_espressomachine_grab_01_4.0023.png seems unormal in ['r'] with multi boxes detected while no overlapping
s01_espressomachine_grab_01_4 done
s02_mixer_use_03_4 save mode is direct
s02_mixer_use_03_4.0574.png seems unormal in ['r'] with multi boxes detected while no overlapping
s02_mixer_use_03_4 done
s04_laptop_use_02_2 save mode is ln
s04_laptop_use_02_2 done
s01_laptop_use_03_1 save mode is direct
s01_laptop_use_03_1 done
s05_notebook_use_02_5 save mode is ln
s05_notebook_use_02_5 done
s07_notebook_use_01_5 save mode is direct
s07_notebook_use_01_5 done
s01_box_use_01_1 save mode is direct
s01_box_use_01_1 done
s08_ketchup_use_03_1 save mode is direct
s08_ketchup_use_03_1.0606.png seems unormal in ['r'] with multi boxes detected while no overlapping
s08_ketchup_use_03_1 done
s01_waffleiron_use_02_2 save mode is direct
s01_waffleiron_use_02_2 done
s10_espressomachine_use_02_1 save mode is direct
s10_espressomachine_use_02_1 done
s09_ketchup_use_01_4 save mode is ln
s09_ketchup_use_01_4 done
s10_mixer_use_02_7 save mode is direct
s10_mixer_use_02_7 done
s02_laptop_grab_01_1 save mode is direct
s02_laptop_grab_01_1.0649.png seems unormal in ['r'] with multi boxes detected while no overlapping
s02_laptop_grab_01_1 done
s05_laptop_use_02_6 save mode is direct
s05_laptop_use_02_6 done
s08_phone_use_02_5 save mode is direct
s08_phone_use_02_5 done
s06_microwave_use_01_3 save mode is ln
s06_microwave_use_01_3.0021.png seems unormal in ['r'] with multi boxes detected while no overlapping
s06_microwave_use_01_3 done
s08_laptop_use_02_6 save mode is direct
s08_laptop_use_02_6 done
s09_ketchup_use_01_6 save mode is ln
s09_ketchup_use_01_6 done
s01_mixer_grab_01_2 save mode is direct
s01_mixer_grab_01_2 done
s08_box_use_04_5 save mode is ln
s08_box_use_04_5 done
s10_capsulemachine_use_01_4 save mode is ln
s10_capsulemachine_use_01_4 done
s06_microwave_use_01_6 save mode is direct
s06_microwave_use_01_6 done
s02_box_use_01_8 save mode is direct
s02_box_use_01_8 done
s06_phone_grab_01_7 save mode is direct
s06_phone_grab_01_7 done
s01_microwave_use_02_1 save mode is ln
s01_microwave_use_02_1 done
s01_box_use_01_7 save mode is ln
s01_box_use_01_7 done
s07_laptop_use_01_2 save mode is direct
s07_laptop_use_01_2 done
s09_waffleiron_use_03_6 save mode is direct
s09_waffleiron_use_03_6 done
s09_phone_use_03_3 save mode is ln
s09_phone_use_03_3 done
s06_ketchup_grab_01_retake2_8 save mode is ln
s06_ketchup_grab_01_retake2_8 done
s08_mixer_use_02_2 save mode is direct
s08_mixer_use_02_2 done
s09_capsulemachine_use_04_2 save mode is direct
s09_capsulemachine_use_04_2 done
s09_notebook_use_04_3 save mode is direct
s09_notebook_use_04_3 done
s09_capsulemachine_use_04_4 save mode is ln
s09_capsulemachine_use_04_4.0592.png seems unormal in ['r'] with multi boxes detected while no overlapping
s09_capsulemachine_use_04_4 done
s09_mixer_use_04_3 save mode is direct
s09_mixer_use_04_3 done
s10_ketchup_use_01_5 save mode is direct
s10_ketchup_use_01_5.0460.png seems unormal in ['l'] with multi boxes detected while no overlapping
s10_ketchup_use_01_5 done
s05_phone_use_01_7 save mode is direct
s05_phone_use_01_7.0658.png seems unormal in ['r'] with multi boxes detected while no overlapping
s05_phone_use_01_7 done
s04_mixer_use_02_5 save mode is direct
s04_mixer_use_02_5 done
s01_ketchup_use_02_7 save mode is direct
s01_ketchup_use_02_7 done
s08_ketchup_use_01_2 save mode is direct
s08_ketchup_use_01_2.0364.png seems unormal in ['l'] with multi boxes detected while no overlapping
s08_ketchup_use_01_2 done
s04_ketchup_grab_01_3 save mode is ln
s04_ketchup_grab_01_3.0696.png seems unormal in ['r'] with multi boxes detected while no overlapping
s04_ketchup_grab_01_3.0872.png seems unormal in ['r'] with multi boxes detected while no overlapping
s04_ketchup_grab_01_3 done
s02_notebook_use_01_8 save mode is direct
s02_notebook_use_01_8 done
s02_ketchup_use_04_5 save mode is direct
s02_ketchup_use_04_5.0474.png seems unormal in ['l'] with multi boxes detected while no overlapping
s02_ketchup_use_04_5 done
s04_scissors_grab_01_1 save mode is direct
s04_scissors_grab_01_1 done
s02_ketchup_grab_01_7 save mode is direct
s02_ketchup_grab_01_7 done
s02_espressomachine_use_01_7 save mode is direct
s02_espressomachine_use_01_7 done
s09_waffleiron_use_02_1 save mode is direct
s09_waffleiron_use_02_1 done
s08_scissors_use_03_1 save mode is direct
s08_scissors_use_03_1 done
s08_ketchup_use_02_5 save mode is ln
s08_ketchup_use_02_5.0369.png seems unormal in ['l'] with multi boxes detected while no overlapping
s08_ketchup_use_02_5 done
s04_scissors_use_01_3 save mode is ln
s04_scissors_use_01_3 done
s01_box_use_02_5 save mode is direct
s01_box_use_02_5 done
s02_espressomachine_use_02_2 save mode is ln
s02_espressomachine_use_02_2 done
s02_microwave_grab_01_1 save mode is ln
s02_microwave_grab_01_1.0127.png seems unormal in ['r'] with multi boxes detected while no overlapping
s02_microwave_grab_01_1.0148.png seems unormal in ['r'] with multi boxes detected while no overlapping
s02_microwave_grab_01_1.0272.png seems unormal in ['r'] with multi boxes detected while no overlapping
s02_microwave_grab_01_1.0489.png seems unormal in ['r'] with multi boxes detected while no overlapping
s02_microwave_grab_01_1.0238.png seems unormal in ['r'] with multi boxes detected while no overlapping
s02_microwave_grab_01_1.0525.png seems unormal in ['r'] with multi boxes detected while no overlapping
s02_microwave_grab_01_1.0393.png seems unormal in ['r'] with multi boxes detected while no overlapping
s02_microwave_grab_01_1.0488.png seems unormal in ['r'] with multi boxes detected while no overlapping
s02_microwave_grab_01_1.0490.png seems unormal in ['r'] with multi boxes detected while no overlapping
s02_microwave_grab_01_1.0273.png seems unormal in ['r'] with multi boxes detected while no overlapping
s02_microwave_grab_01_1.0126.png seems unormal in ['r'] with multi boxes detected while no overlapping
s02_microwave_grab_01_1.0027.png seems unormal in ['r'] with multi boxes detected while no overlapping
s02_microwave_grab_01_1.0271.png seems unormal in ['r'] with multi boxes detected while no overlapping
s02_microwave_grab_01_1.0125.png seems unormal in ['r'] with multi boxes detected while no overlapping
s02_microwave_grab_01_1.0028.png seems unormal in ['r'] with multi boxes detected while no overlapping
s02_microwave_grab_01_1.0526.png seems unormal in ['r'] with multi boxes detected while no overlapping
s02_microwave_grab_01_1.0358.png seems unormal in ['r'] with multi boxes detected while no overlapping
s02_microwave_grab_01_1.0487.png seems unormal in ['r'] with multi boxes detected while no overlapping
s02_microwave_grab_01_1.0359.png seems unormal in ['r'] with multi boxes detected while no overlapping
s02_microwave_grab_01_1.0147.png seems unormal in ['r'] with multi boxes detected while no overlapping
s02_microwave_grab_01_1.0394.png seems unormal in ['r'] with multi boxes detected while no overlapping
s02_microwave_grab_01_1.0240.png seems unormal in ['r'] with multi boxes detected while no overlapping
s02_microwave_grab_01_1.0360.png seems unormal in ['r'] with multi boxes detected while no overlapping
s02_microwave_grab_01_1.0391.png seems unormal in ['r'] with multi boxes detected while no overlapping
s02_microwave_grab_01_1.0270.png seems unormal in ['r'] with multi boxes detected while no overlapping
s02_microwave_grab_01_1.0392.png seems unormal in ['r'] with multi boxes detected while no overlapping
s02_microwave_grab_01_1.0527.png seems unormal in ['r'] with multi boxes detected while no overlapping
s02_microwave_grab_01_1.0239.png seems unormal in ['r'] with multi boxes detected while no overlapping
s02_microwave_grab_01_1 done
s02_phone_use_01_8 save mode is direct
s02_phone_use_01_8 done
s04_microwave_use_01_6 save mode is ln
s04_microwave_use_01_6 done
s10_box_use_01_6 save mode is direct
s10_box_use_01_6 done
s09_ketchup_use_04_1 save mode is direct
s09_ketchup_use_04_1 done
s04_espressomachine_use_01_retake_1 save mode is ln
s04_espressomachine_use_01_retake_1 done
s10_phone_use_02_7 save mode is direct
s10_phone_use_02_7.0771.png seems unormal in ['l'] with multi boxes detected while no overlapping
s10_phone_use_02_7.0754.png seems unormal in ['l'] with multi boxes detected while no overlapping
s10_phone_use_02_7 done
s04_microwave_use_02_4 save mode is ln
s04_microwave_use_02_4.0758.png seems unormal in ['r'] with multi boxes detected while no overlapping
s04_microwave_use_02_4.0759.png seems unormal in ['l'] with multi boxes detected while no overlapping
s04_microwave_use_02_4.0024.png seems unormal in ['r'] with multi boxes detected while no overlapping
s04_microwave_use_02_4 done
s08_phone_use_03_1 save mode is direct
s08_phone_use_03_1 done
s08_waffleiron_use_04_6 finished
s04_microwave_use_01_7 finished
s09_scissors_use_04_5 finished
s06_notebook_use_01_5 finished
s02_capsulemachine_use_02_1 finished
s05_ketchup_grab_01_6 finished
s01_espressomachine_grab_01_4 finished
s02_mixer_use_03_4 finished
s04_laptop_use_02_2 finished
s01_laptop_use_03_1 finished
s05_notebook_use_02_5 finished
s07_notebook_use_01_5 finished
s01_box_use_01_1 finished
s08_ketchup_use_03_1 finished
s01_waffleiron_use_02_2 finished
s10_espressomachine_use_02_1 finished
s09_ketchup_use_01_4 finished
s10_mixer_use_02_7 finished
s02_laptop_grab_01_1 finished
s05_laptop_use_02_6 finished
s08_phone_use_02_5 finished
s06_microwave_use_01_3 finished
s08_laptop_use_02_6 finished
s09_ketchup_use_01_6 finished
s01_mixer_grab_01_2 finished
s08_box_use_04_5 finished
s10_capsulemachine_use_01_4 finished
s06_microwave_use_01_6 finished
s02_box_use_01_8 finished
s06_phone_grab_01_7 finished
s01_microwave_use_02_1 finished
s01_box_use_01_7 finished
s07_laptop_use_01_2 finished
s09_waffleiron_use_03_6 finished
s09_phone_use_03_3 finished
s06_ketchup_grab_01_retake2_8 finished
s08_mixer_use_02_2 finished
s09_capsulemachine_use_04_2 finished
s09_notebook_use_04_3 finished
s09_capsulemachine_use_04_4 finished
s09_mixer_use_04_3 finished
s10_ketchup_use_01_5 finished
s05_phone_use_01_7 finished
s04_mixer_use_02_5 finished
s01_ketchup_use_02_7 finished
s08_ketchup_use_01_2 finished
s04_ketchup_grab_01_3 finished
s02_notebook_use_01_8 finished
s02_ketchup_use_04_5 finished
s04_scissors_grab_01_1 finished
s02_ketchup_grab_01_7 finished
s02_espressomachine_use_01_7 finished
s09_waffleiron_use_02_1 finished
s08_scissors_use_03_1 finished
s08_ketchup_use_02_5 finished
s04_scissors_use_01_3 finished
s01_box_use_02_5 finished
s02_espressomachine_use_02_2 finished
s02_microwave_grab_01_1 finished
s02_phone_use_01_8 finished
s04_microwave_use_01_6 finished
s10_box_use_01_6 finished
s09_ketchup_use_04_1 finished
s04_espressomachine_use_01_retake_1 finished
s10_phone_use_02_7 finished
s04_microwave_use_02_4 finished
s08_phone_use_03_1 finished
