s05_scissors_use_02_4 save mode is direct
s02_laptop_use_01_6 save mode is direct
s06_notebook_use_02_3 save mode is ln
s06_notebook_use_02_3 done
s09_microwave_use_03_3 save mode is ln
s09_microwave_use_03_3 done
s08_mixer_use_02_3 save mode is direct
s08_mixer_use_02_3 done
s07_microwave_use_01_2 save mode is direct
s07_microwave_use_01_2 done
s02_capsulemachine_use_01_4 save mode is direct
s02_capsulemachine_use_01_4.0298.png seems unormal in ['r'] with multi boxes detected while no overlapping
s02_capsulemachine_use_01_4.0296.png seems unormal in ['r'] with multi boxes detected while no overlapping
s02_capsulemachine_use_01_4.0299.png seems unormal in ['r'] with multi boxes detected while no overlapping
s02_capsulemachine_use_01_4.0297.png seems unormal in ['r'] with multi boxes detected while no overlapping
s02_capsulemachine_use_01_4 done
s07_laptop_use_02_7 save mode is direct
s07_laptop_use_02_7 done
s07_scissors_grab_01_4 save mode is direct
s07_scissors_grab_01_4 done
s08_ketchup_use_03_3 save mode is direct
s08_ketchup_use_03_3 done
s08_notebook_use_03_1 save mode is direct
s08_notebook_use_03_1.0628.png seems unormal in ['r'] with multi boxes detected while no overlapping
s08_notebook_use_03_1 done
s09_scissors_use_01_3 save mode is ln
s09_scissors_use_01_3 done
s07_capsulemachine_use_01_5 save mode is ln
s07_capsulemachine_use_01_5 done
s06_capsulemachine_use_01_3 save mode is direct
s06_capsulemachine_use_01_3 done
s08_box_use_02_2 save mode is direct
s08_box_use_02_2 done
s02_notebook_use_01_2 save mode is direct
s02_notebook_use_01_2 done
s08_ketchup_use_02_7 save mode is ln
s08_ketchup_use_02_7.0084.png seems unormal in ['l'] with multi boxes detected while no overlapping
s08_ketchup_use_02_7.0083.png seems unormal in ['l'] with multi boxes detected while no overlapping
s08_ketchup_use_02_7.0081.png seems unormal in ['l'] with multi boxes detected while no overlapping
s08_ketchup_use_02_7.0082.png seems unormal in ['l'] with multi boxes detected while no overlapping
s08_ketchup_use_02_7 done
s06_espressomachine_use_02_5 save mode is ln
s06_espressomachine_use_02_5 done
s09_mixer_use_02_4 save mode is ln
s09_mixer_use_02_4.0556.png seems unormal in ['r'] with multi boxes detected while no overlapping
s09_mixer_use_02_4.0033.png seems unormal in ['r'] with multi boxes detected while no overlapping
s09_mixer_use_02_4 done
s05_phone_grab_01_6 save mode is direct
s05_phone_grab_01_6 done
s04_microwave_use_02_2 save mode is ln
s04_microwave_use_02_2 done
s05_microwave_grab_01_7 save mode is direct
s05_microwave_grab_01_7 done
s07_microwave_use_01_1 save mode is direct
s07_microwave_use_01_1 done
s02_ketchup_grab_01_3 save mode is ln
s02_ketchup_grab_01_3 done
s06_waffleiron_use_01_4 save mode is direct
removed dir logs/3558f1342/masked_render/s06_waffleiron_use_01_4/gt_mesh_l/images/crop_image
removed dir logs/3558f1342/masked_render/s06_waffleiron_use_01_4/gt_mesh_r/images/crop_image
removed dir logs/3558f1342/masked_render/s06_waffleiron_use_01_4/gt_mesh_obj/images/crop_image
s06_waffleiron_use_01_4 done
s06_scissors_use_01_7 save mode is ln
s06_scissors_use_01_7 done
s05_waffleiron_use_02_6 save mode is direct
s05_waffleiron_use_02_6.0755.png seems unormal in ['l'] with multi boxes detected while no overlapping
s05_waffleiron_use_02_6 done
s08_mixer_use_04_2 save mode is direct
s08_mixer_use_04_2 done
s08_waffleiron_use_03_6 save mode is direct
removed dir logs/3558f1342/masked_render/s08_waffleiron_use_03_6/gt_mesh_l/images/crop_image
removed dir logs/3558f1342/masked_render/s08_waffleiron_use_03_6/gt_mesh_r/images/crop_image
removed dir logs/3558f1342/masked_render/s08_waffleiron_use_03_6/gt_mesh_obj/images/crop_image
s08_waffleiron_use_03_6 done
s01_laptop_grab_01_1 save mode is ln
s01_laptop_grab_01_1.0022.png seems unormal in ['r'] with multi boxes detected while no overlapping
s01_laptop_grab_01_1 done
s01_waffleiron_use_02_3 save mode is direct
s01_waffleiron_use_02_3 done
s07_box_use_01_5 save mode is direct
s07_box_use_01_5 done
s05_scissors_use_01_retake_1 save mode is direct
s05_scissors_use_01_retake_1 done
s05_box_use_01_6 save mode is ln
s05_box_use_01_6 done
s04_scissors_grab_01_4 save mode is direct
s04_scissors_grab_01_4.0025.png seems unormal in ['r'] with multi boxes detected while no overlapping
s04_scissors_grab_01_4 done
s09_waffleiron_use_01_4 save mode is ln
s09_waffleiron_use_01_4.0028.png seems unormal in ['r'] with multi boxes detected while no overlapping
s09_waffleiron_use_01_4 done
s10_waffleiron_grab_01_4 save mode is direct
s10_waffleiron_grab_01_4.0033.png seems unormal in ['r'] with multi boxes detected while no overlapping
s10_waffleiron_grab_01_4 done
s05_ketchup_grab_01_7 save mode is direct
s05_ketchup_grab_01_7 done
s09_laptop_use_04_6 save mode is direct
s09_laptop_use_04_6 done
s01_phone_use_02_7 save mode is ln
s01_phone_use_02_7 done
s02_microwave_use_01_2 save mode is direct
s02_microwave_use_01_2 done
s06_microwave_use_02_6 save mode is ln
s06_microwave_use_02_6 done
s09_mixer_use_03_4 save mode is direct
s09_mixer_use_03_4.0029.png seems unormal in ['r'] with multi boxes detected while no overlapping
s09_mixer_use_03_4.0563.png seems unormal in ['l'] with multi boxes detected while no overlapping
s09_mixer_use_03_4 done
s06_notebook_grab_01_3 save mode is ln
s06_notebook_grab_01_3.0259.png seems unormal in ['l'] with multi boxes detected while no overlapping
s06_notebook_grab_01_3 done
s08_phone_use_01_2 save mode is direct
s08_phone_use_01_2 done
s08_notebook_use_02_3 save mode is direct
s08_notebook_use_02_3 done
s04_scissors_use_02_8 save mode is ln
s04_scissors_use_02_8 done
s09_phone_use_02_4 save mode is direct
s09_phone_use_02_4.0024.png seems unormal in ['r'] with multi boxes detected while no overlapping
s09_phone_use_02_4 done
s10_capsulemachine_use_02_8 save mode is ln
s10_capsulemachine_use_02_8 done
s05_microwave_grab_01_6 save mode is direct
s05_microwave_grab_01_6.0023.png seems unormal in ['l'] with multi boxes detected while no overlapping
s05_microwave_grab_01_6.0024.png seems unormal in ['l'] with multi boxes detected while no overlapping
s05_microwave_grab_01_6.0316.png seems unormal in ['l'] with multi boxes detected while no overlapping
s05_microwave_grab_01_6.0317.png seems unormal in ['l'] with multi boxes detected while no overlapping
s05_microwave_grab_01_6.0598.png seems unormal in ['l'] with multi boxes detected while no overlapping
s05_microwave_grab_01_6 done
s05_microwave_use_02_5 save mode is ln
s05_microwave_use_02_5 done
s04_box_use_01_5 save mode is direct
s04_box_use_01_5 done
s05_box_use_02_6 save mode is ln
s05_box_use_02_6 done
s07_box_use_01_8 save mode is ln
s07_box_use_01_8 done
s01_phone_use_01_7 save mode is ln
s01_phone_use_01_7 done
s07_waffleiron_use_01_7 save mode is ln
s07_waffleiron_use_01_7 done
s08_capsulemachine_use_03_2 save mode is direct
s08_capsulemachine_use_03_2 done
s02_ketchup_use_03_6 save mode is direct
s02_ketchup_use_03_6 done
s10_waffleiron_grab_01_8 save mode is ln
s10_waffleiron_grab_01_8.0643.png seems unormal in ['l'] with multi boxes detected while no overlapping
s10_waffleiron_grab_01_8.0668.png seems unormal in ['l'] with multi boxes detected while no overlapping
s10_waffleiron_grab_01_8 done
s09_phone_use_02_2 save mode is direct
s09_phone_use_02_2 done
s05_espressomachine_use_01_4 save mode is direct
s05_espressomachine_use_01_4 done
s05_box_use_02_1 save mode is direct
s05_box_use_02_1 done
s08_waffleiron_use_02_6 save mode is direct
s08_waffleiron_use_02_6.0023.png seems unormal in ['r'] with multi boxes detected while no overlapping
s08_waffleiron_use_02_6 done
s10_ketchup_use_01_8 save mode is ln
s10_ketchup_use_01_8 done
s04_capsulemachine_grab_01_8 save mode is direct
s04_capsulemachine_grab_01_8 done
s09_espressomachine_use_04_8 save mode is ln
s09_espressomachine_use_04_8 done
s04_box_use_01_8 save mode is ln
s04_box_use_01_8 done
s05_scissors_use_02_4 finished
s02_laptop_use_01_6 finished
s06_notebook_use_02_3 finished
s09_microwave_use_03_3 finished
s08_mixer_use_02_3 finished
s07_microwave_use_01_2 finished
s02_capsulemachine_use_01_4 finished
s07_laptop_use_02_7 finished
s07_scissors_grab_01_4 finished
s08_ketchup_use_03_3 finished
s08_notebook_use_03_1 finished
s09_scissors_use_01_3 finished
s07_capsulemachine_use_01_5 finished
s06_capsulemachine_use_01_3 finished
s08_box_use_02_2 finished
s02_notebook_use_01_2 finished
s08_ketchup_use_02_7 finished
s06_espressomachine_use_02_5 finished
s09_mixer_use_02_4 finished
s05_phone_grab_01_6 finished
s04_microwave_use_02_2 finished
s05_microwave_grab_01_7 finished
s07_microwave_use_01_1 finished
s02_ketchup_grab_01_3 finished
s06_waffleiron_use_01_4 finished
s06_scissors_use_01_7 finished
s05_waffleiron_use_02_6 finished
s08_mixer_use_04_2 finished
s08_waffleiron_use_03_6 finished
s01_laptop_grab_01_1 finished
s01_waffleiron_use_02_3 finished
s07_box_use_01_5 finished
s05_scissors_use_01_retake_1 finished
s05_box_use_01_6 finished
s04_scissors_grab_01_4 finished
s09_waffleiron_use_01_4 finished
s10_waffleiron_grab_01_4 finished
s05_ketchup_grab_01_7 finished
s09_laptop_use_04_6 finished
s01_phone_use_02_7 finished
s02_microwave_use_01_2 finished
s06_microwave_use_02_6 finished
s09_mixer_use_03_4 finished
s06_notebook_grab_01_3 finished
s08_phone_use_01_2 finished
s08_notebook_use_02_3 finished
s04_scissors_use_02_8 finished
s09_phone_use_02_4 finished
s10_capsulemachine_use_02_8 finished
s05_microwave_grab_01_6 finished
s05_microwave_use_02_5 finished
s04_box_use_01_5 finished
s05_box_use_02_6 finished
s07_box_use_01_8 finished
s01_phone_use_01_7 finished
s07_waffleiron_use_01_7 finished
s08_capsulemachine_use_03_2 finished
s02_ketchup_use_03_6 finished
s10_waffleiron_grab_01_8 finished
s09_phone_use_02_2 finished
s05_espressomachine_use_01_4 finished
s05_box_use_02_1 finished
s08_waffleiron_use_02_6 finished
s10_ketchup_use_01_8 finished
s04_capsulemachine_grab_01_8 finished
s09_espressomachine_use_04_8 finished
s04_box_use_01_8 finished
