s08_microwave_use_02_2 save mode is direct
s04_phone_grab_01_5 save mode is direct
s04_phone_grab_01_5.0395.png seems unormal in ['l'] with multi boxes detected while no overlapping
s04_phone_grab_01_5.0562.png seems unormal in ['r'] with multi boxes detected while no overlapping
s04_phone_grab_01_5.0396.png seems unormal in ['l'] with multi boxes detected while no overlapping
s04_phone_grab_01_5.0563.png seems unormal in ['r'] with multi boxes detected while no overlapping
s10_notebook_use_01_3 save mode is ln
s10_notebook_use_01_3 done
s08_capsulemachine_use_03_6 save mode is direct
s08_capsulemachine_use_03_6 done
s07_waffleiron_use_02_2 save mode is direct
s07_waffleiron_use_02_2 done
s10_laptop_use_02_3 save mode is ln
s10_laptop_use_02_3 done
s09_microwave_use_02_8 save mode is ln
s09_microwave_use_02_8 done
s02_espressomachine_use_02_5 save mode is ln
s02_espressomachine_use_02_5 done
s09_scissors_use_02_7 save mode is direct
s09_scissors_use_02_7 done
s05_notebook_grab_01_5 save mode is ln
s05_notebook_grab_01_5.0412.png seems unormal in ['l'] with multi boxes detected while no overlapping
s05_notebook_grab_01_5.0155.png seems unormal in ['l'] with multi boxes detected while no overlapping
s05_notebook_grab_01_5.0413.png seems unormal in ['l'] with multi boxes detected while no overlapping
s05_notebook_grab_01_5.0411.png seems unormal in ['l'] with multi boxes detected while no overlapping
s05_notebook_grab_01_5.0156.png seems unormal in ['l'] with multi boxes detected while no overlapping
s05_notebook_grab_01_5 done
s05_box_use_02_4 save mode is direct
s05_box_use_02_4 done
s08_box_use_02_3 save mode is direct
s08_box_use_02_3 done
s02_phone_grab_01_5 save mode is ln
s02_phone_grab_01_5 done
s08_notebook_use_03_3 save mode is ln
s08_notebook_use_03_3 done
s06_capsulemachine_use_02_7 save mode is direct
s06_capsulemachine_use_02_7 done
s09_scissors_use_02_2 save mode is direct
s09_scissors_use_02_2 done
s05_phone_grab_01_5 save mode is direct
s05_phone_grab_01_5 done
s01_mixer_grab_01_3 save mode is direct
s01_mixer_grab_01_3.0369.png seems unormal in ['r'] with multi boxes detected while no overlapping
s01_mixer_grab_01_3.0388.png seems unormal in ['r'] with multi boxes detected while no overlapping
s01_mixer_grab_01_3 done
s08_espressomachine_use_03_2 save mode is direct
s08_espressomachine_use_03_2 done
s08_mixer_use_04_6 save mode is ln
s08_mixer_use_04_6 done
s08_phone_use_01_8 save mode is direct
s08_phone_use_01_8 done
s06_waffleiron_use_03_7 save mode is ln
s06_waffleiron_use_03_7 done
s02_ketchup_use_01_4 save mode is direct
s02_ketchup_use_01_4 done
s05_ketchup_grab_01_1 save mode is direct
s05_ketchup_grab_01_1.0638.png seems unormal in ['r'] with multi boxes detected while no overlapping
s05_ketchup_grab_01_1.0567.png seems unormal in ['r'] with multi boxes detected while no overlapping
s05_ketchup_grab_01_1.0349.png seems unormal in ['r'] with multi boxes detected while no overlapping
s05_ketchup_grab_01_1.0413.png seems unormal in ['r'] with multi boxes detected while no overlapping
s05_ketchup_grab_01_1.0508.png seems unormal in ['r'] with multi boxes detected while no overlapping
s05_ketchup_grab_01_1.0566.png seems unormal in ['r'] with multi boxes detected while no overlapping
s05_ketchup_grab_01_1.0509.png seems unormal in ['r'] with multi boxes detected while no overlapping
s05_ketchup_grab_01_1 done
s04_ketchup_use_02_2 save mode is direct
s04_ketchup_use_02_2 done
s08_phone_use_04_7 save mode is ln
s08_phone_use_04_7 done
s05_notebook_use_02_4 save mode is direct
s05_notebook_use_02_4 done
s02_microwave_use_01_retake_1 save mode is direct
s02_microwave_use_01_retake_1 done
s10_waffleiron_grab_01_7 save mode is direct
s10_waffleiron_grab_01_7.0022.png seems unormal in ['l'] with multi boxes detected while no overlapping
s10_waffleiron_grab_01_7 done
s04_scissors_grab_01_8 save mode is direct
s04_scissors_grab_01_8 done
s05_scissors_use_02_2 save mode is direct
s05_scissors_use_02_2 done
s10_waffleiron_grab_01_6 save mode is direct
s10_waffleiron_grab_01_6.0643.png seems unormal in ['l'] with multi boxes detected while no overlapping
s10_waffleiron_grab_01_6.0668.png seems unormal in ['l'] with multi boxes detected while no overlapping
s10_waffleiron_grab_01_6 done
s08_microwave_use_04_4 save mode is direct
s08_microwave_use_04_4 done
s01_mixer_use_02_2 save mode is ln
s01_mixer_use_02_2 done
s09_microwave_use_03_6 save mode is ln
s09_microwave_use_03_6 done
s08_scissors_use_03_3 save mode is ln
s08_scissors_use_03_3.0865.png seems unormal in ['r'] with multi boxes detected while no overlapping
s08_scissors_use_03_3.0866.png seems unormal in ['r'] with multi boxes detected while no overlapping
s08_scissors_use_03_3 done
s04_capsulemachine_use_01_8 save mode is direct
s04_capsulemachine_use_01_8 done
s04_scissors_grab_01_6 save mode is ln
s04_scissors_grab_01_6 done
s01_espressomachine_use_01_5 save mode is ln
s01_espressomachine_use_01_5.0325.png seems unormal in ['l'] with multi boxes detected while no overlapping
s01_espressomachine_use_01_5.0213.png seems unormal in ['l'] with multi boxes detected while no overlapping
s01_espressomachine_use_01_5.0216.png seems unormal in ['l'] with multi boxes detected while no overlapping
s01_espressomachine_use_01_5.0330.png seems unormal in ['l'] with multi boxes detected while no overlapping
s01_espressomachine_use_01_5.0328.png seems unormal in ['l'] with multi boxes detected while no overlapping
s01_espressomachine_use_01_5.0334.png seems unormal in ['l'] with multi boxes detected while no overlapping
s01_espressomachine_use_01_5.0221.png seems unormal in ['l'] with multi boxes detected while no overlapping
s01_espressomachine_use_01_5.0326.png seems unormal in ['l'] with multi boxes detected while no overlapping
s01_espressomachine_use_01_5.0562.png seems unormal in ['r'] with multi boxes detected while no overlapping
s01_espressomachine_use_01_5.0335.png seems unormal in ['l'] with multi boxes detected while no overlapping
s01_espressomachine_use_01_5.0331.png seems unormal in ['l'] with multi boxes detected while no overlapping
s01_espressomachine_use_01_5.0329.png seems unormal in ['l'] with multi boxes detected while no overlapping
s01_espressomachine_use_01_5.0327.png seems unormal in ['l'] with multi boxes detected while no overlapping
s01_espressomachine_use_01_5.0214.png seems unormal in ['l'] with multi boxes detected while no overlapping
s01_espressomachine_use_01_5.0333.png seems unormal in ['l'] with multi boxes detected while no overlapping
s01_espressomachine_use_01_5.0332.png seems unormal in ['l'] with multi boxes detected while no overlapping
s01_espressomachine_use_01_5.0215.png seems unormal in ['l'] with multi boxes detected while no overlapping
s01_espressomachine_use_01_5 done
s10_notebook_use_02_8 save mode is direct
s10_notebook_use_02_8 done
s04_espressomachine_grab_01_1 save mode is direct
s04_espressomachine_grab_01_1 done
s08_waffleiron_use_02_2 save mode is direct
s08_waffleiron_use_02_2.0026.png seems unormal in ['r'] with multi boxes detected while no overlapping
s08_waffleiron_use_02_2 done
s09_waffleiron_use_02_5 save mode is direct
s09_waffleiron_use_02_5 done
s02_scissors_use_02_3 save mode is ln
s02_scissors_use_02_3.0747.png seems unormal in ['r'] with multi boxes detected while no overlapping
s02_scissors_use_02_3 done
s10_waffleiron_grab_01_3 save mode is direct
s10_waffleiron_grab_01_3 done
s05_capsulemachine_use_01_8 save mode is direct
s05_capsulemachine_use_01_8 done
s04_laptop_use_02_8 save mode is direct
s04_laptop_use_02_8 done
s01_microwave_use_02_6 save mode is direct
s01_microwave_use_02_6 done
s08_waffleiron_use_04_2 save mode is ln
s08_waffleiron_use_04_2 done
s10_ketchup_grab_01_8 save mode is direct
s10_ketchup_grab_01_8.0421.png seems unormal in ['l'] with multi boxes detected while no overlapping
s10_ketchup_grab_01_8.0272.png seems unormal in ['l'] with multi boxes detected while no overlapping
s10_ketchup_grab_01_8.0054.png seems unormal in ['l'] with multi boxes detected while no overlapping
s10_ketchup_grab_01_8.0053.png seems unormal in ['l'] with multi boxes detected while no overlapping
s10_ketchup_grab_01_8.0079.png seems unormal in ['l'] with multi boxes detected while no overlapping
s10_ketchup_grab_01_8.0273.png seems unormal in ['l'] with multi boxes detected while no overlapping
s10_ketchup_grab_01_8.0274.png seems unormal in ['l'] with multi boxes detected while no overlapping
s10_ketchup_grab_01_8.0080.png seems unormal in ['l'] with multi boxes detected while no overlapping
s10_ketchup_grab_01_8.0420.png seems unormal in ['l'] with multi boxes detected while no overlapping
s10_ketchup_grab_01_8.0081.png seems unormal in ['l'] with multi boxes detected while no overlapping
s10_ketchup_grab_01_8.0099.png seems unormal in ['l'] with multi boxes detected while no overlapping
s10_ketchup_grab_01_8 done
s10_scissors_use_02_6 save mode is direct
s10_scissors_use_02_6 done
s08_espressomachine_use_02_4 save mode is direct
s08_espressomachine_use_02_4 done
s08_notebook_use_01_5 save mode is direct
s08_notebook_use_01_5 done
s09_notebook_use_01_2 save mode is direct
s09_notebook_use_01_2 done
s05_scissors_grab_01_2 save mode is direct
s05_scissors_grab_01_2 done
s01_waffleiron_use_02_8 save mode is direct
s01_waffleiron_use_02_8.0514.png seems unormal in ['o'] with multi boxes detected while no overlapping
s01_waffleiron_use_02_8.0025.png seems unormal in ['l'] with multi boxes detected while no overlapping
s01_waffleiron_use_02_8 done
s08_espressomachine_use_03_1 save mode is ln
s08_espressomachine_use_03_1 done
s05_laptop_use_01_5 save mode is ln
s05_laptop_use_01_5 done
s01_mixer_use_01_3 save mode is direct
s01_mixer_use_01_3 done
s05_mixer_grab_01_1 save mode is ln
s05_mixer_grab_01_1 done
s05_phone_use_04_6 save mode is ln
s05_phone_use_04_6 done
s01_scissors_use_02_8 save mode is direct
s01_scissors_use_02_8.0025.png seems unormal in ['l'] with multi boxes detected while no overlapping
s01_scissors_use_02_8 done
s02_ketchup_use_01_6 save mode is direct
s02_ketchup_use_01_6 done
s04_microwave_grab_01_5 save mode is direct
s04_microwave_grab_01_5.0025.png seems unormal in ['l'] with multi boxes detected while no overlapping
s04_microwave_grab_01_5 done
s06_capsulemachine_grab_01_3 save mode is direct
s06_capsulemachine_grab_01_3 done
s09_notebook_use_04_5 save mode is ln
s09_notebook_use_04_5 done
s06_ketchup_grab_01_retake2_6 save mode is direct
s06_ketchup_grab_01_retake2_6.0410.png seems unormal in ['l'] with multi boxes detected while no overlapping
s06_ketchup_grab_01_retake2_6 done
s08_microwave_use_02_2 finished
s04_phone_grab_01_5 finished
s10_notebook_use_01_3 finished
s08_capsulemachine_use_03_6 finished
s07_waffleiron_use_02_2 finished
s10_laptop_use_02_3 finished
s09_microwave_use_02_8 finished
s02_espressomachine_use_02_5 finished
s09_scissors_use_02_7 finished
s05_notebook_grab_01_5 finished
s05_box_use_02_4 finished
s08_box_use_02_3 finished
s02_phone_grab_01_5 finished
s08_notebook_use_03_3 finished
s06_capsulemachine_use_02_7 finished
s09_scissors_use_02_2 finished
s05_phone_grab_01_5 finished
s01_mixer_grab_01_3 finished
s08_espressomachine_use_03_2 finished
s08_mixer_use_04_6 finished
s08_phone_use_01_8 finished
s06_waffleiron_use_03_7 finished
s02_ketchup_use_01_4 finished
s05_ketchup_grab_01_1 finished
s04_ketchup_use_02_2 finished
s08_phone_use_04_7 finished
s05_notebook_use_02_4 finished
s02_microwave_use_01_retake_1 finished
s10_waffleiron_grab_01_7 finished
s04_scissors_grab_01_8 finished
s05_scissors_use_02_2 finished
s10_waffleiron_grab_01_6 finished
s08_microwave_use_04_4 finished
s01_mixer_use_02_2 finished
s09_microwave_use_03_6 finished
s08_scissors_use_03_3 finished
s04_capsulemachine_use_01_8 finished
s04_scissors_grab_01_6 finished
s01_espressomachine_use_01_5 finished
s10_notebook_use_02_8 finished
s04_espressomachine_grab_01_1 finished
s08_waffleiron_use_02_2 finished
s09_waffleiron_use_02_5 finished
s02_scissors_use_02_3 finished
s10_waffleiron_grab_01_3 finished
s05_capsulemachine_use_01_8 finished
s04_laptop_use_02_8 finished
s01_microwave_use_02_6 finished
s08_waffleiron_use_04_2 finished
s10_ketchup_grab_01_8 finished
s10_scissors_use_02_6 finished
s08_espressomachine_use_02_4 finished
s08_notebook_use_01_5 finished
s09_notebook_use_01_2 finished
s05_scissors_grab_01_2 finished
s01_waffleiron_use_02_8 finished
s08_espressomachine_use_03_1 finished
s05_laptop_use_01_5 finished
s01_mixer_use_01_3 finished
s05_mixer_grab_01_1 finished
s05_phone_use_04_6 finished
s01_scissors_use_02_8 finished
s02_ketchup_use_01_6 finished
s04_microwave_grab_01_5 finished
s06_capsulemachine_grab_01_3 finished
s09_notebook_use_04_5 finished
s06_ketchup_grab_01_retake2_6 finished
