s01_laptop_grab_01_6 save mode is ln
s09_capsulemachine_use_03_1 save mode is direct
s09_capsulemachine_use_03_1.0029.png seems unormal in ['r'] with multi boxes detected while no overlapping
s07_espressomachine_use_02_6 save mode is ln
s07_espressomachine_use_02_6 done
s09_scissors_use_02_3 save mode is direct
s09_scissors_use_02_3 done
s08_waffleiron_use_03_7 save mode is direct
s08_waffleiron_use_03_7 done
s10_notebook_use_01_6 save mode is ln
s10_notebook_use_01_6 done
s07_capsulemachine_use_02_5 save mode is ln
s07_capsulemachine_use_02_5 done
s07_mixer_grab_01_retake_4 save mode is ln
s07_mixer_grab_01_retake_4.0421.png seems unormal in ['r'] with multi boxes detected while no overlapping
s07_mixer_grab_01_retake_4.0462.png seems unormal in ['r'] with multi boxes detected while no overlapping
s07_mixer_grab_01_retake_4.0363.png seems unormal in ['r'] with multi boxes detected while no overlapping
s07_mixer_grab_01_retake_4.0459.png seems unormal in ['r'] with multi boxes detected while no overlapping
s07_mixer_grab_01_retake_4.0465.png seems unormal in ['r'] with multi boxes detected while no overlapping
s07_mixer_grab_01_retake_4.0361.png seems unormal in ['r'] with multi boxes detected while no overlapping
s07_mixer_grab_01_retake_4.0456.png seems unormal in ['r'] with multi boxes detected while no overlapping
s07_mixer_grab_01_retake_4.0449.png seems unormal in ['r'] with multi boxes detected while no overlapping
s07_mixer_grab_01_retake_4.0451.png seems unormal in ['r'] with multi boxes detected while no overlapping
s07_mixer_grab_01_retake_4.0047.png seems unormal in ['r'] with multi boxes detected while no overlapping
s07_mixer_grab_01_retake_4.0458.png seems unormal in ['r'] with multi boxes detected while no overlapping
s07_mixer_grab_01_retake_4.0463.png seems unormal in ['r'] with multi boxes detected while no overlapping
s07_mixer_grab_01_retake_4.0464.png seems unormal in ['r'] with multi boxes detected while no overlapping
s07_mixer_grab_01_retake_4.0425.png seems unormal in ['r'] with multi boxes detected while no overlapping
s07_mixer_grab_01_retake_4.0426.png seems unormal in ['r'] with multi boxes detected while no overlapping
s07_mixer_grab_01_retake_4.0452.png seems unormal in ['r'] with multi boxes detected while no overlapping
s07_mixer_grab_01_retake_4.0457.png seems unormal in ['r'] with multi boxes detected while no overlapping
s07_mixer_grab_01_retake_4.0455.png seems unormal in ['r'] with multi boxes detected while no overlapping
s07_mixer_grab_01_retake_4.0420.png seems unormal in ['r'] with multi boxes detected while no overlapping
s07_mixer_grab_01_retake_4.0461.png seems unormal in ['r'] with multi boxes detected while no overlapping
s07_mixer_grab_01_retake_4.0362.png seems unormal in ['r'] with multi boxes detected while no overlapping
s07_mixer_grab_01_retake_4.0424.png seems unormal in ['r'] with multi boxes detected while no overlapping
s07_mixer_grab_01_retake_4.0423.png seems unormal in ['r'] with multi boxes detected while no overlapping
s07_mixer_grab_01_retake_4.0453.png seems unormal in ['r'] with multi boxes detected while no overlapping
s07_mixer_grab_01_retake_4.0460.png seems unormal in ['r'] with multi boxes detected while no overlapping
s07_mixer_grab_01_retake_4.0450.png seems unormal in ['r'] with multi boxes detected while no overlapping
s07_mixer_grab_01_retake_4.0454.png seems unormal in ['r'] with multi boxes detected while no overlapping
s07_mixer_grab_01_retake_4.0422.png seems unormal in ['r'] with multi boxes detected while no overlapping
s07_mixer_grab_01_retake_4 done
s10_ketchup_use_02_7 save mode is direct
s10_ketchup_use_02_7 done
s05_mixer_grab_01_8 save mode is direct
s05_mixer_grab_01_8.0153.png seems unormal in ['l'] with multi boxes detected while no overlapping
s05_mixer_grab_01_8 done
s07_ketchup_use_02_2 save mode is direct
s07_ketchup_use_02_2 done
s06_waffleiron_grab_01_retake_8 save mode is ln
s06_waffleiron_grab_01_retake_8.0288.png seems unormal in ['l'] with multi boxes detected while no overlapping
s06_waffleiron_grab_01_retake_8 done
s02_laptop_use_01_2 save mode is direct
s02_laptop_use_01_2 done
s10_phone_grab_01_8 save mode is direct
s10_phone_grab_01_8 done
s04_microwave_grab_01_8 save mode is ln
s04_microwave_grab_01_8.0609.png seems unormal in ['l'] with multi boxes detected while no overlapping
s04_microwave_grab_01_8.0610.png seems unormal in ['l'] with multi boxes detected while no overlapping
s04_microwave_grab_01_8 done
s10_mixer_use_01_3 save mode is direct
s10_mixer_use_01_3.0765.png seems unormal in ['l'] with multi boxes detected while no overlapping
s10_mixer_use_01_3 done
s06_ketchup_use_02_4 save mode is direct
s06_ketchup_use_02_4.0529.png seems unormal in ['r'] with multi boxes detected while no overlapping
s06_ketchup_use_02_4.0533.png seems unormal in ['r'] with multi boxes detected while no overlapping
s06_ketchup_use_02_4.0532.png seems unormal in ['r'] with multi boxes detected while no overlapping
s06_ketchup_use_02_4.0534.png seems unormal in ['r'] with multi boxes detected while no overlapping
s06_ketchup_use_02_4.0520.png seems unormal in ['r'] with multi boxes detected while no overlapping
s06_ketchup_use_02_4.0519.png seems unormal in ['r'] with multi boxes detected while no overlapping
s06_ketchup_use_02_4.0528.png seems unormal in ['r'] with multi boxes detected while no overlapping
s06_ketchup_use_02_4.0688.png seems unormal in ['r'] with multi boxes detected while no overlapping
s06_ketchup_use_02_4.0531.png seems unormal in ['r'] with multi boxes detected while no overlapping
s06_ketchup_use_02_4.0535.png seems unormal in ['r'] with multi boxes detected while no overlapping
s06_ketchup_use_02_4.0530.png seems unormal in ['r'] with multi boxes detected while no overlapping
s06_ketchup_use_02_4.0527.png seems unormal in ['r'] with multi boxes detected while no overlapping
s06_ketchup_use_02_4 done
s07_espressomachine_use_02_5 save mode is ln
s07_espressomachine_use_02_5 done
s06_scissors_grab_01_6 save mode is direct
s06_scissors_grab_01_6.0270.png seems unormal in ['l'] with multi boxes detected while no overlapping
s06_scissors_grab_01_6 done
s02_waffleiron_use_02_1 save mode is ln
s02_waffleiron_use_02_1 done
s05_microwave_use_02_8 save mode is direct
s05_microwave_use_02_8 done
s02_capsulemachine_grab_01_1 save mode is direct
s02_capsulemachine_grab_01_1 done
s05_phone_use_02_5 save mode is direct
s05_phone_use_02_5 done
s05_espressomachine_grab_01_8 save mode is ln
s05_espressomachine_grab_01_8 done
s05_espressomachine_use_02_2 save mode is direct
s05_espressomachine_use_02_2.0495.png seems unormal in ['r'] with multi boxes detected while no overlapping
s05_espressomachine_use_02_2 done
s07_phone_use_02_7 save mode is direct
s07_phone_use_02_7 done
s01_waffleiron_grab_01_7 save mode is ln
s01_waffleiron_grab_01_7 done
s06_box_use_01_6 save mode is ln
s06_box_use_01_6 done
s01_phone_use_02_4 save mode is direct
s01_phone_use_02_4 done
s10_box_use_02_4 save mode is direct
s10_box_use_02_4 done
s05_notebook_grab_01_2 save mode is ln
s05_notebook_grab_01_2 done
s07_laptop_grab_01_5 save mode is direct
s07_laptop_grab_01_5 done
s06_laptop_use_02_retake_2 save mode is direct
s06_laptop_use_02_retake_2 done
s01_waffleiron_use_01_2 save mode is direct
s01_waffleiron_use_01_2 done
s06_notebook_grab_01_1 save mode is direct
s06_notebook_grab_01_1 done
s06_notebook_use_02_2 save mode is ln
s06_notebook_use_02_2 done
s09_laptop_use_03_1 save mode is ln
s09_laptop_use_03_1.0028.png seems unormal in ['r'] with multi boxes detected while no overlapping
s09_laptop_use_03_1 done
s06_notebook_grab_01_2 save mode is direct
s06_notebook_grab_01_2 done
s04_mixer_use_02_4 save mode is ln
removed dir logs/3558f1342/masked_render/s04_mixer_use_02_4/gt_mesh_l/images/crop_image
removed dir logs/3558f1342/masked_render/s04_mixer_use_02_4/gt_mesh_r/images/crop_image
removed dir logs/3558f1342/masked_render/s04_mixer_use_02_4/gt_mesh_obj/images/crop_image
s04_mixer_use_02_4 done
s02_laptop_use_01_8 save mode is direct
s02_laptop_use_01_8 done
s01_espressomachine_use_01_4 save mode is direct
s01_espressomachine_use_01_4.0557.png seems unormal in ['r'] with multi boxes detected while no overlapping
s01_espressomachine_use_01_4 done
s01_scissors_grab_01_6 save mode is ln
s01_scissors_grab_01_6 done
s07_waffleiron_use_01_8 save mode is direct
s07_waffleiron_use_01_8 done
s01_scissors_use_02_6 save mode is direct
s01_scissors_use_02_6 done
s08_ketchup_use_03_7 save mode is direct
s08_ketchup_use_03_7 done
s06_microwave_use_01_7 save mode is ln
s06_microwave_use_01_7 done
s08_mixer_use_03_5 save mode is direct
s08_mixer_use_03_5 done
s05_box_grab_01_4 save mode is direct
s05_box_grab_01_4 done
s06_espressomachine_grab_01_5 save mode is direct
s06_espressomachine_grab_01_5.0594.png seems unormal in ['l'] with multi boxes detected while no overlapping
s06_espressomachine_grab_01_5 done
s08_box_use_04_1 save mode is direct
s08_box_use_04_1 done
s06_mixer_grab_01_8 save mode is direct
s06_mixer_grab_01_8.0588.png seems unormal in ['l'] with multi boxes detected while no overlapping
s06_mixer_grab_01_8.0602.png seems unormal in ['l'] with multi boxes detected while no overlapping
s06_mixer_grab_01_8.0591.png seems unormal in ['l'] with multi boxes detected while no overlapping
s06_mixer_grab_01_8.0590.png seems unormal in ['l'] with multi boxes detected while no overlapping
s06_mixer_grab_01_8.0587.png seems unormal in ['l'] with multi boxes detected while no overlapping
s06_mixer_grab_01_8.0589.png seems unormal in ['l'] with multi boxes detected while no overlapping
s06_mixer_grab_01_8.0106.png seems unormal in ['l'] with multi boxes detected while no overlapping
s06_mixer_grab_01_8.0601.png seems unormal in ['l'] with multi boxes detected while no overlapping
s06_mixer_grab_01_8.0229.png seems unormal in ['l'] with multi boxes detected while no overlapping
s06_mixer_grab_01_8.0679.png seems unormal in ['l'] with multi boxes detected while no overlapping
s06_mixer_grab_01_8.0614.png seems unormal in ['l'] with multi boxes detected while no overlapping
s06_mixer_grab_01_8.0586.png seems unormal in ['l'] with multi boxes detected while no overlapping
s06_mixer_grab_01_8 done
s08_mixer_use_01_4 save mode is ln
s08_mixer_use_01_4 done
s07_espressomachine_use_01_6 save mode is direct
removed dir logs/3558f1342/masked_render/s07_espressomachine_use_01_6/gt_mesh_l/images/crop_image
removed dir logs/3558f1342/masked_render/s07_espressomachine_use_01_6/gt_mesh_r/images/crop_image
removed dir logs/3558f1342/masked_render/s07_espressomachine_use_01_6/gt_mesh_obj/images/crop_image
s07_espressomachine_use_01_6.0598.png seems unormal in ['r'] with multi boxes detected while no overlapping
s07_espressomachine_use_01_6 done
s06_waffleiron_use_03_6 save mode is direct
s06_waffleiron_use_03_6.0551.png seems unormal in ['l'] with multi boxes detected while no overlapping
s06_waffleiron_use_03_6.0011.png seems unormal in ['l'] with multi boxes detected while no overlapping
s06_waffleiron_use_03_6 done
s07_espressomachine_use_02_8 save mode is ln
s07_espressomachine_use_02_8 done
s09_capsulemachine_use_01_8 save mode is direct
s09_capsulemachine_use_01_8 done
s01_laptop_use_04_5 save mode is direct
s01_laptop_use_04_5 done
s07_phone_grab_01_7 save mode is ln
s07_phone_grab_01_7 done
s07_waffleiron_use_01_6 save mode is direct
s07_waffleiron_use_01_6.0013.png seems unormal in ['r'] with multi boxes detected while no overlapping
s07_waffleiron_use_01_6 done
s10_phone_use_02_4 save mode is ln
s10_phone_use_02_4.0023.png seems unormal in ['l'] with multi boxes detected while no overlapping
s10_phone_use_02_4.0756.png seems unormal in ['l'] with multi boxes detected while no overlapping
s10_phone_use_02_4 done
s06_phone_use_01_4 save mode is ln
s06_phone_use_01_4 done
s01_capsulemachine_use_02_7 save mode is direct
s01_capsulemachine_use_02_7 done
s01_notebook_use_02_5 save mode is ln
s01_notebook_use_02_5 done
s10_notebook_use_02_7 save mode is ln
s10_notebook_use_02_7 done
s05_capsulemachine_use_01_6 save mode is ln
s05_capsulemachine_use_01_6 done
s06_waffleiron_use_04_7 save mode is direct
s06_waffleiron_use_04_7 done
s05_mixer_use_02_1 save mode is direct
s05_mixer_use_02_1 done
s01_laptop_grab_01_6 finished
s09_capsulemachine_use_03_1 finished
s07_espressomachine_use_02_6 finished
s09_scissors_use_02_3 finished
s08_waffleiron_use_03_7 finished
s10_notebook_use_01_6 finished
s07_capsulemachine_use_02_5 finished
s07_mixer_grab_01_retake_4 finished
s10_ketchup_use_02_7 finished
s05_mixer_grab_01_8 finished
s07_ketchup_use_02_2 finished
s06_waffleiron_grab_01_retake_8 finished
s02_laptop_use_01_2 finished
s10_phone_grab_01_8 finished
s04_microwave_grab_01_8 finished
s10_mixer_use_01_3 finished
s06_ketchup_use_02_4 finished
s07_espressomachine_use_02_5 finished
s06_scissors_grab_01_6 finished
s02_waffleiron_use_02_1 finished
s05_microwave_use_02_8 finished
s02_capsulemachine_grab_01_1 finished
s05_phone_use_02_5 finished
s05_espressomachine_grab_01_8 finished
s05_espressomachine_use_02_2 finished
s07_phone_use_02_7 finished
s01_waffleiron_grab_01_7 finished
s06_box_use_01_6 finished
s01_phone_use_02_4 finished
s10_box_use_02_4 finished
s05_notebook_grab_01_2 finished
s07_laptop_grab_01_5 finished
s06_laptop_use_02_retake_2 finished
s01_waffleiron_use_01_2 finished
s06_notebook_grab_01_1 finished
s06_notebook_use_02_2 finished
s09_laptop_use_03_1 finished
s06_notebook_grab_01_2 finished
s04_mixer_use_02_4 finished
s02_laptop_use_01_8 finished
s01_espressomachine_use_01_4 finished
s01_scissors_grab_01_6 finished
s07_waffleiron_use_01_8 finished
s01_scissors_use_02_6 finished
s08_ketchup_use_03_7 finished
s06_microwave_use_01_7 finished
s08_mixer_use_03_5 finished
s05_box_grab_01_4 finished
s06_espressomachine_grab_01_5 finished
s08_box_use_04_1 finished
s06_mixer_grab_01_8 finished
s08_mixer_use_01_4 finished
s07_espressomachine_use_01_6 finished
s06_waffleiron_use_03_6 finished
s07_espressomachine_use_02_8 finished
s09_capsulemachine_use_01_8 finished
s01_laptop_use_04_5 finished
s07_phone_grab_01_7 finished
s07_waffleiron_use_01_6 finished
s10_phone_use_02_4 finished
s06_phone_use_01_4 finished
s01_capsulemachine_use_02_7 finished
s01_notebook_use_02_5 finished
s10_notebook_use_02_7 finished
s05_capsulemachine_use_01_6 finished
s06_waffleiron_use_04_7 finished
s05_mixer_use_02_1 finished
