s07_phone_use_02_5 save mode is ln
s04_microwave_grab_01_6 save mode is ln
s04_microwave_grab_01_6.0014.png seems unormal in ['l'] with multi boxes detected while no overlapping
s04_microwave_grab_01_6 done
s01_notebook_use_02_7 save mode is direct
s01_notebook_use_02_7 done
s05_phone_grab_01_4 save mode is direct
s05_phone_grab_01_4.0360.png seems unormal in ['l'] with multi boxes detected while no overlapping
s05_phone_grab_01_4 done
s05_espressomachine_use_02_4 save mode is direct
s05_espressomachine_use_02_4 done
s09_capsulemachine_use_04_6 save mode is direct
s09_capsulemachine_use_04_6 done
s02_espressomachine_use_02_8 save mode is ln
s02_espressomachine_use_02_8 done
s08_laptop_use_04_3 save mode is direct
s08_laptop_use_04_3 done
s06_microwave_use_01_1 save mode is ln
s06_microwave_use_01_1 done
s01_mixer_use_01_1 save mode is direct
s01_mixer_use_01_1 done
s01_laptop_use_03_5 save mode is direct
s01_laptop_use_03_5 done
s02_ketchup_use_04_7 save mode is ln
s02_ketchup_use_04_7 done
s07_laptop_grab_01_3 save mode is ln
s07_laptop_grab_01_3 done
s04_mixer_grab_01_8 save mode is direct
s04_mixer_grab_01_8 done
s09_microwave_use_04_2 save mode is ln
s09_microwave_use_04_2 done
s04_ketchup_use_02_1 save mode is direct
s04_ketchup_use_02_1.0027.png seems unormal in ['r'] with multi boxes detected while no overlapping
s04_ketchup_use_02_1 done
s08_ketchup_use_03_6 save mode is ln
s08_ketchup_use_03_6 done
s06_mixer_use_01_4 save mode is direct
s06_mixer_use_01_4.0019.png seems unormal in ['r'] with multi boxes detected while no overlapping
s06_mixer_use_01_4.0785.png seems unormal in ['r'] with multi boxes detected while no overlapping
s06_mixer_use_01_4 done
s06_ketchup_grab_01_retake2_1 save mode is direct
s06_ketchup_grab_01_retake2_1.0490.png seems unormal in ['r'] with multi boxes detected while no overlapping
s06_ketchup_grab_01_retake2_1.0351.png seems unormal in ['r'] with multi boxes detected while no overlapping
s06_ketchup_grab_01_retake2_1 done
s02_ketchup_grab_01_5 save mode is direct
s02_ketchup_grab_01_5 done
s01_mixer_use_02_6 save mode is direct
s01_mixer_use_02_6 done
s02_phone_use_02_8 save mode is direct
s02_phone_use_02_8.0021.png seems unormal in ['r'] with multi boxes detected while no overlapping
s02_phone_use_02_8 done
s09_mixer_use_02_2 save mode is direct
s09_mixer_use_02_2 done
s08_ketchup_use_01_8 save mode is direct
s08_ketchup_use_01_8 done
s06_scissors_use_01_2 save mode is direct
s06_scissors_use_01_2 done
s06_capsulemachine_use_01_6 save mode is direct
s06_capsulemachine_use_01_6 done
s02_capsulemachine_use_01_1 save mode is ln
s02_capsulemachine_use_01_1 done
s09_mixer_use_02_6 save mode is ln
s09_mixer_use_02_6 done
s05_phone_use_03_5 save mode is direct
s05_phone_use_03_5 done
s07_laptop_use_01_5 save mode is direct
s07_laptop_use_01_5 done
s06_ketchup_use_01_8 save mode is direct
s06_ketchup_use_01_8.0004.png seems unormal in ['l'] with multi boxes detected while no overlapping
s06_ketchup_use_01_8 done
s05_mixer_use_01_4 save mode is direct
s05_mixer_use_01_4 done
s05_waffleiron_use_02_3 save mode is ln
s05_waffleiron_use_02_3 done
s04_laptop_use_01_3 save mode is direct
s04_laptop_use_01_3 done
s01_microwave_use_02_8 save mode is direct
s01_microwave_use_02_8 done
s08_capsulemachine_use_04_7 save mode is direct
s08_capsulemachine_use_04_7 done
s06_phone_grab_01_1 save mode is direct
s06_phone_grab_01_1 done
s10_ketchup_use_02_1 save mode is direct
s10_ketchup_use_02_1 done
s09_microwave_use_04_7 save mode is direct
s09_microwave_use_04_7 done
s08_ketchup_use_01_6 save mode is direct
s08_ketchup_use_01_6.0492.png seems unormal in ['l'] with multi boxes detected while no overlapping
s08_ketchup_use_01_6 done
s08_espressomachine_use_01_4 save mode is ln
s08_espressomachine_use_01_4 done
s02_microwave_use_02_1 save mode is direct
s02_microwave_use_02_1 done
s07_box_grab_01_8 save mode is direct
removed dir logs/3558f1342/masked_render/s07_box_grab_01_8/gt_mesh_l/images/crop_image
removed dir logs/3558f1342/masked_render/s07_box_grab_01_8/gt_mesh_r/images/crop_image
removed dir logs/3558f1342/masked_render/s07_box_grab_01_8/gt_mesh_obj/images/crop_image
s07_box_grab_01_8 done
s10_capsulemachine_use_01_5 save mode is direct
removed dir logs/3558f1342/masked_render/s10_capsulemachine_use_01_5/gt_mesh_l/images/crop_image
removed dir logs/3558f1342/masked_render/s10_capsulemachine_use_01_5/gt_mesh_r/images/crop_image
removed dir logs/3558f1342/masked_render/s10_capsulemachine_use_01_5/gt_mesh_obj/images/crop_image
s10_capsulemachine_use_01_5 done
s02_notebook_use_02_5 save mode is ln
s02_notebook_use_02_5 done
s02_capsulemachine_use_02_4 save mode is ln
s02_capsulemachine_use_02_4.0532.png seems unormal in ['r'] with multi boxes detected while no overlapping
s02_capsulemachine_use_02_4 done
s04_box_use_02_6 save mode is ln
s04_box_use_02_6.0611.png seems unormal in ['r'] with multi boxes detected while no overlapping
s04_box_use_02_6 done
s07_espressomachine_use_02_1 save mode is direct
s07_espressomachine_use_02_1 done
s09_mixer_use_03_8 save mode is direct
s09_mixer_use_03_8.0030.png seems unormal in ['l'] with multi boxes detected while no overlapping
s09_mixer_use_03_8 done
s09_mixer_use_04_2 save mode is ln
s09_mixer_use_04_2 done
s02_ketchup_grab_01_1 save mode is ln
s02_ketchup_grab_01_1 done
s05_scissors_use_02_6 save mode is direct
s05_scissors_use_02_6 done
s06_box_use_01_4 save mode is direct
s06_box_use_01_4 done
s06_notebook_use_01_1 save mode is direct
s06_notebook_use_01_1 done
s09_microwave_use_04_5 save mode is direct
s09_microwave_use_04_5.0564.png seems unormal in ['l'] with multi boxes detected while no overlapping
s09_microwave_use_04_5 done
s01_laptop_use_02_2 save mode is direct
s01_laptop_use_02_2 done
s04_microwave_use_01_2 save mode is ln
s04_microwave_use_01_2 done
s02_box_grab_01_3 save mode is direct
s02_box_grab_01_3 done
s02_capsulemachine_use_01_7 save mode is ln
s02_capsulemachine_use_01_7 done
s04_capsulemachine_use_02_7 save mode is ln
s04_capsulemachine_use_02_7 done
s01_capsulemachine_grab_01_4 save mode is direct
s01_capsulemachine_grab_01_4.0375.png seems unormal in ['r'] with multi boxes detected while no overlapping
s01_capsulemachine_grab_01_4.0494.png seems unormal in ['r'] with multi boxes detected while no overlapping
s01_capsulemachine_grab_01_4.0023.png seems unormal in ['r'] with multi boxes detected while no overlapping
s01_capsulemachine_grab_01_4 done
s01_mixer_use_02_4 save mode is direct
s01_mixer_use_02_4 done
s07_mixer_use_01_6 save mode is ln
s07_mixer_use_01_6.0019.png seems unormal in ['l'] with multi boxes detected while no overlapping
s07_mixer_use_01_6 done
s05_phone_grab_01_3 save mode is ln
s05_phone_grab_01_3 done
s09_laptop_use_02_7 save mode is direct
s09_laptop_use_02_7 done
s01_ketchup_grab_01_1 save mode is ln
removed dir logs/3558f1342/masked_render/s01_ketchup_grab_01_1/gt_mesh_l/images/crop_image
removed dir logs/3558f1342/masked_render/s01_ketchup_grab_01_1/gt_mesh_r/images/crop_image
removed dir logs/3558f1342/masked_render/s01_ketchup_grab_01_1/gt_mesh_obj/images/crop_image
s01_ketchup_grab_01_1.0589.png seems unormal in ['r'] with multi boxes detected while no overlapping
s01_ketchup_grab_01_1 done
s05_phone_use_04_3 save mode is ln
s05_phone_use_04_3 done
s07_phone_use_02_5 finished
s04_microwave_grab_01_6 finished
s01_notebook_use_02_7 finished
s05_phone_grab_01_4 finished
s05_espressomachine_use_02_4 finished
s09_capsulemachine_use_04_6 finished
s02_espressomachine_use_02_8 finished
s08_laptop_use_04_3 finished
s06_microwave_use_01_1 finished
s01_mixer_use_01_1 finished
s01_laptop_use_03_5 finished
s02_ketchup_use_04_7 finished
s07_laptop_grab_01_3 finished
s04_mixer_grab_01_8 finished
s09_microwave_use_04_2 finished
s04_ketchup_use_02_1 finished
s08_ketchup_use_03_6 finished
s06_mixer_use_01_4 finished
s06_ketchup_grab_01_retake2_1 finished
s02_ketchup_grab_01_5 finished
s01_mixer_use_02_6 finished
s02_phone_use_02_8 finished
s09_mixer_use_02_2 finished
s08_ketchup_use_01_8 finished
s06_scissors_use_01_2 finished
s06_capsulemachine_use_01_6 finished
s02_capsulemachine_use_01_1 finished
s09_mixer_use_02_6 finished
s05_phone_use_03_5 finished
s07_laptop_use_01_5 finished
s06_ketchup_use_01_8 finished
s05_mixer_use_01_4 finished
s05_waffleiron_use_02_3 finished
s04_laptop_use_01_3 finished
s01_microwave_use_02_8 finished
s08_capsulemachine_use_04_7 finished
s06_phone_grab_01_1 finished
s10_ketchup_use_02_1 finished
s09_microwave_use_04_7 finished
s08_ketchup_use_01_6 finished
s08_espressomachine_use_01_4 finished
s02_microwave_use_02_1 finished
s07_box_grab_01_8 finished
s10_capsulemachine_use_01_5 finished
s02_notebook_use_02_5 finished
s02_capsulemachine_use_02_4 finished
s04_box_use_02_6 finished
s07_espressomachine_use_02_1 finished
s09_mixer_use_03_8 finished
s09_mixer_use_04_2 finished
s02_ketchup_grab_01_1 finished
s05_scissors_use_02_6 finished
s06_box_use_01_4 finished
s06_notebook_use_01_1 finished
s09_microwave_use_04_5 finished
s01_laptop_use_02_2 finished
s04_microwave_use_01_2 finished
s02_box_grab_01_3 finished
s02_capsulemachine_use_01_7 finished
s04_capsulemachine_use_02_7 finished
s01_capsulemachine_grab_01_4 finished
s01_mixer_use_02_4 finished
s07_mixer_use_01_6 finished
s05_phone_grab_01_3 finished
s09_laptop_use_02_7 finished
s01_ketchup_grab_01_1 finished
s05_phone_use_04_3 finished
