s09_espressomachine_use_01_6 save mode is direct
s09_espressomachine_use_01_6.0008.png seems unormal in ['l'] with multi boxes detected while no overlapping
s02_capsulemachine_grab_01_8 save mode is direct
s01_notebook_use_02_6 save mode is direct
s01_notebook_use_02_6 done
s06_capsulemachine_use_02_3 save mode is ln
s06_capsulemachine_use_02_3 done
s04_phone_grab_01_1 save mode is ln
s04_phone_grab_01_1 done
s08_laptop_use_01_8 save mode is ln
s08_laptop_use_01_8 done
s06_mixer_grab_01_2 save mode is ln
s06_mixer_grab_01_2 done
s04_waffleiron_use_01_4 save mode is ln
s04_waffleiron_use_01_4 done
s01_mixer_use_01_4 save mode is ln
s01_mixer_use_01_4.0030.png seems unormal in ['r'] with multi boxes detected while no overlapping
s01_mixer_use_01_4 done
s08_box_use_01_2 save mode is direct
s08_box_use_01_2 done
s05_phone_use_01_5 save mode is ln
s05_phone_use_01_5 done
s07_espressomachine_grab_01_8 save mode is direct
s07_espressomachine_grab_01_8.0024.png seems unormal in ['r'] with multi boxes detected while no overlapping
s07_espressomachine_grab_01_8 done
s04_mixer_grab_01_2 save mode is direct
s04_mixer_grab_01_2 done
s07_mixer_use_01_5 save mode is direct
s07_mixer_use_01_5.0020.png seems unormal in ['l'] with multi boxes detected while no overlapping
s07_mixer_use_01_5.0021.png seems unormal in ['l'] with multi boxes detected while no overlapping
s07_mixer_use_01_5 done
s10_espressomachine_use_02_4 save mode is direct
s10_espressomachine_use_02_4 done
s06_phone_use_02_7 save mode is ln
s06_phone_use_02_7 done
s10_laptop_use_01_5 save mode is direct
s10_laptop_use_01_5 done
s07_laptop_grab_01_8 save mode is direct
s07_laptop_grab_01_8 done
s02_microwave_grab_01_6 save mode is direct
s02_microwave_grab_01_6.0253.png seems unormal in ['r'] with multi boxes detected while no overlapping
s02_microwave_grab_01_6.0140.png seems unormal in ['l'] with multi boxes detected while no overlapping
s02_microwave_grab_01_6.0141.png seems unormal in ['l'] with multi boxes detected while no overlapping
s02_microwave_grab_01_6.0257.png seems unormal in ['r'] with multi boxes detected while no overlapping
s02_microwave_grab_01_6.0139.png seems unormal in ['l'] with multi boxes detected while no overlapping
s02_microwave_grab_01_6.0255.png seems unormal in ['r'] with multi boxes detected while no overlapping
s02_microwave_grab_01_6.0361.png seems unormal in ['r'] with multi boxes detected while no overlapping
s02_microwave_grab_01_6.0516.png seems unormal in ['r'] with multi boxes detected while no overlapping
s02_microwave_grab_01_6.0144.png seems unormal in ['r'] with multi boxes detected while no overlapping
s02_microwave_grab_01_6.0132.png seems unormal in ['l'] with multi boxes detected while no overlapping
s02_microwave_grab_01_6.0256.png seems unormal in ['r'] with multi boxes detected while no overlapping
s02_microwave_grab_01_6.0130.png seems unormal in ['l', 'r'] with multi boxes detected while no overlapping
s02_microwave_grab_01_6.0131.png seems unormal in ['l'] with multi boxes detected while no overlapping
s02_microwave_grab_01_6.0254.png seems unormal in ['r'] with multi boxes detected while no overlapping
s02_microwave_grab_01_6.0258.png seems unormal in ['r'] with multi boxes detected while no overlapping
s02_microwave_grab_01_6 done
s09_microwave_use_02_3 save mode is direct
s09_microwave_use_02_3.0006.png seems unormal in ['r'] with multi boxes detected while no overlapping
s09_microwave_use_02_3 done
s06_espressomachine_grab_01_8 save mode is direct
s06_espressomachine_grab_01_8.0403.png seems unormal in ['l'] with multi boxes detected while no overlapping
s06_espressomachine_grab_01_8.0306.png seems unormal in ['l'] with multi boxes detected while no overlapping
s06_espressomachine_grab_01_8.0305.png seems unormal in ['l'] with multi boxes detected while no overlapping
s06_espressomachine_grab_01_8.0404.png seems unormal in ['l'] with multi boxes detected while no overlapping
s06_espressomachine_grab_01_8.0105.png seems unormal in ['l'] with multi boxes detected while no overlapping
s06_espressomachine_grab_01_8.0595.png seems unormal in ['l'] with multi boxes detected while no overlapping
s06_espressomachine_grab_01_8 done
s09_capsulemachine_use_01_3 save mode is direct
s09_capsulemachine_use_01_3 done
s05_ketchup_grab_01_5 save mode is direct
s05_ketchup_grab_01_5 done
s06_waffleiron_use_01_8 save mode is ln
s06_waffleiron_use_01_8 done
s04_laptop_use_02_3 save mode is ln
s04_laptop_use_02_3 done
s06_laptop_use_02_retake_5 save mode is ln
s06_laptop_use_02_retake_5 done
s10_phone_use_02_6 save mode is direct
removed dir logs/3558f1342/masked_render/s10_phone_use_02_6/gt_mesh_l/images/crop_image
removed dir logs/3558f1342/masked_render/s10_phone_use_02_6/gt_mesh_r/images/crop_image
removed dir logs/3558f1342/masked_render/s10_phone_use_02_6/gt_mesh_obj/images/crop_image
s10_phone_use_02_6.0196.png seems unormal in ['l'] with multi boxes detected while no overlapping
s10_phone_use_02_6 done
s09_ketchup_use_03_5 save mode is ln
s09_ketchup_use_03_5.0025.png seems unormal in ['l'] with multi boxes detected while no overlapping
s09_ketchup_use_03_5 done
s02_espressomachine_use_02_7 save mode is ln
s02_espressomachine_use_02_7 done
s09_scissors_use_04_3 save mode is ln
s09_scissors_use_04_3 done
s07_capsulemachine_use_02_4 save mode is direct
s07_capsulemachine_use_02_4.0712.png seems unormal in ['r'] with multi boxes detected while no overlapping
s07_capsulemachine_use_02_4 done
s06_waffleiron_use_01_7 save mode is ln
s06_waffleiron_use_01_7 done
s01_waffleiron_use_02_7 save mode is ln
s01_waffleiron_use_02_7 done
s07_phone_use_02_6 save mode is ln
s07_phone_use_02_6.0043.png seems unormal in ['l'] with multi boxes detected while no overlapping
s07_phone_use_02_6.0044.png seems unormal in ['l'] with multi boxes detected while no overlapping
s07_phone_use_02_6.0039.png seems unormal in ['l'] with multi boxes detected while no overlapping
s07_phone_use_02_6 done
s04_scissors_use_02_6 save mode is direct
s04_scissors_use_02_6 done
s08_laptop_use_03_4 save mode is direct
s08_laptop_use_03_4 done
s05_notebook_use_01_4 save mode is ln
s05_notebook_use_01_4.0020.png seems unormal in ['r'] with multi boxes detected while no overlapping
s05_notebook_use_01_4 done
s10_box_use_01_7 save mode is ln
s10_box_use_01_7 done
s09_microwave_use_04_4 save mode is direct
s09_microwave_use_04_4.0008.png seems unormal in ['r'] with multi boxes detected while no overlapping
s09_microwave_use_04_4 done
s06_phone_grab_01_5 save mode is direct
s06_phone_grab_01_5.0321.png seems unormal in ['l'] with multi boxes detected while no overlapping
s06_phone_grab_01_5.0320.png seems unormal in ['l'] with multi boxes detected while no overlapping
s06_phone_grab_01_5.0102.png seems unormal in ['r'] with multi boxes detected while no overlapping
s06_phone_grab_01_5 done
s09_capsulemachine_use_03_4 save mode is direct
s09_capsulemachine_use_03_4 done
s09_microwave_use_04_3 save mode is direct
s09_microwave_use_04_3 done
s02_scissors_grab_01_4 save mode is direct
s02_scissors_grab_01_4 done
s06_espressomachine_use_02_2 save mode is direct
s06_espressomachine_use_02_2 done
s01_mixer_use_01_5 save mode is direct
s01_mixer_use_01_5.0026.png seems unormal in ['l'] with multi boxes detected while no overlapping
s01_mixer_use_01_5 done
s02_box_use_02_8 save mode is direct
s02_box_use_02_8 done
s07_scissors_use_02_1 save mode is ln
s07_scissors_use_02_1 done
s08_espressomachine_use_02_8 save mode is direct
s08_espressomachine_use_02_8 done
s08_laptop_use_02_5 save mode is ln
s08_laptop_use_02_5 done
s01_laptop_use_03_7 save mode is ln
s01_laptop_use_03_7 done
s04_ketchup_use_02_8 save mode is direct
s04_ketchup_use_02_8 done
s08_phone_use_04_1 save mode is direct
s08_phone_use_04_1 done
s05_box_grab_01_6 save mode is ln
removed dir logs/3558f1342/masked_render/s05_box_grab_01_6/gt_mesh_l/images/crop_image
removed dir logs/3558f1342/masked_render/s05_box_grab_01_6/gt_mesh_r/images/crop_image
removed dir logs/3558f1342/masked_render/s05_box_grab_01_6/gt_mesh_obj/images/crop_image
s05_box_grab_01_6 done
s06_ketchup_use_01_7 save mode is direct
s06_ketchup_use_01_7.0226.png seems unormal in ['l'] with multi boxes detected while no overlapping
s06_ketchup_use_01_7.0471.png seems unormal in ['l'] with multi boxes detected while no overlapping
s06_ketchup_use_01_7 done
s05_scissors_use_01_retake_4 save mode is ln
s05_scissors_use_01_retake_4.0156.png seems unormal in ['l'] with multi boxes detected while no overlapping
s05_scissors_use_01_retake_4 done
s06_espressomachine_use_03_3 save mode is ln
s06_espressomachine_use_03_3.0002.png seems unormal in ['r'] with multi boxes detected while no overlapping
s06_espressomachine_use_03_3 done
s01_laptop_use_04_2 save mode is direct
s01_laptop_use_04_2 done
s06_box_use_02_6 save mode is ln
s06_box_use_02_6 done
s01_box_grab_01_4 save mode is direct
s01_box_grab_01_4 done
s01_phone_grab_01_1 save mode is ln
s01_phone_grab_01_1 done
s05_capsulemachine_use_02_7 save mode is direct
s05_capsulemachine_use_02_7.0019.png seems unormal in ['r'] with multi boxes detected while no overlapping
s05_capsulemachine_use_02_7 done
s08_capsulemachine_use_03_4 save mode is direct
s08_capsulemachine_use_03_4 done
s06_waffleiron_use_01_2 save mode is ln
s06_waffleiron_use_01_2 done
s05_laptop_grab_01_3 save mode is ln
s05_laptop_grab_01_3.0543.png seems unormal in ['l'] with multi boxes detected while no overlapping
s05_laptop_grab_01_3 done
s04_espressomachine_grab_01_8 save mode is ln
s04_espressomachine_grab_01_8.0022.png seems unormal in ['l'] with multi boxes detected while no overlapping
s04_espressomachine_grab_01_8.0697.png seems unormal in ['r'] with multi boxes detected while no overlapping
s04_espressomachine_grab_01_8.0689.png seems unormal in ['l'] with multi boxes detected while no overlapping
s04_espressomachine_grab_01_8 done
s05_espressomachine_use_01_5 save mode is direct
s05_espressomachine_use_01_5 done
s01_laptop_grab_01_3 save mode is ln
s01_laptop_grab_01_3 done
s09_espressomachine_use_01_6 finished
s02_capsulemachine_grab_01_8 finished
s01_notebook_use_02_6 finished
s06_capsulemachine_use_02_3 finished
s04_phone_grab_01_1 finished
s08_laptop_use_01_8 finished
s06_mixer_grab_01_2 finished
s04_waffleiron_use_01_4 finished
s01_mixer_use_01_4 finished
s08_box_use_01_2 finished
s05_phone_use_01_5 finished
s07_espressomachine_grab_01_8 finished
s04_mixer_grab_01_2 finished
s07_mixer_use_01_5 finished
s10_espressomachine_use_02_4 finished
s06_phone_use_02_7 finished
s10_laptop_use_01_5 finished
s07_laptop_grab_01_8 finished
s02_microwave_grab_01_6 finished
s09_microwave_use_02_3 finished
s06_espressomachine_grab_01_8 finished
s09_capsulemachine_use_01_3 finished
s05_ketchup_grab_01_5 finished
s06_waffleiron_use_01_8 finished
s04_laptop_use_02_3 finished
s06_laptop_use_02_retake_5 finished
s10_phone_use_02_6 finished
s09_ketchup_use_03_5 finished
s02_espressomachine_use_02_7 finished
s09_scissors_use_04_3 finished
s07_capsulemachine_use_02_4 finished
s06_waffleiron_use_01_7 finished
s01_waffleiron_use_02_7 finished
s07_phone_use_02_6 finished
s04_scissors_use_02_6 finished
s08_laptop_use_03_4 finished
s05_notebook_use_01_4 finished
s10_box_use_01_7 finished
s09_microwave_use_04_4 finished
s06_phone_grab_01_5 finished
s09_capsulemachine_use_03_4 finished
s09_microwave_use_04_3 finished
s02_scissors_grab_01_4 finished
s06_espressomachine_use_02_2 finished
s01_mixer_use_01_5 finished
s02_box_use_02_8 finished
s07_scissors_use_02_1 finished
s08_espressomachine_use_02_8 finished
s08_laptop_use_02_5 finished
s01_laptop_use_03_7 finished
s04_ketchup_use_02_8 finished
s08_phone_use_04_1 finished
s05_box_grab_01_6 finished
s06_ketchup_use_01_7 finished
s05_scissors_use_01_retake_4 finished
s06_espressomachine_use_03_3 finished
s01_laptop_use_04_2 finished
s06_box_use_02_6 finished
s01_box_grab_01_4 finished
s01_phone_grab_01_1 finished
s05_capsulemachine_use_02_7 finished
s08_capsulemachine_use_03_4 finished
s06_waffleiron_use_01_2 finished
s05_laptop_grab_01_3 finished
s04_espressomachine_grab_01_8 finished
s05_espressomachine_use_01_5 finished
s01_laptop_grab_01_3 finished
