s01_scissors_grab_01_3 save mode is ln
s01_scissors_use_01_5 save mode is direct
s07_waffleiron_grab_01_7 save mode is direct
s07_waffleiron_grab_01_7.0762.png seems unormal in ['l'] with multi boxes detected while no overlapping
s07_waffleiron_grab_01_7 done
s02_capsulemachine_grab_01_7 save mode is direct
s02_capsulemachine_grab_01_7 done
s08_box_use_01_8 save mode is direct
s08_box_use_01_8 done
s10_ketchup_grab_01_1 save mode is direct
s10_ketchup_grab_01_1 done
s06_waffleiron_use_02_8 save mode is ln
s06_waffleiron_use_02_8 done
s08_microwave_use_01_8 save mode is direct
s08_microwave_use_01_8 done
s05_ketchup_grab_01_2 save mode is direct
s05_ketchup_grab_01_2 done
s08_microwave_use_04_3 save mode is direct
s08_microwave_use_04_3 done
s10_ketchup_use_02_5 save mode is direct
s10_ketchup_use_02_5.0522.png seems unormal in ['l'] with multi boxes detected while no overlapping
s10_ketchup_use_02_5 done
s04_laptop_grab_01_8 save mode is ln
s04_laptop_grab_01_8.0023.png seems unormal in ['l'] with multi boxes detected while no overlapping
s04_laptop_grab_01_8 done
s08_capsulemachine_use_04_8 save mode is ln
s08_capsulemachine_use_04_8 done
s10_mixer_use_01_5 save mode is direct
s10_mixer_use_01_5.0764.png seems unormal in ['l'] with multi boxes detected while no overlapping
s10_mixer_use_01_5 done
s01_scissors_grab_01_1 save mode is ln
s01_scissors_grab_01_1 done
s06_mixer_use_02_2 save mode is ln
s06_mixer_use_02_2 done
s02_mixer_use_03_8 save mode is ln
s02_mixer_use_03_8 done
s06_ketchup_use_02_1 save mode is ln
s06_ketchup_use_02_1.0521.png seems unormal in ['r'] with multi boxes detected while no overlapping
s06_ketchup_use_02_1.0686.png seems unormal in ['r'] with multi boxes detected while no overlapping
s06_ketchup_use_02_1.0522.png seems unormal in ['r'] with multi boxes detected while no overlapping
s06_ketchup_use_02_1.0523.png seems unormal in ['r'] with multi boxes detected while no overlapping
s06_ketchup_use_02_1.0688.png seems unormal in ['r'] with multi boxes detected while no overlapping
s06_ketchup_use_02_1.0687.png seems unormal in ['r'] with multi boxes detected while no overlapping
s06_ketchup_use_02_1.0524.png seems unormal in ['r'] with multi boxes detected while no overlapping
s06_ketchup_use_02_1 done
s02_scissors_use_02_1 save mode is ln
s02_scissors_use_02_1 done
s06_mixer_use_01_8 save mode is ln
s06_mixer_use_01_8 done
s10_waffleiron_use_02_4 save mode is ln
s10_waffleiron_use_02_4 done
s01_laptop_use_01_6 save mode is ln
s01_laptop_use_01_6 done
s01_mixer_grab_01_8 save mode is direct
s01_mixer_grab_01_8.0322.png seems unormal in ['l'] with multi boxes detected while no overlapping
s01_mixer_grab_01_8 done
s05_notebook_grab_01_8 save mode is ln
s05_notebook_grab_01_8 done
s06_box_use_04_6 save mode is direct
s06_box_use_04_6 done
s06_notebook_grab_01_4 save mode is ln
s06_notebook_grab_01_4.0154.png seems unormal in ['r'] with multi boxes detected while no overlapping
s06_notebook_grab_01_4.0155.png seems unormal in ['r'] with multi boxes detected while no overlapping
s06_notebook_grab_01_4 done
s07_ketchup_use_02_6 save mode is direct
s07_ketchup_use_02_6.0012.png seems unormal in ['l'] with multi boxes detected while no overlapping
s07_ketchup_use_02_6 done
s06_mixer_grab_01_7 save mode is ln
s06_mixer_grab_01_7 done
s05_espressomachine_grab_01_3 save mode is direct
s05_espressomachine_grab_01_3.0825.png seems unormal in ['r'] with multi boxes detected while no overlapping
s05_espressomachine_grab_01_3 done
s04_box_grab_01_1 save mode is ln
s04_box_grab_01_1 done
s05_waffleiron_use_02_4 save mode is ln
s05_waffleiron_use_02_4 done
s06_waffleiron_use_04_6 save mode is direct
s06_waffleiron_use_04_6 done
s05_laptop_grab_01_6 save mode is ln
s05_laptop_grab_01_6 done
s05_laptop_use_01_6 save mode is direct
s05_laptop_use_01_6 done
s08_notebook_use_01_6 save mode is direct
s08_notebook_use_01_6 done
s01_laptop_use_01_3 save mode is direct
s01_laptop_use_01_3 done
s08_phone_use_01_5 save mode is direct
s08_phone_use_01_5 done
s06_notebook_use_02_1 save mode is direct
s06_notebook_use_02_1 done
s05_espressomachine_use_02_7 save mode is direct
s05_espressomachine_use_02_7.0475.png seems unormal in ['r'] with multi boxes detected while no overlapping
s05_espressomachine_use_02_7 done
s04_ketchup_grab_01_6 save mode is direct
s04_ketchup_grab_01_6.0873.png seems unormal in ['l'] with multi boxes detected while no overlapping
s04_ketchup_grab_01_6 done
s01_mixer_use_01_6 save mode is direct
s01_mixer_use_01_6 done
s02_scissors_grab_01_2 save mode is ln
s02_scissors_grab_01_2 done
s06_scissors_grab_01_8 save mode is direct
s06_scissors_grab_01_8 done
s10_box_use_02_7 save mode is ln
s10_box_use_02_7 done
s06_ketchup_grab_01_retake2_3 save mode is direct
s06_ketchup_grab_01_retake2_3.0027.png seems unormal in ['r'] with multi boxes detected while no overlapping
s06_ketchup_grab_01_retake2_3 done
s06_espressomachine_use_03_2 save mode is ln
s06_espressomachine_use_03_2 done
s08_ketchup_use_02_6 save mode is direct
s08_ketchup_use_02_6 done
s01_phone_grab_01_4 save mode is direct
s01_phone_grab_01_4 done
s07_mixer_grab_01_retake_8 save mode is ln
s07_mixer_grab_01_retake_8.0525.png seems unormal in ['l'] with multi boxes detected while no overlapping
s07_mixer_grab_01_retake_8.0047.png seems unormal in ['l'] with multi boxes detected while no overlapping
s07_mixer_grab_01_retake_8.0526.png seems unormal in ['l'] with multi boxes detected while no overlapping
s07_mixer_grab_01_retake_8.0481.png seems unormal in ['l'] with multi boxes detected while no overlapping
s07_mixer_grab_01_retake_8 done
s09_microwave_use_04_8 save mode is direct
s09_microwave_use_04_8 done
s06_scissors_grab_01_2 save mode is direct
s06_scissors_grab_01_2 done
s05_laptop_use_02_8 save mode is direct
s05_laptop_use_02_8 done
s02_scissors_grab_01_7 save mode is direct
s02_scissors_grab_01_7 done
s02_waffleiron_use_01_7 save mode is direct
s02_waffleiron_use_01_7 done
s01_phone_use_02_1 save mode is ln
s01_phone_use_02_1 done
s10_notebook_use_01_8 save mode is direct
s10_notebook_use_01_8.0815.png seems unormal in ['l'] with multi boxes detected while no overlapping
s10_notebook_use_01_8 done
s08_laptop_use_03_2 save mode is direct
s08_laptop_use_03_2 done
s01_scissors_grab_01_2 save mode is direct
s01_scissors_grab_01_2 done
s10_laptop_use_01_3 save mode is direct
s10_laptop_use_01_3 done
s10_scissors_use_02_5 save mode is direct
s10_scissors_use_02_5 done
s08_laptop_use_01_2 save mode is direct
s08_laptop_use_01_2 done
s09_mixer_use_03_1 save mode is direct
s09_mixer_use_03_1 done
s05_phone_use_02_7 save mode is ln
s05_phone_use_02_7.0017.png seems unormal in ['r'] with multi boxes detected while no overlapping
s05_phone_use_02_7.0015.png seems unormal in ['r'] with multi boxes detected while no overlapping
s05_phone_use_02_7.0628.png seems unormal in ['r'] with multi boxes detected while no overlapping
s05_phone_use_02_7.0018.png seems unormal in ['r'] with multi boxes detected while no overlapping
s05_phone_use_02_7.0016.png seems unormal in ['r'] with multi boxes detected while no overlapping
s05_phone_use_02_7 done
s09_notebook_use_02_4 save mode is direct
s09_notebook_use_02_4 done
s01_scissors_use_02_2 save mode is ln
s01_scissors_use_02_2 done
s04_laptop_use_02_5 save mode is direct
s04_laptop_use_02_5 done
s02_box_use_02_6 save mode is ln
s02_box_use_02_6 done
s01_scissors_grab_01_3 finished
s01_scissors_use_01_5 finished
s07_waffleiron_grab_01_7 finished
s02_capsulemachine_grab_01_7 finished
s08_box_use_01_8 finished
s10_ketchup_grab_01_1 finished
s06_waffleiron_use_02_8 finished
s08_microwave_use_01_8 finished
s05_ketchup_grab_01_2 finished
s08_microwave_use_04_3 finished
s10_ketchup_use_02_5 finished
s04_laptop_grab_01_8 finished
s08_capsulemachine_use_04_8 finished
s10_mixer_use_01_5 finished
s01_scissors_grab_01_1 finished
s06_mixer_use_02_2 finished
s02_mixer_use_03_8 finished
s06_ketchup_use_02_1 finished
s02_scissors_use_02_1 finished
s06_mixer_use_01_8 finished
s10_waffleiron_use_02_4 finished
s01_laptop_use_01_6 finished
s01_mixer_grab_01_8 finished
s05_notebook_grab_01_8 finished
s06_box_use_04_6 finished
s06_notebook_grab_01_4 finished
s07_ketchup_use_02_6 finished
s06_mixer_grab_01_7 finished
s05_espressomachine_grab_01_3 finished
s04_box_grab_01_1 finished
s05_waffleiron_use_02_4 finished
s06_waffleiron_use_04_6 finished
s05_laptop_grab_01_6 finished
s05_laptop_use_01_6 finished
s08_notebook_use_01_6 finished
s01_laptop_use_01_3 finished
s08_phone_use_01_5 finished
s06_notebook_use_02_1 finished
s05_espressomachine_use_02_7 finished
s04_ketchup_grab_01_6 finished
s01_mixer_use_01_6 finished
s02_scissors_grab_01_2 finished
s06_scissors_grab_01_8 finished
s10_box_use_02_7 finished
s06_ketchup_grab_01_retake2_3 finished
s06_espressomachine_use_03_2 finished
s08_ketchup_use_02_6 finished
s01_phone_grab_01_4 finished
s07_mixer_grab_01_retake_8 finished
s09_microwave_use_04_8 finished
s06_scissors_grab_01_2 finished
s05_laptop_use_02_8 finished
s02_scissors_grab_01_7 finished
s02_waffleiron_use_01_7 finished
s01_phone_use_02_1 finished
s10_notebook_use_01_8 finished
s08_laptop_use_03_2 finished
s01_scissors_grab_01_2 finished
s10_laptop_use_01_3 finished
s10_scissors_use_02_5 finished
s08_laptop_use_01_2 finished
s09_mixer_use_03_1 finished
s05_phone_use_02_7 finished
s09_notebook_use_02_4 finished
s01_scissors_use_02_2 finished
s04_laptop_use_02_5 finished
s02_box_use_02_6 finished
