s08_ketchup_use_04_6 save mode is ln
s08_notebook_use_03_2 save mode is direct
s02_waffleiron_use_02_8 save mode is direct
s02_waffleiron_use_02_8 done
s08_notebook_use_04_3 save mode is ln
s08_notebook_use_04_3 done
s05_scissors_use_01_retake_7 save mode is direct
s05_scissors_use_01_retake_7 done
s08_espressomachine_use_01_3 save mode is ln
s08_espressomachine_use_01_3 done
s01_scissors_use_01_8 save mode is direct
s01_scissors_use_01_8.0035.png seems unormal in ['l'] with multi boxes detected while no overlapping
s01_scissors_use_01_8 done
s10_notebook_use_01_4 save mode is direct
s10_notebook_use_01_4 done
s09_waffleiron_use_03_7 save mode is direct
s09_waffleiron_use_03_7.0021.png seems unormal in ['l'] with multi boxes detected while no overlapping
s09_waffleiron_use_03_7 done
s02_notebook_use_02_1 save mode is direct
s02_notebook_use_02_1 done
s09_capsulemachine_use_02_7 save mode is ln
s09_capsulemachine_use_02_7 done
s05_mixer_use_01_5 save mode is direct
s05_mixer_use_01_5 done
s02_notebook_use_02_3 save mode is ln
s02_notebook_use_02_3.0012.png seems unormal in ['r'] with multi boxes detected while no overlapping
s02_notebook_use_02_3 done
s05_microwave_grab_01_3 save mode is direct
s05_microwave_grab_01_3 done
s08_capsulemachine_use_03_1 save mode is direct
s08_capsulemachine_use_03_1 done
s06_waffleiron_use_03_2 save mode is direct
s06_waffleiron_use_03_2 done
s09_mixer_use_04_6 save mode is ln
s09_mixer_use_04_6 done
s05_box_use_02_2 save mode is ln
s05_box_use_02_2 done
s05_waffleiron_grab_01_4 save mode is direct
s05_waffleiron_grab_01_4.0387.png seems unormal in ['l'] with multi boxes detected while no overlapping
s05_waffleiron_grab_01_4.0016.png seems unormal in ['r'] with multi boxes detected while no overlapping
s05_waffleiron_grab_01_4 done
s04_capsulemachine_use_02_8 save mode is ln
s04_capsulemachine_use_02_8 done
s02_mixer_use_02_5 save mode is direct
s02_mixer_use_02_5 done
s01_phone_grab_01_5 save mode is direct
s01_phone_grab_01_5 done
s02_phone_use_02_4 save mode is direct
s02_phone_use_02_4 done
s09_espressomachine_use_01_5 save mode is direct
s09_espressomachine_use_01_5.0741.png seems unormal in ['r'] with multi boxes detected while no overlapping
s09_espressomachine_use_01_5 done
s10_ketchup_grab_01_3 save mode is ln
s10_ketchup_grab_01_3.0478.png seems unormal in ['r'] with multi boxes detected while no overlapping
s10_ketchup_grab_01_3 done
s02_mixer_use_03_1 save mode is direct
s02_mixer_use_03_1 done
s07_box_grab_01_7 save mode is ln
s07_box_grab_01_7 done
s01_capsulemachine_grab_01_5 save mode is ln
s01_capsulemachine_grab_01_5.0249.png seems unormal in ['r'] with multi boxes detected while no overlapping
s01_capsulemachine_grab_01_5.0459.png seems unormal in ['l'] with multi boxes detected while no overlapping
s01_capsulemachine_grab_01_5.0330.png seems unormal in ['l'] with multi boxes detected while no overlapping
s01_capsulemachine_grab_01_5.0120.png seems unormal in ['l'] with multi boxes detected while no overlapping
s01_capsulemachine_grab_01_5.0328.png seems unormal in ['l'] with multi boxes detected while no overlapping
s01_capsulemachine_grab_01_5.0119.png seems unormal in ['l'] with multi boxes detected while no overlapping
s01_capsulemachine_grab_01_5.0326.png seems unormal in ['l'] with multi boxes detected while no overlapping
s01_capsulemachine_grab_01_5.0329.png seems unormal in ['l'] with multi boxes detected while no overlapping
s01_capsulemachine_grab_01_5.0437.png seems unormal in ['l'] with multi boxes detected while no overlapping
s01_capsulemachine_grab_01_5.0327.png seems unormal in ['l'] with multi boxes detected while no overlapping
s01_capsulemachine_grab_01_5.0460.png seems unormal in ['l'] with multi boxes detected while no overlapping
s01_capsulemachine_grab_01_5.0297.png seems unormal in ['l'] with multi boxes detected while no overlapping
s01_capsulemachine_grab_01_5 done
s05_notebook_grab_01_1 save mode is direct
s05_notebook_grab_01_1 done
s06_phone_use_01_8 save mode is direct
s06_phone_use_01_8.0012.png seems unormal in ['r'] with multi boxes detected while no overlapping
s06_phone_use_01_8 done
s02_box_use_01_3 save mode is direct
s02_box_use_01_3 done
s08_microwave_use_02_4 save mode is direct
s08_microwave_use_02_4.0557.png seems unormal in ['r'] with multi boxes detected while no overlapping
s08_microwave_use_02_4 done
s05_mixer_use_01_1 save mode is direct
s05_mixer_use_01_1 done
s04_scissors_use_01_1 save mode is ln
s04_scissors_use_01_1 done
s07_waffleiron_use_02_4 save mode is direct
s07_waffleiron_use_02_4 done
s02_box_grab_01_7 save mode is ln
s02_box_grab_01_7 done
s04_phone_use_01_7 save mode is direct
s04_phone_use_01_7 done
s08_microwave_use_01_1 save mode is direct
s08_microwave_use_01_1 done
s08_scissors_use_03_2 save mode is ln
s08_scissors_use_03_2.0860.png seems unormal in ['r'] with multi boxes detected while no overlapping
s08_scissors_use_03_2 done
s09_laptop_use_01_1 save mode is ln
s09_laptop_use_01_1 done
s04_espressomachine_use_02_6 save mode is direct
s04_espressomachine_use_02_6 done
s09_waffleiron_use_03_1 save mode is direct
s09_waffleiron_use_03_1.0024.png seems unormal in ['r'] with multi boxes detected while no overlapping
s09_waffleiron_use_03_1 done
s07_ketchup_use_02_3 save mode is ln
s07_ketchup_use_02_3.0162.png seems unormal in ['r'] with multi boxes detected while no overlapping
s07_ketchup_use_02_3 done
s08_box_use_04_2 save mode is direct
s08_box_use_04_2 done
s09_capsulemachine_use_02_1 save mode is ln
s09_capsulemachine_use_02_1 done
s05_microwave_use_01_5 save mode is ln
s05_microwave_use_01_5 done
s10_ketchup_grab_01_2 save mode is ln
s10_ketchup_grab_01_2 done
s09_espressomachine_use_03_2 save mode is direct
s09_espressomachine_use_03_2 done
s02_ketchup_use_01_1 save mode is ln
s02_ketchup_use_01_1 done
s02_mixer_use_01_2 save mode is direct
s02_mixer_use_01_2 done
s06_microwave_use_02_7 save mode is ln
s06_microwave_use_02_7 done
s08_box_use_01_4 save mode is direct
s08_box_use_01_4 done
s04_mixer_use_02_6 save mode is direct
s04_mixer_use_02_6 done
s08_box_use_02_4 save mode is direct
s08_box_use_02_4 done
s09_capsulemachine_use_03_8 save mode is direct
s09_capsulemachine_use_03_8 done
s04_waffleiron_use_02_2 save mode is direct
s04_waffleiron_use_02_2 done
s08_box_use_02_6 save mode is ln
s08_box_use_02_6 done
s08_mixer_use_04_3 save mode is direct
s08_mixer_use_04_3 done
s06_waffleiron_use_01_3 save mode is direct
s06_waffleiron_use_01_3 done
s09_capsulemachine_use_04_7 save mode is ln
s09_capsulemachine_use_04_7 done
s05_phone_grab_01_7 save mode is ln
s05_phone_grab_01_7 done
s01_mixer_grab_01_7 save mode is direct
s01_mixer_grab_01_7 done
s04_scissors_use_02_7 save mode is ln
s04_scissors_use_02_7 done
s05_laptop_use_01_1 save mode is ln
s05_laptop_use_01_1 done
s10_waffleiron_use_02_7 save mode is ln
s10_waffleiron_use_02_7 done
s09_mixer_use_01_3 save mode is direct
s09_mixer_use_01_3 done
s01_ketchup_grab_01_2 save mode is ln
s01_ketchup_grab_01_2 done
s08_ketchup_use_04_6 finished
s08_notebook_use_03_2 finished
s02_waffleiron_use_02_8 finished
s08_notebook_use_04_3 finished
s05_scissors_use_01_retake_7 finished
s08_espressomachine_use_01_3 finished
s01_scissors_use_01_8 finished
s10_notebook_use_01_4 finished
s09_waffleiron_use_03_7 finished
s02_notebook_use_02_1 finished
s09_capsulemachine_use_02_7 finished
s05_mixer_use_01_5 finished
s02_notebook_use_02_3 finished
s05_microwave_grab_01_3 finished
s08_capsulemachine_use_03_1 finished
s06_waffleiron_use_03_2 finished
s09_mixer_use_04_6 finished
s05_box_use_02_2 finished
s05_waffleiron_grab_01_4 finished
s04_capsulemachine_use_02_8 finished
s02_mixer_use_02_5 finished
s01_phone_grab_01_5 finished
s02_phone_use_02_4 finished
s09_espressomachine_use_01_5 finished
s10_ketchup_grab_01_3 finished
s02_mixer_use_03_1 finished
s07_box_grab_01_7 finished
s01_capsulemachine_grab_01_5 finished
s05_notebook_grab_01_1 finished
s06_phone_use_01_8 finished
s02_box_use_01_3 finished
s08_microwave_use_02_4 finished
s05_mixer_use_01_1 finished
s04_scissors_use_01_1 finished
s07_waffleiron_use_02_4 finished
s02_box_grab_01_7 finished
s04_phone_use_01_7 finished
s08_microwave_use_01_1 finished
s08_scissors_use_03_2 finished
s09_laptop_use_01_1 finished
s04_espressomachine_use_02_6 finished
s09_waffleiron_use_03_1 finished
s07_ketchup_use_02_3 finished
s08_box_use_04_2 finished
s09_capsulemachine_use_02_1 finished
s05_microwave_use_01_5 finished
s10_ketchup_grab_01_2 finished
s09_espressomachine_use_03_2 finished
s02_ketchup_use_01_1 finished
s02_mixer_use_01_2 finished
s06_microwave_use_02_7 finished
s08_box_use_01_4 finished
s04_mixer_use_02_6 finished
s08_box_use_02_4 finished
s09_capsulemachine_use_03_8 finished
s04_waffleiron_use_02_2 finished
s08_box_use_02_6 finished
s08_mixer_use_04_3 finished
s06_waffleiron_use_01_3 finished
s09_capsulemachine_use_04_7 finished
s05_phone_grab_01_7 finished
s01_mixer_grab_01_7 finished
s04_scissors_use_02_7 finished
s05_laptop_use_01_1 finished
s10_waffleiron_use_02_7 finished
s09_mixer_use_01_3 finished
s01_ketchup_grab_01_2 finished
