s02_microwave_use_01_7 save mode is direct
s07_phone_use_02_1 save mode is ln
s09_notebook_use_03_1 save mode is direct
s09_notebook_use_03_1 done
s06_waffleiron_use_03_5 save mode is ln
s06_waffleiron_use_03_5 done
s10_notebook_use_02_3 save mode is direct
s10_notebook_use_02_3 done
s07_espressomachine_use_02_4 save mode is ln
s07_espressomachine_use_02_4 done
s07_waffleiron_use_01_2 save mode is direct
s07_waffleiron_use_01_2 done
s06_mixer_use_01_5 save mode is ln
s06_mixer_use_01_5.0783.png seems unormal in ['r'] with multi boxes detected while no overlapping
s06_mixer_use_01_5 done
s01_waffleiron_use_01_1 save mode is direct
s01_waffleiron_use_01_1 done
s05_ketchup_use_01_8 save mode is ln
s05_ketchup_use_01_8 done
s08_capsulemachine_use_01_2 save mode is direct
s08_capsulemachine_use_01_2 done
s05_capsulemachine_use_01_4 save mode is direct
s05_capsulemachine_use_01_4 done
s04_laptop_use_01_5 save mode is direct
s04_laptop_use_01_5 done
s02_scissors_use_01_3 save mode is direct
s02_scissors_use_01_3.0017.png seems unormal in ['r'] with multi boxes detected while no overlapping
s02_scissors_use_01_3 done
s02_scissors_use_01_6 save mode is direct
s02_scissors_use_01_6.0017.png seems unormal in ['r'] with multi boxes detected while no overlapping
s02_scissors_use_01_6.0599.png seems unormal in ['r'] with multi boxes detected while no overlapping
s02_scissors_use_01_6 done
s06_espressomachine_grab_01_7 save mode is direct
s06_espressomachine_grab_01_7.0403.png seems unormal in ['l'] with multi boxes detected while no overlapping
s06_espressomachine_grab_01_7.0205.png seems unormal in ['l'] with multi boxes detected while no overlapping
s06_espressomachine_grab_01_7.0404.png seems unormal in ['l'] with multi boxes detected while no overlapping
s06_espressomachine_grab_01_7.0106.png seems unormal in ['l'] with multi boxes detected while no overlapping
s06_espressomachine_grab_01_7.0206.png seems unormal in ['l'] with multi boxes detected while no overlapping
s06_espressomachine_grab_01_7.0307.png seems unormal in ['l'] with multi boxes detected while no overlapping
s06_espressomachine_grab_01_7 done
s05_laptop_grab_01_5 save mode is ln
s05_laptop_grab_01_5 done
s01_microwave_grab_01_5 save mode is direct
s01_microwave_grab_01_5.0683.png seems unormal in ['l'] with multi boxes detected while no overlapping
s01_microwave_grab_01_5 done
s02_scissors_grab_01_3 save mode is direct
s02_scissors_grab_01_3.0018.png seems unormal in ['r'] with multi boxes detected while no overlapping
s02_scissors_grab_01_3 done
s07_microwave_grab_01_6 save mode is direct
s07_microwave_grab_01_6.0253.png seems unormal in ['l'] with multi boxes detected while no overlapping
s07_microwave_grab_01_6.0255.png seems unormal in ['l'] with multi boxes detected while no overlapping
s07_microwave_grab_01_6.0269.png seems unormal in ['l'] with multi boxes detected while no overlapping
s07_microwave_grab_01_6.0011.png seems unormal in ['l'] with multi boxes detected while no overlapping
s07_microwave_grab_01_6.0254.png seems unormal in ['l'] with multi boxes detected while no overlapping
s07_microwave_grab_01_6.0270.png seems unormal in ['l'] with multi boxes detected while no overlapping
s07_microwave_grab_01_6.0586.png seems unormal in ['l'] with multi boxes detected while no overlapping
s07_microwave_grab_01_6.0010.png seems unormal in ['l'] with multi boxes detected while no overlapping
s07_microwave_grab_01_6 done
s07_scissors_grab_01_7 save mode is direct
s07_scissors_grab_01_7 done
s01_scissors_use_01_3 save mode is ln
s01_scissors_use_01_3 done
s02_ketchup_use_01_2 save mode is direct
s02_ketchup_use_01_2 done
s08_mixer_use_03_1 save mode is direct
s08_mixer_use_03_1 done
s05_ketchup_grab_01_4 save mode is ln
s05_ketchup_grab_01_4.0638.png seems unormal in ['r'] with multi boxes detected while no overlapping
s05_ketchup_grab_01_4.0230.png seems unormal in ['l'] with multi boxes detected while no overlapping
s05_ketchup_grab_01_4.0508.png seems unormal in ['r'] with multi boxes detected while no overlapping
s05_ketchup_grab_01_4.0566.png seems unormal in ['r'] with multi boxes detected while no overlapping
s05_ketchup_grab_01_4.0492.png seems unormal in ['l'] with multi boxes detected while no overlapping
s05_ketchup_grab_01_4.0493.png seems unormal in ['l'] with multi boxes detected while no overlapping
s05_ketchup_grab_01_4.0432.png seems unormal in ['l'] with multi boxes detected while no overlapping
s05_ketchup_grab_01_4.0014.png seems unormal in ['r'] with multi boxes detected while no overlapping
s05_ketchup_grab_01_4.0637.png seems unormal in ['r'] with multi boxes detected while no overlapping
s05_ketchup_grab_01_4.0509.png seems unormal in ['r'] with multi boxes detected while no overlapping
s05_ketchup_grab_01_4 done
s01_microwave_use_02_3 save mode is direct
s01_microwave_use_02_3 done
s02_mixer_use_01_8 save mode is direct
s02_mixer_use_01_8 done
s02_microwave_use_02_2 save mode is ln
s02_microwave_use_02_2 done
s01_laptop_use_02_3 save mode is direct
s01_laptop_use_02_3 done
s09_mixer_use_02_7 save mode is ln
s09_mixer_use_02_7 done
s10_capsulemachine_use_02_4 save mode is ln
s10_capsulemachine_use_02_4 done
s09_mixer_use_03_5 save mode is direct
s09_mixer_use_03_5.0562.png seems unormal in ['l'] with multi boxes detected while no overlapping
s09_mixer_use_03_5 done
s08_scissors_use_04_1 save mode is ln
s08_scissors_use_04_1 done
s01_laptop_use_01_5 save mode is ln
s01_laptop_use_01_5 done
s10_box_use_02_6 save mode is ln
s10_box_use_02_6 done
s09_phone_use_02_3 save mode is direct
s09_phone_use_02_3 done
s07_scissors_use_02_6 save mode is direct
s07_scissors_use_02_6 done
s04_notebook_use_01_4 save mode is ln
s04_notebook_use_01_4.0031.png seems unormal in ['r'] with multi boxes detected while no overlapping
s04_notebook_use_01_4 done
s07_phone_use_01_6 save mode is ln
s07_phone_use_01_6.0037.png seems unormal in ['l'] with multi boxes detected while no overlapping
s07_phone_use_01_6 done
s10_box_use_01_2 save mode is ln
s10_box_use_01_2 done
s02_espressomachine_use_01_1 save mode is direct
s02_espressomachine_use_01_1 done
s02_capsulemachine_use_02_7 save mode is direct
s02_capsulemachine_use_02_7 done
s07_scissors_use_01_3 save mode is ln
s07_scissors_use_01_3 done
s08_box_use_02_1 save mode is direct
s08_box_use_02_1 done
s02_microwave_use_01_3 save mode is ln
s02_microwave_use_01_3 done
s04_mixer_use_01_3 save mode is direct
s04_mixer_use_01_3 done
s05_phone_use_01_1 save mode is direct
s05_phone_use_01_1 done
s06_capsulemachine_use_02_4 save mode is ln
s06_capsulemachine_use_02_4.0659.png seems unormal in ['r'] with multi boxes detected while no overlapping
s06_capsulemachine_use_02_4.0014.png seems unormal in ['r'] with multi boxes detected while no overlapping
s06_capsulemachine_use_02_4 done
s05_notebook_use_01_1 save mode is ln
s05_notebook_use_01_1 done
s05_mixer_grab_01_6 save mode is direct
s05_mixer_grab_01_6.0151.png seems unormal in ['l'] with multi boxes detected while no overlapping
s05_mixer_grab_01_6.0018.png seems unormal in ['l'] with multi boxes detected while no overlapping
s05_mixer_grab_01_6 done
s04_notebook_grab_01_3 save mode is ln
s04_notebook_grab_01_3 done
s08_capsulemachine_use_03_5 save mode is ln
s08_capsulemachine_use_03_5 done
s10_ketchup_use_02_6 save mode is direct
s10_ketchup_use_02_6 done
s04_waffleiron_use_02_3 save mode is direct
s04_waffleiron_use_02_3.0689.png seems unormal in ['r'] with multi boxes detected while no overlapping
s04_waffleiron_use_02_3 done
s04_notebook_use_01_7 save mode is ln
s04_notebook_use_01_7 done
s06_laptop_use_01_retake_3 save mode is direct
s06_laptop_use_01_retake_3 done
s05_capsulemachine_use_01_2 save mode is ln
s05_capsulemachine_use_01_2 done
s08_laptop_use_02_8 save mode is ln
s08_laptop_use_02_8 done
s08_capsulemachine_use_02_4 save mode is direct
s08_capsulemachine_use_02_4 done
s09_capsulemachine_use_03_2 save mode is direct
s09_capsulemachine_use_03_2 done
s07_box_use_02_4 save mode is ln
s07_box_use_02_4 done
s08_laptop_use_01_1 save mode is direct
s08_laptop_use_01_1 done
s02_laptop_use_01_4 save mode is direct
s02_laptop_use_01_4 done
s02_espressomachine_use_01_4 save mode is direct
s02_espressomachine_use_01_4 done
s09_mixer_use_04_8 save mode is direct
s09_mixer_use_04_8.0555.png seems unormal in ['l'] with multi boxes detected while no overlapping
s09_mixer_use_04_8 done
s02_microwave_use_02_8 save mode is ln
s02_microwave_use_02_8 done
s08_laptop_use_01_6 save mode is direct
s08_laptop_use_01_6 done
s02_microwave_use_01_7 finished
s07_phone_use_02_1 finished
s09_notebook_use_03_1 finished
s06_waffleiron_use_03_5 finished
s10_notebook_use_02_3 finished
s07_espressomachine_use_02_4 finished
s07_waffleiron_use_01_2 finished
s06_mixer_use_01_5 finished
s01_waffleiron_use_01_1 finished
s05_ketchup_use_01_8 finished
s08_capsulemachine_use_01_2 finished
s05_capsulemachine_use_01_4 finished
s04_laptop_use_01_5 finished
s02_scissors_use_01_3 finished
s02_scissors_use_01_6 finished
s06_espressomachine_grab_01_7 finished
s05_laptop_grab_01_5 finished
s01_microwave_grab_01_5 finished
s02_scissors_grab_01_3 finished
s07_microwave_grab_01_6 finished
s07_scissors_grab_01_7 finished
s01_scissors_use_01_3 finished
s02_ketchup_use_01_2 finished
s08_mixer_use_03_1 finished
s05_ketchup_grab_01_4 finished
s01_microwave_use_02_3 finished
s02_mixer_use_01_8 finished
s02_microwave_use_02_2 finished
s01_laptop_use_02_3 finished
s09_mixer_use_02_7 finished
s10_capsulemachine_use_02_4 finished
s09_mixer_use_03_5 finished
s08_scissors_use_04_1 finished
s01_laptop_use_01_5 finished
s10_box_use_02_6 finished
s09_phone_use_02_3 finished
s07_scissors_use_02_6 finished
s04_notebook_use_01_4 finished
s07_phone_use_01_6 finished
s10_box_use_01_2 finished
s02_espressomachine_use_01_1 finished
s02_capsulemachine_use_02_7 finished
s07_scissors_use_01_3 finished
s08_box_use_02_1 finished
s02_microwave_use_01_3 finished
s04_mixer_use_01_3 finished
s05_phone_use_01_1 finished
s06_capsulemachine_use_02_4 finished
s05_notebook_use_01_1 finished
s05_mixer_grab_01_6 finished
s04_notebook_grab_01_3 finished
s08_capsulemachine_use_03_5 finished
s10_ketchup_use_02_6 finished
s04_waffleiron_use_02_3 finished
s04_notebook_use_01_7 finished
s06_laptop_use_01_retake_3 finished
s05_capsulemachine_use_01_2 finished
s08_laptop_use_02_8 finished
s08_capsulemachine_use_02_4 finished
s09_capsulemachine_use_03_2 finished
s07_box_use_02_4 finished
s08_laptop_use_01_1 finished
s02_laptop_use_01_4 finished
s02_espressomachine_use_01_4 finished
s09_mixer_use_04_8 finished
s02_microwave_use_02_8 finished
s08_laptop_use_01_6 finished
