s01_box_use_01_8 save mode is ln
s01_box_use_01_8.0031.png seems unormal in ['l'] with multi boxes detected while no overlapping
s04_espressomachine_grab_01_3 save mode is ln
s04_espressomachine_grab_01_3.0703.png seems unormal in ['r'] with multi boxes detected while no overlapping
s02_laptop_use_01_3 save mode is ln
s02_laptop_use_01_3 done
s06_phone_grab_01_6 save mode is ln
s06_phone_grab_01_6 done
s01_microwave_grab_01_4 save mode is direct
s01_microwave_grab_01_4.0024.png seems unormal in ['r'] with multi boxes detected while no overlapping
s01_microwave_grab_01_4.0684.png seems unormal in ['r'] with multi boxes detected while no overlapping
s01_microwave_grab_01_4 done
s08_waffleiron_use_01_4 save mode is ln
s08_waffleiron_use_01_4 done
s06_espressomachine_use_01_8 save mode is ln
s06_espressomachine_use_01_8 done
s10_mixer_use_01_7 save mode is ln
s10_mixer_use_01_7 done
s09_waffleiron_use_03_5 save mode is ln
s09_waffleiron_use_03_5 done
s08_notebook_use_03_7 save mode is direct
s08_notebook_use_03_7 done
s09_laptop_use_01_6 save mode is direct
s09_laptop_use_01_6 done
s01_ketchup_use_01_6 save mode is ln
s01_ketchup_use_01_6.0007.png seems unormal in ['l'] with multi boxes detected while no overlapping
s01_ketchup_use_01_6.0161.png seems unormal in ['l'] with multi boxes detected while no overlapping
s01_ketchup_use_01_6 done
s02_laptop_grab_01_5 save mode is ln
s02_laptop_grab_01_5 done
s08_waffleiron_use_01_3 save mode is direct
s08_waffleiron_use_01_3 done
s10_laptop_use_02_2 save mode is direct
s10_laptop_use_02_2 done
s02_phone_use_02_6 save mode is ln
s02_phone_use_02_6.0561.png seems unormal in ['r'] with multi boxes detected while no overlapping
s02_phone_use_02_6.0026.png seems unormal in ['r'] with multi boxes detected while no overlapping
s02_phone_use_02_6.0562.png seems unormal in ['r'] with multi boxes detected while no overlapping
s02_phone_use_02_6.0025.png seems unormal in ['r'] with multi boxes detected while no overlapping
s02_phone_use_02_6 done
s01_capsulemachine_use_02_8 save mode is direct
s01_capsulemachine_use_02_8 done
s01_notebook_use_01_3 save mode is direct
s01_notebook_use_01_3 done
s02_capsulemachine_use_01_8 save mode is direct
s02_capsulemachine_use_01_8 done
s09_notebook_use_04_6 save mode is ln
s09_notebook_use_04_6 done
s07_waffleiron_grab_01_3 save mode is direct
s07_waffleiron_grab_01_3.0002.png seems unormal in ['r'] with multi boxes detected while no overlapping
s07_waffleiron_grab_01_3 done
s01_ketchup_use_01_3 save mode is ln
s01_ketchup_use_01_3.0231.png seems unormal in ['r'] with multi boxes detected while no overlapping
s01_ketchup_use_01_3 done
s08_phone_use_02_1 save mode is direct
s08_phone_use_02_1 done
s05_phone_use_03_1 save mode is direct
s05_phone_use_03_1 done
s05_espressomachine_use_01_7 save mode is direct
s05_espressomachine_use_01_7 done
s09_laptop_use_04_5 save mode is direct
s09_laptop_use_04_5 done
s06_waffleiron_grab_01_retake_1 save mode is ln
s06_waffleiron_grab_01_retake_1 done
s07_box_use_01_4 save mode is direct
s07_box_use_01_4 done
s07_capsulemachine_use_01_2 save mode is direct
s07_capsulemachine_use_01_2 done
s10_phone_grab_01_3 save mode is ln
s10_phone_grab_01_3.0212.png seems unormal in ['r'] with multi boxes detected while no overlapping
s10_phone_grab_01_3.0211.png seems unormal in ['r'] with multi boxes detected while no overlapping
s10_phone_grab_01_3.0210.png seems unormal in ['r'] with multi boxes detected while no overlapping
s10_phone_grab_01_3 done
s02_mixer_use_01_5 save mode is ln
s02_mixer_use_01_5.0577.png seems unormal in ['l'] with multi boxes detected while no overlapping
s02_mixer_use_01_5 done
s06_ketchup_use_01_5 save mode is direct
s06_ketchup_use_01_5.0043.png seems unormal in ['l'] with multi boxes detected while no overlapping
s06_ketchup_use_01_5.0045.png seems unormal in ['l'] with multi boxes detected while no overlapping
s06_ketchup_use_01_5.0044.png seems unormal in ['l'] with multi boxes detected while no overlapping
s06_ketchup_use_01_5.0041.png seems unormal in ['l'] with multi boxes detected while no overlapping
s06_ketchup_use_01_5 done
s04_box_use_02_4 save mode is direct
s04_box_use_02_4 done
s08_scissors_use_01_7 save mode is direct
s08_scissors_use_01_7 done
s04_espressomachine_use_01_retake_4 save mode is direct
s04_espressomachine_use_01_retake_4 done
s07_phone_use_01_3 save mode is direct
s07_phone_use_01_3 done
s09_waffleiron_use_01_3 save mode is direct
s09_waffleiron_use_01_3 done
s08_capsulemachine_use_02_1 save mode is direct
s08_capsulemachine_use_02_1 done
s01_box_use_02_6 save mode is ln
s01_box_use_02_6 done
s06_ketchup_use_02_5 save mode is direct
s06_ketchup_use_02_5.0250.png seems unormal in ['l'] with multi boxes detected while no overlapping
s06_ketchup_use_02_5.0217.png seems unormal in ['l'] with multi boxes detected while no overlapping
s06_ketchup_use_02_5.0230.png seems unormal in ['l'] with multi boxes detected while no overlapping
s06_ketchup_use_02_5.0252.png seems unormal in ['l'] with multi boxes detected while no overlapping
s06_ketchup_use_02_5.0249.png seems unormal in ['l'] with multi boxes detected while no overlapping
s06_ketchup_use_02_5.0220.png seems unormal in ['l'] with multi boxes detected while no overlapping
s06_ketchup_use_02_5.0218.png seems unormal in ['l'] with multi boxes detected while no overlapping
s06_ketchup_use_02_5.0191.png seems unormal in ['l'] with multi boxes detected while no overlapping
s06_ketchup_use_02_5.0216.png seems unormal in ['l'] with multi boxes detected while no overlapping
s06_ketchup_use_02_5.0192.png seems unormal in ['l'] with multi boxes detected while no overlapping
s06_ketchup_use_02_5.0251.png seems unormal in ['l'] with multi boxes detected while no overlapping
s06_ketchup_use_02_5.0221.png seems unormal in ['l'] with multi boxes detected while no overlapping
s06_ketchup_use_02_5.0478.png seems unormal in ['l'] with multi boxes detected while no overlapping
s06_ketchup_use_02_5.0190.png seems unormal in ['l'] with multi boxes detected while no overlapping
s06_ketchup_use_02_5.0219.png seems unormal in ['l'] with multi boxes detected while no overlapping
s06_ketchup_use_02_5.0193.png seems unormal in ['l'] with multi boxes detected while no overlapping
s06_ketchup_use_02_5 done
s04_notebook_use_01_2 save mode is ln
s04_notebook_use_01_2 done
s07_capsulemachine_use_01_8 save mode is direct
s07_capsulemachine_use_01_8 done
s09_ketchup_use_04_5 save mode is direct
s09_ketchup_use_04_5 done
s08_mixer_use_03_2 save mode is ln
s08_mixer_use_03_2 done
s01_scissors_grab_01_5 save mode is ln
s01_scissors_grab_01_5 done
s08_espressomachine_use_03_7 save mode is ln
s08_espressomachine_use_03_7 done
s09_waffleiron_use_01_6 save mode is ln
s09_waffleiron_use_01_6 done
s09_mixer_use_02_8 save mode is direct
s09_mixer_use_02_8.0029.png seems unormal in ['l'] with multi boxes detected while no overlapping
s09_mixer_use_02_8 done
s06_mixer_grab_01_1 save mode is ln
s06_mixer_grab_01_1.0181.png seems unormal in ['r'] with multi boxes detected while no overlapping
s06_mixer_grab_01_1.0154.png seems unormal in ['r'] with multi boxes detected while no overlapping
s06_mixer_grab_01_1.0680.png seems unormal in ['l'] with multi boxes detected while no overlapping
s06_mixer_grab_01_1.0180.png seems unormal in ['r'] with multi boxes detected while no overlapping
s06_mixer_grab_01_1.0179.png seems unormal in ['r'] with multi boxes detected while no overlapping
s06_mixer_grab_01_1 done
s04_phone_use_01_5 save mode is ln
s04_phone_use_01_5 done
s08_box_use_04_6 save mode is ln
s08_box_use_04_6 done
s07_microwave_use_02_5 save mode is direct
s07_microwave_use_02_5 done
s05_microwave_use_02_7 save mode is direct
s05_microwave_use_02_7 done
s06_microwave_grab_01_6 save mode is direct
s06_microwave_grab_01_6 done
s08_notebook_use_04_7 save mode is ln
s08_notebook_use_04_7 done
s05_waffleiron_use_01_4 save mode is ln
s05_waffleiron_use_01_4 done
s01_espressomachine_use_01_6 save mode is direct
s01_espressomachine_use_01_6 done
s05_microwave_use_02_6 save mode is direct
s05_microwave_use_02_6 done
s04_laptop_grab_01_6 save mode is direct
s04_laptop_grab_01_6.0004.png seems unormal in ['l'] with multi boxes detected while no overlapping
s04_laptop_grab_01_6.0850.png seems unormal in ['l'] with multi boxes detected while no overlapping
s04_laptop_grab_01_6 done
s06_espressomachine_use_03_8 save mode is direct
s06_espressomachine_use_03_8 done
s09_mixer_use_01_1 save mode is direct
s09_mixer_use_01_1 done
s09_scissors_use_01_5 save mode is direct
s09_scissors_use_01_5 done
s08_capsulemachine_use_04_1 save mode is direct
s08_capsulemachine_use_04_1 done
s08_ketchup_use_01_3 save mode is direct
s08_ketchup_use_01_3 done
s04_laptop_grab_01_5 save mode is ln
s04_laptop_grab_01_5 done
s04_microwave_use_02_3 save mode is direct
s04_microwave_use_02_3 done
s02_ketchup_use_03_5 save mode is direct
s02_ketchup_use_03_5.0020.png seems unormal in ['l'] with multi boxes detected while no overlapping
s02_ketchup_use_03_5 done
s01_box_use_01_8 finished
s04_espressomachine_grab_01_3 finished
s02_laptop_use_01_3 finished
s06_phone_grab_01_6 finished
s01_microwave_grab_01_4 finished
s08_waffleiron_use_01_4 finished
s06_espressomachine_use_01_8 finished
s10_mixer_use_01_7 finished
s09_waffleiron_use_03_5 finished
s08_notebook_use_03_7 finished
s09_laptop_use_01_6 finished
s01_ketchup_use_01_6 finished
s02_laptop_grab_01_5 finished
s08_waffleiron_use_01_3 finished
s10_laptop_use_02_2 finished
s02_phone_use_02_6 finished
s01_capsulemachine_use_02_8 finished
s01_notebook_use_01_3 finished
s02_capsulemachine_use_01_8 finished
s09_notebook_use_04_6 finished
s07_waffleiron_grab_01_3 finished
s01_ketchup_use_01_3 finished
s08_phone_use_02_1 finished
s05_phone_use_03_1 finished
s05_espressomachine_use_01_7 finished
s09_laptop_use_04_5 finished
s06_waffleiron_grab_01_retake_1 finished
s07_box_use_01_4 finished
s07_capsulemachine_use_01_2 finished
s10_phone_grab_01_3 finished
s02_mixer_use_01_5 finished
s06_ketchup_use_01_5 finished
s04_box_use_02_4 finished
s08_scissors_use_01_7 finished
s04_espressomachine_use_01_retake_4 finished
s07_phone_use_01_3 finished
s09_waffleiron_use_01_3 finished
s08_capsulemachine_use_02_1 finished
s01_box_use_02_6 finished
s06_ketchup_use_02_5 finished
s04_notebook_use_01_2 finished
s07_capsulemachine_use_01_8 finished
s09_ketchup_use_04_5 finished
s08_mixer_use_03_2 finished
s01_scissors_grab_01_5 finished
s08_espressomachine_use_03_7 finished
s09_waffleiron_use_01_6 finished
s09_mixer_use_02_8 finished
s06_mixer_grab_01_1 finished
s04_phone_use_01_5 finished
s08_box_use_04_6 finished
s07_microwave_use_02_5 finished
s05_microwave_use_02_7 finished
s06_microwave_grab_01_6 finished
s08_notebook_use_04_7 finished
s05_waffleiron_use_01_4 finished
s01_espressomachine_use_01_6 finished
s05_microwave_use_02_6 finished
s04_laptop_grab_01_6 finished
s06_espressomachine_use_03_8 finished
s09_mixer_use_01_1 finished
s09_scissors_use_01_5 finished
s08_capsulemachine_use_04_1 finished
s08_ketchup_use_01_3 finished
s04_laptop_grab_01_5 finished
s04_microwave_use_02_3 finished
s02_ketchup_use_03_5 finished
