s06_espressomachine_use_04_1 save mode is direct
s06_box_use_03_3 save mode is ln
s09_waffleiron_use_03_4 save mode is direct
s09_waffleiron_use_03_4.0024.png seems unormal in ['r'] with multi boxes detected while no overlapping
s09_waffleiron_use_03_4 done
s06_microwave_use_02_4 save mode is direct
s06_microwave_use_02_4.0912.png seems unormal in ['r'] with multi boxes detected while no overlapping
s06_microwave_use_02_4 done
s09_microwave_use_02_6 save mode is direct
s09_microwave_use_02_6 done
s02_notebook_use_02_2 save mode is direct
s02_notebook_use_02_2 done
s04_phone_use_02_4 save mode is ln
s04_phone_use_02_4 done
s08_espressomachine_use_03_5 save mode is direct
s08_espressomachine_use_03_5 done
s01_laptop_use_03_6 save mode is direct
s01_laptop_use_03_6 done
s10_phone_grab_01_7 save mode is direct
s10_phone_grab_01_7.0213.png seems unormal in ['r'] with multi boxes detected while no overlapping
s10_phone_grab_01_7.0212.png seems unormal in ['r'] with multi boxes detected while no overlapping
s10_phone_grab_01_7.0211.png seems unormal in ['r'] with multi boxes detected while no overlapping
s10_phone_grab_01_7.0208.png seems unormal in ['r'] with multi boxes detected while no overlapping
s10_phone_grab_01_7.0209.png seems unormal in ['r'] with multi boxes detected while no overlapping
s10_phone_grab_01_7.0210.png seems unormal in ['r'] with multi boxes detected while no overlapping
s10_phone_grab_01_7 done
s06_capsulemachine_use_01_2 save mode is ln
s06_capsulemachine_use_01_2 done
s06_notebook_use_02_6 save mode is direct
s06_notebook_use_02_6 done
s06_microwave_grab_01_4 save mode is direct
s06_microwave_grab_01_4.0020.png seems unormal in ['r'] with multi boxes detected while no overlapping
s06_microwave_grab_01_4.0225.png seems unormal in ['r'] with multi boxes detected while no overlapping
s06_microwave_grab_01_4.0576.png seems unormal in ['r'] with multi boxes detected while no overlapping
s06_microwave_grab_01_4 done
s06_waffleiron_grab_01_retake_2 save mode is direct
s06_waffleiron_grab_01_retake_2.0492.png seems unormal in ['r'] with multi boxes detected while no overlapping
s06_waffleiron_grab_01_retake_2 done
s01_phone_grab_01_2 save mode is direct
s01_phone_grab_01_2 done
s08_capsulemachine_use_01_8 save mode is direct
s08_capsulemachine_use_01_8 done
s09_capsulemachine_use_01_7 save mode is direct
removed dir logs/3558f1342/masked_render/s09_capsulemachine_use_01_7/gt_mesh_l/images/crop_image
removed dir logs/3558f1342/masked_render/s09_capsulemachine_use_01_7/gt_mesh_r/images/crop_image
removed dir logs/3558f1342/masked_render/s09_capsulemachine_use_01_7/gt_mesh_obj/images/crop_image
s09_capsulemachine_use_01_7 done
s02_laptop_use_02_8 save mode is ln
s02_laptop_use_02_8 done
s06_box_use_03_6 save mode is direct
s06_box_use_03_6.0000.png seems unormal in ['l'] with multi boxes detected while no overlapping
s06_box_use_03_6 done
s02_scissors_use_02_2 save mode is ln
s02_scissors_use_02_2 done
s01_capsulemachine_use_01_1 save mode is direct
s01_capsulemachine_use_01_1.0286.png seems unormal in ['r'] with multi boxes detected while no overlapping
s01_capsulemachine_use_01_1.0293.png seems unormal in ['r'] with multi boxes detected while no overlapping
s01_capsulemachine_use_01_1 done
s02_phone_use_02_1 save mode is direct
s02_phone_use_02_1 done
s01_mixer_grab_01_1 save mode is direct
s01_mixer_grab_01_1.0517.png seems unormal in ['r'] with multi boxes detected while no overlapping
s01_mixer_grab_01_1.0327.png seems unormal in ['r'] with multi boxes detected while no overlapping
s01_mixer_grab_01_1 done
s01_laptop_grab_01_5 save mode is direct
s01_laptop_grab_01_5.0021.png seems unormal in ['l'] with multi boxes detected while no overlapping
s01_laptop_grab_01_5 done
s08_scissors_use_04_4 save mode is ln
s08_scissors_use_04_4 done
s09_phone_use_02_7 save mode is direct
s09_phone_use_02_7 done
s07_ketchup_use_02_8 save mode is ln
s07_ketchup_use_02_8.0012.png seems unormal in ['l'] with multi boxes detected while no overlapping
s07_ketchup_use_02_8.0438.png seems unormal in ['l'] with multi boxes detected while no overlapping
s07_ketchup_use_02_8 done
s07_scissors_grab_01_6 save mode is direct
s07_scissors_grab_01_6 done
s02_mixer_grab_01_2 save mode is direct
s02_mixer_grab_01_2 done
s05_phone_use_01_3 save mode is direct
s05_phone_use_01_3 done
s08_notebook_use_01_4 save mode is ln
s08_notebook_use_01_4.0611.png seems unormal in ['r'] with multi boxes detected while no overlapping
s08_notebook_use_01_4 done
s05_microwave_use_02_3 save mode is direct
s05_microwave_use_02_3 done
s09_scissors_use_01_1 save mode is ln
s09_scissors_use_01_1 done
s08_mixer_use_03_8 save mode is ln
removed dir logs/3558f1342/masked_render/s08_mixer_use_03_8/gt_mesh_l/images/crop_image
removed dir logs/3558f1342/masked_render/s08_mixer_use_03_8/gt_mesh_r/images/crop_image
removed dir logs/3558f1342/masked_render/s08_mixer_use_03_8/gt_mesh_obj/images/crop_image
s08_mixer_use_03_8 done
s10_laptop_use_02_5 save mode is direct
s10_laptop_use_02_5 done
s07_microwave_use_01_7 save mode is ln
s07_microwave_use_01_7 done
s04_mixer_use_01_8 save mode is ln
s04_mixer_use_01_8 done
s05_scissors_grab_01_1 save mode is direct
s05_scissors_grab_01_1 done
s09_laptop_use_03_7 save mode is ln
s09_laptop_use_03_7 done
s07_notebook_use_02_2 save mode is ln
s07_notebook_use_02_2 done
s05_phone_use_01_8 save mode is direct
s05_phone_use_01_8.0114.png seems unormal in ['l'] with multi boxes detected while no overlapping
s05_phone_use_01_8 done
s06_waffleiron_use_04_4 save mode is ln
s06_waffleiron_use_04_4 done
s02_laptop_grab_01_8 save mode is ln
s02_laptop_grab_01_8 done
s05_laptop_use_02_3 save mode is direct
s05_laptop_use_02_3 done
s05_notebook_grab_01_4 save mode is ln
s05_notebook_grab_01_4.0015.png seems unormal in ['r'] with multi boxes detected while no overlapping
s05_notebook_grab_01_4.0771.png seems unormal in ['r'] with multi boxes detected while no overlapping
s05_notebook_grab_01_4 done
s10_espressomachine_use_02_7 save mode is ln
s10_espressomachine_use_02_7 done
s04_ketchup_grab_01_7 save mode is direct
s04_ketchup_grab_01_7 done
s02_phone_grab_01_3 save mode is direct
s02_phone_grab_01_3 done
s04_waffleiron_use_01_8 save mode is ln
s04_waffleiron_use_01_8 done
s05_espressomachine_use_01_3 save mode is direct
s05_espressomachine_use_01_3 done
s06_capsulemachine_use_02_5 save mode is ln
s06_capsulemachine_use_02_5.0015.png seems unormal in ['r'] with multi boxes detected while no overlapping
s06_capsulemachine_use_02_5.0014.png seems unormal in ['r'] with multi boxes detected while no overlapping
s06_capsulemachine_use_02_5.0016.png seems unormal in ['r'] with multi boxes detected while no overlapping
s06_capsulemachine_use_02_5 done
s09_scissors_use_04_8 save mode is direct
s09_scissors_use_04_8.0028.png seems unormal in ['l'] with multi boxes detected while no overlapping
s09_scissors_use_04_8 done
s04_notebook_use_02_5 save mode is ln
s04_notebook_use_02_5 done
s08_ketchup_use_02_4 save mode is direct
s08_ketchup_use_02_4 done
s06_box_use_04_5 save mode is direct
s06_box_use_04_5 done
s05_microwave_use_02_2 save mode is direct
s05_microwave_use_02_2 done
s02_box_use_01_4 save mode is direct
removed dir logs/3558f1342/masked_render/s02_box_use_01_4/gt_mesh_l/images/crop_image
removed dir logs/3558f1342/masked_render/s02_box_use_01_4/gt_mesh_r/images/crop_image
removed dir logs/3558f1342/masked_render/s02_box_use_01_4/gt_mesh_obj/images/crop_image
s02_box_use_01_4 done
s07_ketchup_grab_01_3 save mode is ln
s07_ketchup_grab_01_3 done
s05_waffleiron_grab_01_5 save mode is direct
s05_waffleiron_grab_01_5.0561.png seems unormal in ['l'] with multi boxes detected while no overlapping
s05_waffleiron_grab_01_5.0105.png seems unormal in ['l'] with multi boxes detected while no overlapping
s05_waffleiron_grab_01_5 done
s02_mixer_grab_01_8 save mode is direct
s02_mixer_grab_01_8 done
s01_notebook_use_01_8 save mode is direct
s01_notebook_use_01_8 done
s06_espressomachine_use_01_6 save mode is direct
s06_espressomachine_use_01_6.0011.png seems unormal in ['l'] with multi boxes detected while no overlapping
s06_espressomachine_use_01_6 done
s08_espressomachine_use_02_6 save mode is ln
s08_espressomachine_use_02_6 done
s02_ketchup_use_02_6 save mode is ln
s02_ketchup_use_02_6 done
s01_laptop_use_01_1 save mode is direct
s01_laptop_use_01_1 done
s06_espressomachine_use_04_5 save mode is direct
s06_espressomachine_use_04_5 done
s07_phone_grab_01_8 save mode is direct
s07_phone_grab_01_8 done
s06_espressomachine_use_04_1 finished
s06_box_use_03_3 finished
s09_waffleiron_use_03_4 finished
s06_microwave_use_02_4 finished
s09_microwave_use_02_6 finished
s02_notebook_use_02_2 finished
s04_phone_use_02_4 finished
s08_espressomachine_use_03_5 finished
s01_laptop_use_03_6 finished
s10_phone_grab_01_7 finished
s06_capsulemachine_use_01_2 finished
s06_notebook_use_02_6 finished
s06_microwave_grab_01_4 finished
s06_waffleiron_grab_01_retake_2 finished
s01_phone_grab_01_2 finished
s08_capsulemachine_use_01_8 finished
s09_capsulemachine_use_01_7 finished
s02_laptop_use_02_8 finished
s06_box_use_03_6 finished
s02_scissors_use_02_2 finished
s01_capsulemachine_use_01_1 finished
s02_phone_use_02_1 finished
s01_mixer_grab_01_1 finished
s01_laptop_grab_01_5 finished
s08_scissors_use_04_4 finished
s09_phone_use_02_7 finished
s07_ketchup_use_02_8 finished
s07_scissors_grab_01_6 finished
s02_mixer_grab_01_2 finished
s05_phone_use_01_3 finished
s08_notebook_use_01_4 finished
s05_microwave_use_02_3 finished
s09_scissors_use_01_1 finished
s08_mixer_use_03_8 finished
s10_laptop_use_02_5 finished
s07_microwave_use_01_7 finished
s04_mixer_use_01_8 finished
s05_scissors_grab_01_1 finished
s09_laptop_use_03_7 finished
s07_notebook_use_02_2 finished
s05_phone_use_01_8 finished
s06_waffleiron_use_04_4 finished
s02_laptop_grab_01_8 finished
s05_laptop_use_02_3 finished
s05_notebook_grab_01_4 finished
s10_espressomachine_use_02_7 finished
s04_ketchup_grab_01_7 finished
s02_phone_grab_01_3 finished
s04_waffleiron_use_01_8 finished
s05_espressomachine_use_01_3 finished
s06_capsulemachine_use_02_5 finished
s09_scissors_use_04_8 finished
s04_notebook_use_02_5 finished
s08_ketchup_use_02_4 finished
s06_box_use_04_5 finished
s05_microwave_use_02_2 finished
s02_box_use_01_4 finished
s07_ketchup_grab_01_3 finished
s05_waffleiron_grab_01_5 finished
s02_mixer_grab_01_8 finished
s01_notebook_use_01_8 finished
s06_espressomachine_use_01_6 finished
s08_espressomachine_use_02_6 finished
s02_ketchup_use_02_6 finished
s01_laptop_use_01_1 finished
s06_espressomachine_use_04_5 finished
s07_phone_grab_01_8 finished
