s02_capsulemachine_use_01_2 save mode is direct
s05_microwave_use_01_7 save mode is ln
s09_ketchup_use_01_2 save mode is ln
s09_ketchup_use_01_2 done
s05_ketchup_use_01_4 save mode is ln
s05_ketchup_use_01_4.0018.png seems unormal in ['r'] with multi boxes detected while no overlapping
s05_ketchup_use_01_4 done
s05_mixer_use_01_7 save mode is direct
s05_mixer_use_01_7 done
s08_notebook_use_01_8 save mode is ln
s08_notebook_use_01_8 done
s02_mixer_use_04_7 save mode is ln
s02_mixer_use_04_7 done
s08_scissors_use_04_5 save mode is direct
s08_scissors_use_04_5 done
s07_laptop_use_01_6 save mode is direct
s07_laptop_use_01_6 done
s04_capsulemachine_grab_01_2 save mode is direct
s04_capsulemachine_grab_01_2 done
s08_microwave_use_03_1 save mode is direct
s08_microwave_use_03_1 done
s09_scissors_use_01_6 save mode is ln
s09_scissors_use_01_6.0012.png seems unormal in ['l'] with multi boxes detected while no overlapping
s09_scissors_use_01_6 done
s05_box_use_02_5 save mode is direct
s05_box_use_02_5 done
s06_laptop_use_02_retake_7 save mode is ln
s06_laptop_use_02_retake_7 done
s01_microwave_use_01_1 save mode is direct
s01_microwave_use_01_1.0029.png seems unormal in ['r'] with multi boxes detected while no overlapping
s01_microwave_use_01_1 done
s08_espressomachine_use_01_8 save mode is ln
s08_espressomachine_use_01_8 done
s04_laptop_grab_01_3 save mode is direct
s04_laptop_grab_01_3.0828.png seems unormal in ['r'] with multi boxes detected while no overlapping
s04_laptop_grab_01_3.0827.png seems unormal in ['r'] with multi boxes detected while no overlapping
s04_laptop_grab_01_3 done
s06_mixer_use_02_8 save mode is ln
s06_mixer_use_02_8 done
s04_capsulemachine_use_01_5 save mode is direct
s04_capsulemachine_use_01_5.0705.png seems unormal in ['l'] with multi boxes detected while no overlapping
s04_capsulemachine_use_01_5 done
s02_microwave_use_01_5 save mode is direct
s02_microwave_use_01_5 done
s02_microwave_use_01_retake_4 save mode is direct
s02_microwave_use_01_retake_4 done
s05_microwave_grab_01_5 save mode is direct
s05_microwave_grab_01_5.0421.png seems unormal in ['l'] with multi boxes detected while no overlapping
s05_microwave_grab_01_5.0315.png seems unormal in ['l'] with multi boxes detected while no overlapping
s05_microwave_grab_01_5.0419.png seems unormal in ['l'] with multi boxes detected while no overlapping
s05_microwave_grab_01_5.0597.png seems unormal in ['l'] with multi boxes detected while no overlapping
s05_microwave_grab_01_5.0420.png seems unormal in ['l'] with multi boxes detected while no overlapping
s05_microwave_grab_01_5.0314.png seems unormal in ['l'] with multi boxes detected while no overlapping
s05_microwave_grab_01_5.0023.png seems unormal in ['l'] with multi boxes detected while no overlapping
s05_microwave_grab_01_5.0423.png seems unormal in ['l'] with multi boxes detected while no overlapping
s05_microwave_grab_01_5.0422.png seems unormal in ['l'] with multi boxes detected while no overlapping
s05_microwave_grab_01_5.0313.png seems unormal in ['l'] with multi boxes detected while no overlapping
s05_microwave_grab_01_5.0418.png seems unormal in ['l'] with multi boxes detected while no overlapping
s05_microwave_grab_01_5 done
s07_scissors_grab_01_3 save mode is direct
s07_scissors_grab_01_3 done
s06_espressomachine_use_03_7 save mode is ln
s06_espressomachine_use_03_7 done
s04_laptop_use_01_4 save mode is direct
s04_laptop_use_01_4 done
s07_mixer_use_01_8 save mode is direct
s07_mixer_use_01_8 done
s07_phone_use_02_3 save mode is ln
s07_phone_use_02_3 done
s04_espressomachine_use_02_5 save mode is direct
s04_espressomachine_use_02_5 done
s04_microwave_grab_01_4 save mode is direct
s04_microwave_grab_01_4.0025.png seems unormal in ['r'] with multi boxes detected while no overlapping
s04_microwave_grab_01_4 done
s05_notebook_use_02_7 save mode is direct
s05_notebook_use_02_7 done
s09_ketchup_use_03_4 save mode is direct
s09_ketchup_use_03_4.0025.png seems unormal in ['r'] with multi boxes detected while no overlapping
s09_ketchup_use_03_4 done
s04_box_use_01_7 save mode is direct
s04_box_use_01_7 done
s05_capsulemachine_grab_01_1 save mode is direct
s05_capsulemachine_grab_01_1 done
s01_scissors_use_01_7 save mode is ln
s01_scissors_use_01_7 done
s10_waffleiron_use_01_5 save mode is ln
s10_waffleiron_use_01_5 done
s08_espressomachine_use_01_5 save mode is ln
s08_espressomachine_use_01_5 done
s09_laptop_use_01_5 save mode is direct
s09_laptop_use_01_5 done
s08_capsulemachine_use_01_1 save mode is ln
s08_capsulemachine_use_01_1 done
s09_phone_use_03_8 save mode is ln
s09_phone_use_03_8.0033.png seems unormal in ['l'] with multi boxes detected while no overlapping
s09_phone_use_03_8.0034.png seems unormal in ['l'] with multi boxes detected while no overlapping
s09_phone_use_03_8 done
s10_scissors_use_02_8 save mode is direct
s10_scissors_use_02_8.0544.png seems unormal in ['l'] with multi boxes detected while no overlapping
s10_scissors_use_02_8 done
s01_phone_use_01_8 save mode is direct
s01_phone_use_01_8.0654.png seems unormal in ['l'] with multi boxes detected while no overlapping
s01_phone_use_01_8 done
s05_box_grab_01_8 save mode is direct
s05_box_grab_01_8 done
s09_capsulemachine_use_01_2 save mode is direct
s09_capsulemachine_use_01_2 done
s04_waffleiron_use_01_3 save mode is direct
s04_waffleiron_use_01_3.0017.png seems unormal in ['r'] with multi boxes detected while no overlapping
s04_waffleiron_use_01_3 done
s06_mixer_use_01_3 save mode is ln
s06_mixer_use_01_3 done
s02_laptop_use_02_5 save mode is ln
s02_laptop_use_02_5 done
s04_phone_use_01_8 save mode is direct
s04_phone_use_01_8 done
s08_laptop_use_01_3 save mode is ln
s08_laptop_use_01_3 done
s10_box_use_01_1 save mode is direct
s10_box_use_01_1 done
s05_microwave_use_02_1 save mode is direct
s05_microwave_use_02_1 done
s02_phone_grab_01_4 save mode is direct
s02_phone_grab_01_4 done
s07_laptop_use_02_2 save mode is direct
s07_laptop_use_02_2 done
s08_mixer_use_04_7 save mode is ln
s08_mixer_use_04_7 done
s04_phone_grab_01_3 save mode is ln
s04_phone_grab_01_3.0716.png seems unormal in ['r'] with multi boxes detected while no overlapping
s04_phone_grab_01_3 done
s05_laptop_use_01_8 save mode is direct
s05_laptop_use_01_8 done
s08_laptop_use_01_5 save mode is direct
s08_laptop_use_01_5 done
s01_microwave_grab_01_6 save mode is ln
removed dir logs/3558f1342/masked_render/s01_microwave_grab_01_6/gt_mesh_l/images/crop_image
removed dir logs/3558f1342/masked_render/s01_microwave_grab_01_6/gt_mesh_r/images/crop_image
removed dir logs/3558f1342/masked_render/s01_microwave_grab_01_6/gt_mesh_obj/images/crop_image
s01_microwave_grab_01_6 done
s04_capsulemachine_grab_01_3 save mode is direct
s04_capsulemachine_grab_01_3.0022.png seems unormal in ['r'] with multi boxes detected while no overlapping
s04_capsulemachine_grab_01_3 done
s08_waffleiron_use_04_3 save mode is ln
s08_waffleiron_use_04_3 done
s02_mixer_use_02_3 save mode is direct
s02_mixer_use_02_3 done
s05_phone_use_02_6 save mode is direct
s05_phone_use_02_6 done
s08_mixer_use_02_8 save mode is ln
s08_mixer_use_02_8 done
s01_notebook_use_01_1 save mode is direct
s01_notebook_use_01_1 done
s07_espressomachine_use_01_8 save mode is direct
s07_espressomachine_use_01_8 done
s08_capsulemachine_use_04_4 save mode is direct
s08_capsulemachine_use_04_4.0602.png seems unormal in ['r'] with multi boxes detected while no overlapping
s08_capsulemachine_use_04_4 done
s08_espressomachine_use_02_2 save mode is ln
s08_espressomachine_use_02_2 done
s05_ketchup_use_01_2 save mode is ln
s05_ketchup_use_01_2 done
s02_capsulemachine_use_01_2 finished
s05_microwave_use_01_7 finished
s09_ketchup_use_01_2 finished
s05_ketchup_use_01_4 finished
s05_mixer_use_01_7 finished
s08_notebook_use_01_8 finished
s02_mixer_use_04_7 finished
s08_scissors_use_04_5 finished
s07_laptop_use_01_6 finished
s04_capsulemachine_grab_01_2 finished
s08_microwave_use_03_1 finished
s09_scissors_use_01_6 finished
s05_box_use_02_5 finished
s06_laptop_use_02_retake_7 finished
s01_microwave_use_01_1 finished
s08_espressomachine_use_01_8 finished
s04_laptop_grab_01_3 finished
s06_mixer_use_02_8 finished
s04_capsulemachine_use_01_5 finished
s02_microwave_use_01_5 finished
s02_microwave_use_01_retake_4 finished
s05_microwave_grab_01_5 finished
s07_scissors_grab_01_3 finished
s06_espressomachine_use_03_7 finished
s04_laptop_use_01_4 finished
s07_mixer_use_01_8 finished
s07_phone_use_02_3 finished
s04_espressomachine_use_02_5 finished
s04_microwave_grab_01_4 finished
s05_notebook_use_02_7 finished
s09_ketchup_use_03_4 finished
s04_box_use_01_7 finished
s05_capsulemachine_grab_01_1 finished
s01_scissors_use_01_7 finished
s10_waffleiron_use_01_5 finished
s08_espressomachine_use_01_5 finished
s09_laptop_use_01_5 finished
s08_capsulemachine_use_01_1 finished
s09_phone_use_03_8 finished
s10_scissors_use_02_8 finished
s01_phone_use_01_8 finished
s05_box_grab_01_8 finished
s09_capsulemachine_use_01_2 finished
s04_waffleiron_use_01_3 finished
s06_mixer_use_01_3 finished
s02_laptop_use_02_5 finished
s04_phone_use_01_8 finished
s08_laptop_use_01_3 finished
s10_box_use_01_1 finished
s05_microwave_use_02_1 finished
s02_phone_grab_01_4 finished
s07_laptop_use_02_2 finished
s08_mixer_use_04_7 finished
s04_phone_grab_01_3 finished
s05_laptop_use_01_8 finished
s08_laptop_use_01_5 finished
s01_microwave_grab_01_6 finished
s04_capsulemachine_grab_01_3 finished
s08_waffleiron_use_04_3 finished
s02_mixer_use_02_3 finished
s05_phone_use_02_6 finished
s08_mixer_use_02_8 finished
s01_notebook_use_01_1 finished
s07_espressomachine_use_01_8 finished
s08_capsulemachine_use_04_4 finished
s08_espressomachine_use_02_2 finished
s05_ketchup_use_01_2 finished
