s01_microwave_use_01_7 save mode is ln
s01_microwave_use_01_7.0033.png seems unormal in ['l'] with multi boxes detected while no overlapping
s01_laptop_grab_01_8 save mode is direct
s10_capsulemachine_use_02_2 save mode is direct
s10_capsulemachine_use_02_2 done
s05_laptop_grab_01_8 save mode is ln
s05_laptop_grab_01_8.0559.png seems unormal in ['l'] with multi boxes detected while no overlapping
s05_laptop_grab_01_8.0560.png seems unormal in ['l'] with multi boxes detected while no overlapping
s05_laptop_grab_01_8.0558.png seems unormal in ['l'] with multi boxes detected while no overlapping
s05_laptop_grab_01_8 done
s02_scissors_use_01_8 save mode is direct
s02_scissors_use_01_8 done
s06_laptop_use_01_retake_1 save mode is direct
s06_laptop_use_01_retake_1 done
s09_laptop_use_03_3 save mode is direct
s09_laptop_use_03_3 done
s08_waffleiron_use_01_8 save mode is ln
s08_waffleiron_use_01_8 done
s09_ketchup_use_04_8 save mode is ln
s09_ketchup_use_04_8 done
s02_waffleiron_use_01_5 save mode is direct
s02_waffleiron_use_01_5 done
s07_laptop_use_02_1 save mode is ln
s07_laptop_use_02_1 done
s05_scissors_grab_01_7 save mode is direct
s05_scissors_grab_01_7 done
s07_phone_use_01_4 save mode is ln
s07_phone_use_01_4 done
s01_waffleiron_grab_01_1 save mode is direct
s01_waffleiron_grab_01_1.0542.png seems unormal in ['r'] with multi boxes detected while no overlapping
s01_waffleiron_grab_01_1 done
s09_waffleiron_use_03_8 save mode is direct
s09_waffleiron_use_03_8.0022.png seems unormal in ['l'] with multi boxes detected while no overlapping
s09_waffleiron_use_03_8 done
s01_capsulemachine_use_02_2 save mode is ln
s01_capsulemachine_use_02_2 done
s10_waffleiron_use_01_4 save mode is ln
s10_waffleiron_use_01_4 done
s05_capsulemachine_use_02_2 save mode is ln
s05_capsulemachine_use_02_2.0020.png seems unormal in ['r'] with multi boxes detected while no overlapping
s05_capsulemachine_use_02_2.0019.png seems unormal in ['r'] with multi boxes detected while no overlapping
s05_capsulemachine_use_02_2 done
s01_scissors_use_01_1 save mode is ln
s01_scissors_use_01_1 done
s05_mixer_use_02_3 save mode is direct
s05_mixer_use_02_3 done
s02_waffleiron_use_01_4 save mode is direct
s02_waffleiron_use_01_4.0661.png seems unormal in ['r'] with multi boxes detected while no overlapping
s02_waffleiron_use_01_4.0330.png seems unormal in ['r'] with multi boxes detected while no overlapping
s02_waffleiron_use_01_4.0334.png seems unormal in ['r'] with multi boxes detected while no overlapping
s02_waffleiron_use_01_4.0331.png seems unormal in ['r'] with multi boxes detected while no overlapping
s02_waffleiron_use_01_4.0333.png seems unormal in ['r'] with multi boxes detected while no overlapping
s02_waffleiron_use_01_4.0332.png seems unormal in ['r'] with multi boxes detected while no overlapping
s02_waffleiron_use_01_4 done
s09_scissors_use_04_7 save mode is ln
s09_scissors_use_04_7 done
s07_ketchup_grab_01_2 save mode is ln
s07_ketchup_grab_01_2 done
s06_microwave_use_02_8 save mode is ln
s06_microwave_use_02_8 done
s05_waffleiron_use_02_7 save mode is ln
s05_waffleiron_use_02_7 done
s01_notebook_use_01_7 save mode is direct
s01_notebook_use_01_7 done
s07_espressomachine_use_01_3 save mode is ln
s07_espressomachine_use_01_3 done
s04_notebook_use_01_8 save mode is direct
s04_notebook_use_01_8.0032.png seems unormal in ['l'] with multi boxes detected while no overlapping
s04_notebook_use_01_8 done
s10_mixer_use_01_8 save mode is direct
s10_mixer_use_01_8 done
s07_box_use_01_3 save mode is direct
s07_box_use_01_3 done
s04_notebook_use_02_6 save mode is direct
s04_notebook_use_02_6 done
s05_microwave_use_01_8 save mode is direct
s05_microwave_use_01_8 done
s09_microwave_use_03_8 save mode is direct
s09_microwave_use_03_8 done
s07_espressomachine_grab_01_4 save mode is direct
s07_espressomachine_grab_01_4.0706.png seems unormal in ['r'] with multi boxes detected while no overlapping
s07_espressomachine_grab_01_4.0021.png seems unormal in ['r'] with multi boxes detected while no overlapping
s07_espressomachine_grab_01_4 done
s06_notebook_grab_01_8 save mode is direct
s06_notebook_grab_01_8 done
s07_capsulemachine_use_02_2 save mode is ln
s07_capsulemachine_use_02_2 done
s09_notebook_use_01_8 save mode is ln
s09_notebook_use_01_8 done
s04_phone_use_02_8 save mode is direct
s04_phone_use_02_8 done
s06_box_use_01_3 save mode is ln
s06_box_use_01_3 done
s02_laptop_grab_01_6 save mode is ln
s02_laptop_grab_01_6 done
s04_mixer_grab_01_1 save mode is direct
s04_mixer_grab_01_1.0375.png seems unormal in ['r'] with multi boxes detected while no overlapping
s04_mixer_grab_01_1.0378.png seems unormal in ['r'] with multi boxes detected while no overlapping
s04_mixer_grab_01_1.0376.png seems unormal in ['r'] with multi boxes detected while no overlapping
s04_mixer_grab_01_1.0377.png seems unormal in ['r'] with multi boxes detected while no overlapping
s04_mixer_grab_01_1 done
s05_laptop_grab_01_4 save mode is direct
s05_laptop_grab_01_4 done
s06_box_use_01_2 save mode is direct
s06_box_use_01_2 done
s10_scissors_use_02_7 save mode is direct
s10_scissors_use_02_7 done
s07_laptop_use_02_5 save mode is ln
s07_laptop_use_02_5 done
s02_ketchup_use_03_1 save mode is direct
s02_ketchup_use_03_1 done
s09_ketchup_use_03_6 save mode is direct
s09_ketchup_use_03_6 done
s05_phone_use_04_7 save mode is ln
s05_phone_use_04_7.1041.png seems unormal in ['r'] with multi boxes detected while no overlapping
s05_phone_use_04_7.1042.png seems unormal in ['r'] with multi boxes detected while no overlapping
s05_phone_use_04_7.1040.png seems unormal in ['r'] with multi boxes detected while no overlapping
s05_phone_use_04_7.0028.png seems unormal in ['r'] with multi boxes detected while no overlapping
s05_phone_use_04_7.1043.png seems unormal in ['r'] with multi boxes detected while no overlapping
s05_phone_use_04_7 done
s08_notebook_use_01_7 save mode is direct
s08_notebook_use_01_7 done
s08_waffleiron_use_02_3 save mode is direct
s08_waffleiron_use_02_3.0015.png seems unormal in ['r'] with multi boxes detected while no overlapping
s08_waffleiron_use_02_3.1021.png seems unormal in ['r'] with multi boxes detected while no overlapping
s08_waffleiron_use_02_3.0016.png seems unormal in ['r'] with multi boxes detected while no overlapping
s08_waffleiron_use_02_3 done
s10_ketchup_use_02_2 save mode is direct
s10_ketchup_use_02_2 done
s02_box_grab_01_6 save mode is ln
s02_box_grab_01_6 done
s10_mixer_use_01_1 save mode is direct
s10_mixer_use_01_1 done
s09_mixer_use_04_1 save mode is direct
s09_mixer_use_04_1 done
s09_microwave_use_02_7 save mode is direct
s09_microwave_use_02_7 done
s01_waffleiron_use_01_7 save mode is direct
s01_waffleiron_use_01_7 done
s02_microwave_use_02_4 save mode is direct
s02_microwave_use_02_4 done
s07_espressomachine_use_01_2 save mode is direct
s07_espressomachine_use_01_2 done
s01_laptop_use_04_1 save mode is direct
s01_laptop_use_04_1.0023.png seems unormal in ['r'] with multi boxes detected while no overlapping
s01_laptop_use_04_1 done
s02_scissors_grab_01_1 save mode is ln
s02_scissors_grab_01_1 done
s08_box_use_01_7 save mode is direct
s08_box_use_01_7 done
s09_laptop_use_03_5 save mode is direct
s09_laptop_use_03_5 done
s07_mixer_grab_01_retake_6 save mode is direct
s07_mixer_grab_01_retake_6.0480.png seems unormal in ['l'] with multi boxes detected while no overlapping
s07_mixer_grab_01_retake_6 done
s07_espressomachine_use_02_3 save mode is direct
s07_espressomachine_use_02_3 done
s02_mixer_use_02_4 save mode is ln
s02_mixer_use_02_4 done
s10_waffleiron_use_02_5 save mode is ln
s10_waffleiron_use_02_5 done
s07_box_use_01_6 save mode is direct
s07_box_use_01_6.0661.png seems unormal in ['l'] with multi boxes detected while no overlapping
s07_box_use_01_6 done
s01_microwave_use_01_7 finished
s01_laptop_grab_01_8 finished
s10_capsulemachine_use_02_2 finished
s05_laptop_grab_01_8 finished
s02_scissors_use_01_8 finished
s06_laptop_use_01_retake_1 finished
s09_laptop_use_03_3 finished
s08_waffleiron_use_01_8 finished
s09_ketchup_use_04_8 finished
s02_waffleiron_use_01_5 finished
s07_laptop_use_02_1 finished
s05_scissors_grab_01_7 finished
s07_phone_use_01_4 finished
s01_waffleiron_grab_01_1 finished
s09_waffleiron_use_03_8 finished
s01_capsulemachine_use_02_2 finished
s10_waffleiron_use_01_4 finished
s05_capsulemachine_use_02_2 finished
s01_scissors_use_01_1 finished
s05_mixer_use_02_3 finished
s02_waffleiron_use_01_4 finished
s09_scissors_use_04_7 finished
s07_ketchup_grab_01_2 finished
s06_microwave_use_02_8 finished
s05_waffleiron_use_02_7 finished
s01_notebook_use_01_7 finished
s07_espressomachine_use_01_3 finished
s04_notebook_use_01_8 finished
s10_mixer_use_01_8 finished
s07_box_use_01_3 finished
s04_notebook_use_02_6 finished
s05_microwave_use_01_8 finished
s09_microwave_use_03_8 finished
s07_espressomachine_grab_01_4 finished
s06_notebook_grab_01_8 finished
s07_capsulemachine_use_02_2 finished
s09_notebook_use_01_8 finished
s04_phone_use_02_8 finished
s06_box_use_01_3 finished
s02_laptop_grab_01_6 finished
s04_mixer_grab_01_1 finished
s05_laptop_grab_01_4 finished
s06_box_use_01_2 finished
s10_scissors_use_02_7 finished
s07_laptop_use_02_5 finished
s02_ketchup_use_03_1 finished
s09_ketchup_use_03_6 finished
s05_phone_use_04_7 finished
s08_notebook_use_01_7 finished
s08_waffleiron_use_02_3 finished
s10_ketchup_use_02_2 finished
s02_box_grab_01_6 finished
s10_mixer_use_01_1 finished
s09_mixer_use_04_1 finished
s09_microwave_use_02_7 finished
s01_waffleiron_use_01_7 finished
s02_microwave_use_02_4 finished
s07_espressomachine_use_01_2 finished
s01_laptop_use_04_1 finished
s02_scissors_grab_01_1 finished
s08_box_use_01_7 finished
s09_laptop_use_03_5 finished
s07_mixer_grab_01_retake_6 finished
s07_espressomachine_use_02_3 finished
s02_mixer_use_02_4 finished
s10_waffleiron_use_02_5 finished
s07_box_use_01_6 finished
