s06_mixer_use_02_7 save mode is direct
s01_capsulemachine_use_02_1 save mode is direct
s06_espressomachine_use_01_1 save mode is ln
s06_espressomachine_use_01_1 done
s04_espressomachine_use_02_4 save mode is direct
s04_espressomachine_use_02_4 done
s02_ketchup_use_03_4 save mode is direct
s02_ketchup_use_03_4.0155.png seems unormal in ['r'] with multi boxes detected while no overlapping
s02_ketchup_use_03_4.0170.png seems unormal in ['r'] with multi boxes detected while no overlapping
s02_ketchup_use_03_4.0156.png seems unormal in ['r'] with multi boxes detected while no overlapping
s02_ketchup_use_03_4.0171.png seems unormal in ['r'] with multi boxes detected while no overlapping
s02_ketchup_use_03_4 done
s05_espressomachine_grab_01_5 save mode is ln
s05_espressomachine_grab_01_5.0383.png seems unormal in ['l'] with multi boxes detected while no overlapping
s05_espressomachine_grab_01_5 done
s08_laptop_use_02_1 save mode is direct
s08_laptop_use_02_1 done
s07_capsulemachine_use_02_6 save mode is ln
s07_capsulemachine_use_02_6 done
s06_espressomachine_grab_01_6 save mode is direct
s06_espressomachine_grab_01_6.0011.png seems unormal in ['r'] with multi boxes detected while no overlapping
s06_espressomachine_grab_01_6.0427.png seems unormal in ['r'] with multi boxes detected while no overlapping
s06_espressomachine_grab_01_6.0209.png seems unormal in ['l'] with multi boxes detected while no overlapping
s06_espressomachine_grab_01_6.0102.png seems unormal in ['l'] with multi boxes detected while no overlapping
s06_espressomachine_grab_01_6.0210.png seems unormal in ['l'] with multi boxes detected while no overlapping
s06_espressomachine_grab_01_6 done
s07_microwave_grab_01_1 save mode is ln
s07_microwave_grab_01_1.0009.png seems unormal in ['l'] with multi boxes detected while no overlapping
s07_microwave_grab_01_1.0012.png seems unormal in ['r'] with multi boxes detected while no overlapping
s07_microwave_grab_01_1 done
s06_laptop_use_01_retake_8 save mode is direct
s06_laptop_use_01_retake_8 done
s06_mixer_use_02_5 save mode is direct
s06_mixer_use_02_5 done
s02_ketchup_use_01_7 save mode is direct
s02_ketchup_use_01_7.0419.png seems unormal in ['l'] with multi boxes detected while no overlapping
s02_ketchup_use_01_7 done
s02_scissors_use_01_2 save mode is direct
s02_scissors_use_01_2 done
s10_waffleiron_use_02_1 save mode is ln
s10_waffleiron_use_02_1.0667.png seems unormal in ['l'] with multi boxes detected while no overlapping
s10_waffleiron_use_02_1.0665.png seems unormal in ['r'] with multi boxes detected while no overlapping
s10_waffleiron_use_02_1 done
s04_laptop_grab_01_2 save mode is ln
s04_laptop_grab_01_2 done
s09_scissors_use_02_5 save mode is direct
s09_scissors_use_02_5 done
s01_microwave_use_02_5 save mode is direct
s01_microwave_use_02_5 done
s02_waffleiron_use_02_3 save mode is direct
s02_waffleiron_use_02_3 done
s07_ketchup_use_02_7 save mode is ln
s07_ketchup_use_02_7 done
s08_microwave_use_04_8 save mode is ln
s08_microwave_use_04_8 done
s01_phone_use_01_1 save mode is direct
s01_phone_use_01_1 done
s06_espressomachine_use_01_7 save mode is ln
s06_espressomachine_use_01_7 done
s04_mixer_use_01_4 save mode is direct
s04_mixer_use_01_4 done
s04_capsulemachine_use_02_4 save mode is ln
s04_capsulemachine_use_02_4 done
s09_waffleiron_use_04_5 save mode is ln
s09_waffleiron_use_04_5 done
s08_espressomachine_use_02_3 save mode is direct
s08_espressomachine_use_02_3 done
s08_espressomachine_use_02_5 save mode is ln
s08_espressomachine_use_02_5 done
s01_ketchup_use_01_4 save mode is direct
s01_ketchup_use_01_4.0232.png seems unormal in ['r'] with multi boxes detected while no overlapping
s01_ketchup_use_01_4 done
s05_mixer_use_01_8 save mode is ln
s05_mixer_use_01_8 done
s08_capsulemachine_use_04_2 save mode is ln
s08_capsulemachine_use_04_2 done
s06_capsulemachine_grab_01_1 save mode is ln
s06_capsulemachine_grab_01_1.0511.png seems unormal in ['r'] with multi boxes detected while no overlapping
s06_capsulemachine_grab_01_1 done
s06_capsulemachine_use_02_1 save mode is direct
s06_capsulemachine_use_02_1 done
s10_phone_use_02_8 save mode is ln
s10_phone_use_02_8 done
s06_microwave_use_02_2 save mode is direct
s06_microwave_use_02_2 done
s08_waffleiron_use_04_7 save mode is direct
s08_waffleiron_use_04_7 done
s02_mixer_use_04_2 save mode is direct
s02_mixer_use_04_2 done
s01_laptop_use_02_5 save mode is direct
s01_laptop_use_02_5 done
s07_phone_grab_01_5 save mode is direct
s07_phone_grab_01_5 done
s08_mixer_use_01_6 save mode is ln
s08_mixer_use_01_6 done
s08_notebook_use_02_5 save mode is direct
s08_notebook_use_02_5 done
s02_microwave_use_01_retake_5 save mode is direct
s02_microwave_use_01_retake_5 done
s06_box_use_02_5 save mode is ln
s06_box_use_02_5 done
s05_ketchup_grab_01_3 save mode is direct
s05_ketchup_grab_01_3 done
s10_phone_use_01_retake_2 save mode is direct
s10_phone_use_01_retake_2 done
s10_box_use_02_3 save mode is direct
s10_box_use_02_3 done
s08_ketchup_use_02_2 save mode is ln
s08_ketchup_use_02_2 done
s09_capsulemachine_use_04_3 save mode is direct
s09_capsulemachine_use_04_3 done
s06_box_use_04_7 save mode is direct
s06_box_use_04_7 done
s06_scissors_use_01_4 save mode is direct
s06_scissors_use_01_4.0221.png seems unormal in ['l'] with multi boxes detected while no overlapping
s06_scissors_use_01_4 done
s02_capsulemachine_grab_01_2 save mode is ln
s02_capsulemachine_grab_01_2 done
s05_ketchup_use_01_3 save mode is direct
s05_ketchup_use_01_3 done
s05_waffleiron_use_01_7 save mode is direct
s05_waffleiron_use_01_7 done
s06_waffleiron_use_02_3 save mode is direct
s06_waffleiron_use_02_3 done
s07_espressomachine_grab_01_3 save mode is direct
s07_espressomachine_grab_01_3.0712.png seems unormal in ['r'] with multi boxes detected while no overlapping
s07_espressomachine_grab_01_3 done
s08_capsulemachine_use_01_6 save mode is direct
s08_capsulemachine_use_01_6 done
s08_mixer_use_02_6 save mode is ln
s08_mixer_use_02_6 done
s08_phone_use_01_6 save mode is direct
s08_phone_use_01_6 done
s10_notebook_use_01_2 save mode is ln
s10_notebook_use_01_2 done
s05_notebook_use_02_1 save mode is ln
s05_notebook_use_02_1 done
s06_microwave_grab_01_8 save mode is ln
s06_microwave_grab_01_8.0020.png seems unormal in ['l'] with multi boxes detected while no overlapping
s06_microwave_grab_01_8.0205.png seems unormal in ['l'] with multi boxes detected while no overlapping
s06_microwave_grab_01_8.0021.png seems unormal in ['l'] with multi boxes detected while no overlapping
s06_microwave_grab_01_8.0206.png seems unormal in ['l'] with multi boxes detected while no overlapping
s06_microwave_grab_01_8 done
s01_waffleiron_use_01_4 save mode is ln
s01_waffleiron_use_01_4 done
s04_box_grab_01_6 save mode is direct
s04_box_grab_01_6.0150.png seems unormal in ['r'] with multi boxes detected while no overlapping
s04_box_grab_01_6.0169.png seems unormal in ['r'] with multi boxes detected while no overlapping
s04_box_grab_01_6 done
s06_notebook_use_01_6 save mode is ln
s06_notebook_use_01_6 done
s02_mixer_use_02_6 save mode is direct
s02_mixer_use_02_6 done
s02_espressomachine_grab_01_4 save mode is ln
s02_espressomachine_grab_01_4.0029.png seems unormal in ['r'] with multi boxes detected while no overlapping
s02_espressomachine_grab_01_4 done
s09_capsulemachine_use_04_8 save mode is direct
s09_capsulemachine_use_04_8 done
s06_mixer_use_02_7 finished
s01_capsulemachine_use_02_1 finished
s06_espressomachine_use_01_1 finished
s04_espressomachine_use_02_4 finished
s02_ketchup_use_03_4 finished
s05_espressomachine_grab_01_5 finished
s08_laptop_use_02_1 finished
s07_capsulemachine_use_02_6 finished
s06_espressomachine_grab_01_6 finished
s07_microwave_grab_01_1 finished
s06_laptop_use_01_retake_8 finished
s06_mixer_use_02_5 finished
s02_ketchup_use_01_7 finished
s02_scissors_use_01_2 finished
s10_waffleiron_use_02_1 finished
s04_laptop_grab_01_2 finished
s09_scissors_use_02_5 finished
s01_microwave_use_02_5 finished
s02_waffleiron_use_02_3 finished
s07_ketchup_use_02_7 finished
s08_microwave_use_04_8 finished
s01_phone_use_01_1 finished
s06_espressomachine_use_01_7 finished
s04_mixer_use_01_4 finished
s04_capsulemachine_use_02_4 finished
s09_waffleiron_use_04_5 finished
s08_espressomachine_use_02_3 finished
s08_espressomachine_use_02_5 finished
s01_ketchup_use_01_4 finished
s05_mixer_use_01_8 finished
s08_capsulemachine_use_04_2 finished
s06_capsulemachine_grab_01_1 finished
s06_capsulemachine_use_02_1 finished
s10_phone_use_02_8 finished
s06_microwave_use_02_2 finished
s08_waffleiron_use_04_7 finished
s02_mixer_use_04_2 finished
s01_laptop_use_02_5 finished
s07_phone_grab_01_5 finished
s08_mixer_use_01_6 finished
s08_notebook_use_02_5 finished
s02_microwave_use_01_retake_5 finished
s06_box_use_02_5 finished
s05_ketchup_grab_01_3 finished
s10_phone_use_01_retake_2 finished
s10_box_use_02_3 finished
s08_ketchup_use_02_2 finished
s09_capsulemachine_use_04_3 finished
s06_box_use_04_7 finished
s06_scissors_use_01_4 finished
s02_capsulemachine_grab_01_2 finished
s05_ketchup_use_01_3 finished
s05_waffleiron_use_01_7 finished
s06_waffleiron_use_02_3 finished
s07_espressomachine_grab_01_3 finished
s08_capsulemachine_use_01_6 finished
s08_mixer_use_02_6 finished
s08_phone_use_01_6 finished
s10_notebook_use_01_2 finished
s05_notebook_use_02_1 finished
s06_microwave_grab_01_8 finished
s01_waffleiron_use_01_4 finished
s04_box_grab_01_6 finished
s06_notebook_use_01_6 finished
s02_mixer_use_02_6 finished
s02_espressomachine_grab_01_4 finished
s09_capsulemachine_use_04_8 finished
