s07_box_use_01_1 save mode is ln
s07_espressomachine_grab_01_7 save mode is direct
s09_notebook_use_03_8 save mode is ln
s09_notebook_use_03_8 done
s04_notebook_use_02_3 save mode is ln
s04_notebook_use_02_3.0018.png seems unormal in ['r'] with multi boxes detected while no overlapping
s04_notebook_use_02_3.0844.png seems unormal in ['r'] with multi boxes detected while no overlapping
s04_notebook_use_02_3 done
s06_box_use_04_2 save mode is direct
s06_box_use_04_2 done
s04_box_use_02_8 save mode is direct
s04_box_use_02_8 done
s04_box_use_01_3 save mode is ln
s04_box_use_01_3 done
s05_waffleiron_use_02_8 save mode is ln
s05_waffleiron_use_02_8.0755.png seems unormal in ['l'] with multi boxes detected while no overlapping
s05_waffleiron_use_02_8 done
s05_laptop_use_01_7 save mode is ln
s05_laptop_use_01_7 done
s05_ketchup_use_01_7 save mode is direct
s05_ketchup_use_01_7 done
s08_ketchup_use_01_5 save mode is direct
s08_ketchup_use_01_5 done
s05_notebook_use_02_3 save mode is direct
s05_notebook_use_02_3 done
s09_ketchup_use_03_3 save mode is ln
s09_ketchup_use_03_3 done
s04_espressomachine_grab_01_6 save mode is ln
s04_espressomachine_grab_01_6 done
s05_scissors_use_01_retake_2 save mode is ln
s05_scissors_use_01_retake_2 done
s02_ketchup_grab_01_8 save mode is ln
s02_ketchup_grab_01_8 done
s10_scissors_use_02_1 save mode is ln
s10_scissors_use_02_1 done
s09_capsulemachine_use_03_7 save mode is direct
s09_capsulemachine_use_03_7 done
s07_mixer_grab_01_retake_3 save mode is ln
s07_mixer_grab_01_retake_3 done
s05_espressomachine_use_02_5 save mode is direct
s05_espressomachine_use_02_5 done
s08_phone_use_01_4 save mode is ln
s08_phone_use_01_4 done
s09_mixer_use_03_2 save mode is direct
s09_mixer_use_03_2 done
s01_laptop_use_01_8 save mode is direct
s01_laptop_use_01_8 done
s01_capsulemachine_grab_01_2 save mode is direct
s01_capsulemachine_grab_01_2 done
s10_mixer_use_01_2 save mode is direct
s10_mixer_use_01_2 done
s04_phone_grab_01_2 save mode is direct
s04_phone_grab_01_2 done
s09_espressomachine_use_03_5 save mode is direct
s09_espressomachine_use_03_5 done
s10_mixer_use_02_8 save mode is direct
s10_mixer_use_02_8 done
s06_waffleiron_grab_01_retake_7 save mode is ln
s06_waffleiron_grab_01_retake_7 done
s09_laptop_use_03_2 save mode is ln
s09_laptop_use_03_2 done
s04_laptop_use_02_1 save mode is direct
s04_laptop_use_02_1 done
s02_notebook_use_01_6 save mode is direct
s02_notebook_use_01_6 done
s02_mixer_grab_01_7 save mode is direct
s02_mixer_grab_01_7 done
s02_capsulemachine_grab_01_5 save mode is direct
s02_capsulemachine_grab_01_5.0129.png seems unormal in ['r'] with multi boxes detected while no overlapping
s02_capsulemachine_grab_01_5 done
s10_capsulemachine_use_01_3 save mode is direct
s10_capsulemachine_use_01_3 done
s08_phone_use_02_8 save mode is direct
s08_phone_use_02_8 done
s09_scissors_use_02_6 save mode is ln
s09_scissors_use_02_6 done
s06_espressomachine_use_02_6 save mode is ln
s06_espressomachine_use_02_6.0012.png seems unormal in ['l'] with multi boxes detected while no overlapping
s06_espressomachine_use_02_6 done
s09_notebook_use_01_7 save mode is direct
s09_notebook_use_01_7 done
s07_phone_grab_01_3 save mode is direct
s07_phone_grab_01_3 done
s07_waffleiron_grab_01_4 save mode is direct
s07_waffleiron_grab_01_4.0016.png seems unormal in ['r'] with multi boxes detected while no overlapping
s07_waffleiron_grab_01_4 done
s05_laptop_use_01_3 save mode is ln
s05_laptop_use_01_3.0721.png seems unormal in ['r'] with multi boxes detected while no overlapping
s05_laptop_use_01_3 done
s09_microwave_use_04_6 save mode is ln
s09_microwave_use_04_6 done
s01_espressomachine_grab_01_5 save mode is direct
s01_espressomachine_grab_01_5.0101.png seems unormal in ['l'] with multi boxes detected while no overlapping
s01_espressomachine_grab_01_5.0609.png seems unormal in ['l'] with multi boxes detected while no overlapping
s01_espressomachine_grab_01_5 done
s01_waffleiron_use_02_5 save mode is ln
s01_waffleiron_use_02_5.0447.png seems unormal in ['l'] with multi boxes detected while no overlapping
s01_waffleiron_use_02_5 done
s10_capsulemachine_use_02_6 save mode is ln
s10_capsulemachine_use_02_6 done
s10_ketchup_use_01_1 save mode is direct
s10_ketchup_use_01_1 done
s10_phone_grab_01_6 save mode is direct
s10_phone_grab_01_6 done
s01_box_use_02_7 save mode is direct
s01_box_use_02_7 done
s08_ketchup_use_03_8 save mode is ln
s08_ketchup_use_03_8 done
s08_ketchup_use_01_4 save mode is direct
s08_ketchup_use_01_4.0017.png seems unormal in ['r'] with multi boxes detected while no overlapping
s08_ketchup_use_01_4 done
s06_microwave_use_01_4 save mode is ln
s06_microwave_use_01_4 done
s02_ketchup_use_04_3 save mode is direct
s02_ketchup_use_04_3 done
s10_phone_use_02_3 save mode is ln
s10_phone_use_02_3.0860.png seems unormal in ['l'] with multi boxes detected while no overlapping
s10_phone_use_02_3 done
s07_microwave_use_01_5 save mode is direct
s07_microwave_use_01_5 done
s08_notebook_use_04_8 save mode is ln
s08_notebook_use_04_8 done
s04_microwave_use_01_3 save mode is ln
s04_microwave_use_01_3.0016.png seems unormal in ['r'] with multi boxes detected while no overlapping
s04_microwave_use_01_3 done
s04_box_use_01_6 save mode is direct
s04_box_use_01_6 done
s02_ketchup_grab_01_6 save mode is direct
s02_ketchup_grab_01_6 done
s01_phone_use_01_3 save mode is ln
s01_phone_use_01_3 done
s05_mixer_use_01_6 save mode is ln
s05_mixer_use_01_6 done
s01_phone_grab_01_3 save mode is ln
s01_phone_grab_01_3.0014.png seems unormal in ['r'] with multi boxes detected while no overlapping
s01_phone_grab_01_3 done
s09_ketchup_use_03_1 save mode is ln
s09_ketchup_use_03_1 done
s01_espressomachine_use_02_2 save mode is direct
s01_espressomachine_use_02_2 done
s10_waffleiron_use_02_2 save mode is ln
s10_waffleiron_use_02_2 done
s02_mixer_use_01_6 save mode is direct
s02_mixer_use_01_6 done
s02_phone_use_01_5 save mode is direct
s02_phone_use_01_5.0020.png seems unormal in ['r'] with multi boxes detected while no overlapping
s02_phone_use_01_5 done
s07_box_use_01_1 finished
s07_espressomachine_grab_01_7 finished
s09_notebook_use_03_8 finished
s04_notebook_use_02_3 finished
s06_box_use_04_2 finished
s04_box_use_02_8 finished
s04_box_use_01_3 finished
s05_waffleiron_use_02_8 finished
s05_laptop_use_01_7 finished
s05_ketchup_use_01_7 finished
s08_ketchup_use_01_5 finished
s05_notebook_use_02_3 finished
s09_ketchup_use_03_3 finished
s04_espressomachine_grab_01_6 finished
s05_scissors_use_01_retake_2 finished
s02_ketchup_grab_01_8 finished
s10_scissors_use_02_1 finished
s09_capsulemachine_use_03_7 finished
s07_mixer_grab_01_retake_3 finished
s05_espressomachine_use_02_5 finished
s08_phone_use_01_4 finished
s09_mixer_use_03_2 finished
s01_laptop_use_01_8 finished
s01_capsulemachine_grab_01_2 finished
s10_mixer_use_01_2 finished
s04_phone_grab_01_2 finished
s09_espressomachine_use_03_5 finished
s10_mixer_use_02_8 finished
s06_waffleiron_grab_01_retake_7 finished
s09_laptop_use_03_2 finished
s04_laptop_use_02_1 finished
s02_notebook_use_01_6 finished
s02_mixer_grab_01_7 finished
s02_capsulemachine_grab_01_5 finished
s10_capsulemachine_use_01_3 finished
s08_phone_use_02_8 finished
s09_scissors_use_02_6 finished
s06_espressomachine_use_02_6 finished
s09_notebook_use_01_7 finished
s07_phone_grab_01_3 finished
s07_waffleiron_grab_01_4 finished
s05_laptop_use_01_3 finished
s09_microwave_use_04_6 finished
s01_espressomachine_grab_01_5 finished
s01_waffleiron_use_02_5 finished
s10_capsulemachine_use_02_6 finished
s10_ketchup_use_01_1 finished
s10_phone_grab_01_6 finished
s01_box_use_02_7 finished
s08_ketchup_use_03_8 finished
s08_ketchup_use_01_4 finished
s06_microwave_use_01_4 finished
s02_ketchup_use_04_3 finished
s10_phone_use_02_3 finished
s07_microwave_use_01_5 finished
s08_notebook_use_04_8 finished
s04_microwave_use_01_3 finished
s04_box_use_01_6 finished
s02_ketchup_grab_01_6 finished
s01_phone_use_01_3 finished
s05_mixer_use_01_6 finished
s01_phone_grab_01_3 finished
s09_ketchup_use_03_1 finished
s01_espressomachine_use_02_2 finished
s10_waffleiron_use_02_2 finished
s02_mixer_use_01_6 finished
s02_phone_use_01_5 finished
