s10_box_use_01_3 save mode is direct
s10_scissors_use_02_2 save mode is direct
s04_scissors_grab_01_7 save mode is direct
s04_scissors_grab_01_7 done
s05_espressomachine_grab_01_4 save mode is direct
s05_espressomachine_grab_01_4.0647.png seems unormal in ['l'] with multi boxes detected while no overlapping
s05_espressomachine_grab_01_4 done
s04_notebook_grab_01_8 save mode is direct
s04_notebook_grab_01_8 done
s09_waffleiron_use_02_6 save mode is direct
s09_waffleiron_use_02_6 done
s10_ketchup_use_01_4 save mode is direct
s10_ketchup_use_01_4 done
s02_microwave_use_01_retake_8 save mode is direct
s02_microwave_use_01_retake_8 done
s10_laptop_use_02_8 save mode is ln
s10_laptop_use_02_8 done
s08_laptop_use_03_5 save mode is direct
s08_laptop_use_03_5 done
s01_scissors_use_02_3 save mode is direct
s01_scissors_use_02_3 done
s05_notebook_use_02_8 save mode is ln
s05_notebook_use_02_8 done
s02_capsulemachine_use_01_6 save mode is direct
s02_capsulemachine_use_01_6 done
s01_microwave_use_01_6 save mode is ln
s01_microwave_use_01_6 done
s09_microwave_use_04_1 save mode is direct
s09_microwave_use_04_1 done
s04_ketchup_use_02_5 save mode is direct
s04_ketchup_use_02_5 done
s08_phone_use_04_8 save mode is direct
s08_phone_use_04_8 done
s01_ketchup_grab_01_5 save mode is ln
s01_ketchup_grab_01_5.0076.png seems unormal in ['l'] with multi boxes detected while no overlapping
s01_ketchup_grab_01_5 done
s02_microwave_grab_01_8 save mode is direct
s02_microwave_grab_01_8.0389.png seems unormal in ['l'] with multi boxes detected while no overlapping
s02_microwave_grab_01_8.0355.png seems unormal in ['l'] with multi boxes detected while no overlapping
s02_microwave_grab_01_8.0357.png seems unormal in ['l'] with multi boxes detected while no overlapping
s02_microwave_grab_01_8.0122.png seems unormal in ['l'] with multi boxes detected while no overlapping
s02_microwave_grab_01_8.0029.png seems unormal in ['l'] with multi boxes detected while no overlapping
s02_microwave_grab_01_8.0149.png seems unormal in ['l'] with multi boxes detected while no overlapping
s02_microwave_grab_01_8.0390.png seems unormal in ['l'] with multi boxes detected while no overlapping
s02_microwave_grab_01_8.0388.png seems unormal in ['l'] with multi boxes detected while no overlapping
s02_microwave_grab_01_8.0391.png seems unormal in ['l'] with multi boxes detected while no overlapping
s02_microwave_grab_01_8.0356.png seems unormal in ['l'] with multi boxes detected while no overlapping
s02_microwave_grab_01_8 done
s01_phone_use_01_4 save mode is ln
s01_phone_use_01_4.0656.png seems unormal in ['r'] with multi boxes detected while no overlapping
s01_phone_use_01_4 done
s02_box_use_01_7 save mode is direct
s02_box_use_01_7 done
s05_espressomachine_grab_01_1 save mode is ln
s05_espressomachine_grab_01_1.0022.png seems unormal in ['r'] with multi boxes detected while no overlapping
s05_espressomachine_grab_01_1.0511.png seems unormal in ['r'] with multi boxes detected while no overlapping
s05_espressomachine_grab_01_1 done
s10_laptop_use_02_7 save mode is ln
s10_laptop_use_02_7 done
s04_box_use_01_2 save mode is direct
s04_box_use_01_2 done
s05_capsulemachine_use_02_1 save mode is ln
s05_capsulemachine_use_02_1.0017.png seems unormal in ['r'] with multi boxes detected while no overlapping
s05_capsulemachine_use_02_1 done
s06_waffleiron_grab_01_retake_3 save mode is direct
s06_waffleiron_grab_01_retake_3 done
s07_mixer_use_01_1 save mode is direct
s07_mixer_use_01_1 done
s07_ketchup_grab_01_6 save mode is ln
s07_ketchup_grab_01_6 done
s04_box_grab_01_2 save mode is ln
s04_box_grab_01_2.0145.png seems unormal in ['r'] with multi boxes detected while no overlapping
s04_box_grab_01_2.0171.png seems unormal in ['r'] with multi boxes detected while no overlapping
s04_box_grab_01_2.0146.png seems unormal in ['r'] with multi boxes detected while no overlapping
s04_box_grab_01_2 done
s10_notebook_use_01_1 save mode is ln
s10_notebook_use_01_1 done
s04_espressomachine_use_02_2 save mode is ln
s04_espressomachine_use_02_2 done
s04_phone_use_02_1 save mode is direct
s04_phone_use_02_1 done
s09_scissors_use_04_1 save mode is direct
s09_scissors_use_04_1 done
s01_ketchup_use_01_8 save mode is direct
s01_ketchup_use_01_8.0019.png seems unormal in ['l'] with multi boxes detected while no overlapping
s01_ketchup_use_01_8 done
s05_espressomachine_use_02_6 save mode is ln
s05_espressomachine_use_02_6 done
s01_laptop_use_02_4 save mode is ln
s01_laptop_use_02_4 done
s10_ketchup_use_01_7 save mode is direct
s10_ketchup_use_01_7 done
s09_laptop_use_04_8 save mode is ln
s09_laptop_use_04_8 done
s05_espressomachine_use_01_1 save mode is ln
s05_espressomachine_use_01_1 done
s09_ketchup_use_02_5 save mode is direct
s09_ketchup_use_02_5.0022.png seems unormal in ['l'] with multi boxes detected while no overlapping
s09_ketchup_use_02_5 done
s10_waffleiron_use_01_7 save mode is direct
s10_waffleiron_use_01_7 done
s01_ketchup_grab_01_6 save mode is direct
s01_ketchup_grab_01_6 done
s09_notebook_use_04_7 save mode is ln
s09_notebook_use_04_7 done
s05_ketchup_grab_01_8 save mode is direct
s05_ketchup_grab_01_8.0623.png seems unormal in ['l'] with multi boxes detected while no overlapping
s05_ketchup_grab_01_8.0546.png seems unormal in ['l'] with multi boxes detected while no overlapping
s05_ketchup_grab_01_8.0430.png seems unormal in ['l'] with multi boxes detected while no overlapping
s05_ketchup_grab_01_8.0429.png seems unormal in ['l'] with multi boxes detected while no overlapping
s05_ketchup_grab_01_8.0197.png seems unormal in ['l'] with multi boxes detected while no overlapping
s05_ketchup_grab_01_8 done
s01_waffleiron_grab_01_4 save mode is direct
s01_waffleiron_grab_01_4.0458.png seems unormal in ['r'] with multi boxes detected while no overlapping
s01_waffleiron_grab_01_4.0464.png seems unormal in ['r'] with multi boxes detected while no overlapping
s01_waffleiron_grab_01_4 done
s08_espressomachine_use_02_7 save mode is ln
s08_espressomachine_use_02_7 done
s09_espressomachine_use_04_5 save mode is ln
s09_espressomachine_use_04_5 done
s07_box_use_02_5 save mode is direct
s07_box_use_02_5 done
s01_laptop_use_03_3 save mode is direct
s01_laptop_use_03_3 done
s09_espressomachine_use_02_3 save mode is ln
s09_espressomachine_use_02_3 done
s08_espressomachine_use_01_1 save mode is ln
s08_espressomachine_use_01_1 done
s08_notebook_use_01_3 save mode is direct
s08_notebook_use_01_3 done
s02_scissors_grab_01_5 save mode is direct
s02_scissors_grab_01_5 done
s01_espressomachine_use_01_2 save mode is direct
s01_espressomachine_use_01_2 done
s02_phone_use_01_7 save mode is direct
s02_phone_use_01_7.0011.png seems unormal in ['r'] with multi boxes detected while no overlapping
s02_phone_use_01_7.0014.png seems unormal in ['r'] with multi boxes detected while no overlapping
s02_phone_use_01_7 done
s06_ketchup_use_01_3 save mode is direct
s06_ketchup_use_01_3 done
s01_mixer_grab_01_6 save mode is direct
s01_mixer_grab_01_6.0429.png seems unormal in ['l'] with multi boxes detected while no overlapping
s01_mixer_grab_01_6.0084.png seems unormal in ['l'] with multi boxes detected while no overlapping
s01_mixer_grab_01_6.0444.png seems unormal in ['l'] with multi boxes detected while no overlapping
s01_mixer_grab_01_6 done
s04_notebook_grab_01_4 save mode is ln
s04_notebook_grab_01_4 done
s10_capsulemachine_use_02_3 save mode is direct
s10_capsulemachine_use_02_3 done
s07_capsulemachine_use_01_1 save mode is direct
s07_capsulemachine_use_01_1 done
s08_microwave_use_04_6 save mode is direct
s08_microwave_use_04_6 done
s05_mixer_grab_01_4 save mode is ln
s05_mixer_grab_01_4.0153.png seems unormal in ['r'] with multi boxes detected while no overlapping
s05_mixer_grab_01_4 done
s04_espressomachine_grab_01_2 save mode is direct
s04_espressomachine_grab_01_2 done
s02_ketchup_use_02_8 save mode is direct
s02_ketchup_use_02_8 done
s06_microwave_use_02_1 save mode is direct
s06_microwave_use_02_1.0912.png seems unormal in ['r'] with multi boxes detected while no overlapping
s06_microwave_use_02_1 done
s06_phone_use_01_2 save mode is ln
s06_phone_use_01_2 done
s04_box_use_02_7 save mode is ln
s04_box_use_02_7 done
s10_box_use_01_3 finished
s10_scissors_use_02_2 finished
s04_scissors_grab_01_7 finished
s05_espressomachine_grab_01_4 finished
s04_notebook_grab_01_8 finished
s09_waffleiron_use_02_6 finished
s10_ketchup_use_01_4 finished
s02_microwave_use_01_retake_8 finished
s10_laptop_use_02_8 finished
s08_laptop_use_03_5 finished
s01_scissors_use_02_3 finished
s05_notebook_use_02_8 finished
s02_capsulemachine_use_01_6 finished
s01_microwave_use_01_6 finished
s09_microwave_use_04_1 finished
s04_ketchup_use_02_5 finished
s08_phone_use_04_8 finished
s01_ketchup_grab_01_5 finished
s02_microwave_grab_01_8 finished
s01_phone_use_01_4 finished
s02_box_use_01_7 finished
s05_espressomachine_grab_01_1 finished
s10_laptop_use_02_7 finished
s04_box_use_01_2 finished
s05_capsulemachine_use_02_1 finished
s06_waffleiron_grab_01_retake_3 finished
s07_mixer_use_01_1 finished
s07_ketchup_grab_01_6 finished
s04_box_grab_01_2 finished
s10_notebook_use_01_1 finished
s04_espressomachine_use_02_2 finished
s04_phone_use_02_1 finished
s09_scissors_use_04_1 finished
s01_ketchup_use_01_8 finished
s05_espressomachine_use_02_6 finished
s01_laptop_use_02_4 finished
s10_ketchup_use_01_7 finished
s09_laptop_use_04_8 finished
s05_espressomachine_use_01_1 finished
s09_ketchup_use_02_5 finished
s10_waffleiron_use_01_7 finished
s01_ketchup_grab_01_6 finished
s09_notebook_use_04_7 finished
s05_ketchup_grab_01_8 finished
s01_waffleiron_grab_01_4 finished
s08_espressomachine_use_02_7 finished
s09_espressomachine_use_04_5 finished
s07_box_use_02_5 finished
s01_laptop_use_03_3 finished
s09_espressomachine_use_02_3 finished
s08_espressomachine_use_01_1 finished
s08_notebook_use_01_3 finished
s02_scissors_grab_01_5 finished
s01_espressomachine_use_01_2 finished
s02_phone_use_01_7 finished
s06_ketchup_use_01_3 finished
s01_mixer_grab_01_6 finished
s04_notebook_grab_01_4 finished
s10_capsulemachine_use_02_3 finished
s07_capsulemachine_use_01_1 finished
s08_microwave_use_04_6 finished
s05_mixer_grab_01_4 finished
s04_espressomachine_grab_01_2 finished
s02_ketchup_use_02_8 finished
s06_microwave_use_02_1 finished
s06_phone_use_01_2 finished
s04_box_use_02_7 finished
