s09_capsulemachine_use_02_8 save mode is direct
s01_microwave_grab_01_2 save mode is ln
s09_ketchup_use_01_5 save mode is ln
s09_ketchup_use_01_5 done
s02_ketchup_use_03_3 save mode is direct
s02_ketchup_use_03_3.0013.png seems unormal in ['r'] with multi boxes detected while no overlapping
s02_ketchup_use_03_3 done
s06_box_use_03_8 save mode is direct
s06_box_use_03_8.0008.png seems unormal in ['l'] with multi boxes detected while no overlapping
s06_box_use_03_8 done
s05_waffleiron_use_01_5 save mode is direct
s05_waffleiron_use_01_5 done
s06_espressomachine_use_04_4 save mode is ln
s06_espressomachine_use_04_4 done
s06_capsulemachine_grab_01_8 save mode is direct
s06_capsulemachine_grab_01_8 done
s06_phone_use_01_1 save mode is ln
s06_phone_use_01_1 done
s01_mixer_use_01_2 save mode is ln
s01_mixer_use_01_2 done
s04_scissors_grab_01_2 save mode is direct
s04_scissors_grab_01_2 done
s01_scissors_use_02_4 save mode is direct
s01_scissors_use_02_4 done
s05_laptop_use_02_4 save mode is ln
s05_laptop_use_02_4 done
s02_waffleiron_use_01_1 save mode is ln
s02_waffleiron_use_01_1.0331.png seems unormal in ['r'] with multi boxes detected while no overlapping
s02_waffleiron_use_01_1 done
s04_scissors_use_02_1 save mode is direct
s04_scissors_use_02_1 done
s08_waffleiron_use_02_7 save mode is ln
s08_waffleiron_use_02_7 done
s08_ketchup_use_04_8 save mode is direct
s08_ketchup_use_04_8.0406.png seems unormal in ['l'] with multi boxes detected while no overlapping
s08_ketchup_use_04_8 done
s06_espressomachine_grab_01_1 save mode is direct
s06_espressomachine_grab_01_1.0424.png seems unormal in ['r'] with multi boxes detected while no overlapping
s06_espressomachine_grab_01_1 done
s10_laptop_use_02_1 save mode is direct
s10_laptop_use_02_1 done
s05_waffleiron_use_01_8 save mode is ln
s05_waffleiron_use_01_8 done
s04_mixer_use_02_3 save mode is direct
s04_mixer_use_02_3 done
s01_notebook_use_02_1 save mode is direct
s01_notebook_use_02_1 done
s06_espressomachine_use_01_2 save mode is direct
s06_espressomachine_use_01_2 done
s02_mixer_use_04_8 save mode is direct
s02_mixer_use_04_8.0028.png seems unormal in ['r'] with multi boxes detected while no overlapping
s02_mixer_use_04_8 done
s10_ketchup_grab_01_7 save mode is direct
s10_ketchup_grab_01_7.0480.png seems unormal in ['r'] with multi boxes detected while no overlapping
s10_ketchup_grab_01_7 done
s02_mixer_use_03_2 save mode is direct
s02_mixer_use_03_2 done
s09_espressomachine_use_02_2 save mode is direct
s09_espressomachine_use_02_2 done
s09_mixer_use_03_3 save mode is ln
s09_mixer_use_03_3 done
s02_scissors_use_02_6 save mode is ln
s02_scissors_use_02_6.0744.png seems unormal in ['l'] with multi boxes detected while no overlapping
s02_scissors_use_02_6 done
s07_phone_grab_01_6 save mode is ln
s07_phone_grab_01_6 done
s02_laptop_use_01_1 save mode is direct
s02_laptop_use_01_1 done
s01_laptop_grab_01_4 save mode is direct
s01_laptop_grab_01_4 done
s02_capsulemachine_grab_01_4 save mode is direct
s02_capsulemachine_grab_01_4.0605.png seems unormal in ['r'] with multi boxes detected while no overlapping
s02_capsulemachine_grab_01_4 done
s08_microwave_use_02_5 save mode is direct
s08_microwave_use_02_5 done
s01_box_use_01_3 save mode is direct
s01_box_use_01_3 done
s09_espressomachine_use_01_8 save mode is direct
s09_espressomachine_use_01_8 done
s04_capsulemachine_use_01_2 save mode is direct
s04_capsulemachine_use_01_2 done
s06_capsulemachine_grab_01_4 save mode is direct
s06_capsulemachine_grab_01_4.0591.png seems unormal in ['r'] with multi boxes detected while no overlapping
s06_capsulemachine_grab_01_4.0456.png seems unormal in ['r'] with multi boxes detected while no overlapping
s06_capsulemachine_grab_01_4.0458.png seems unormal in ['r'] with multi boxes detected while no overlapping
s06_capsulemachine_grab_01_4.0091.png seems unormal in ['r'] with multi boxes detected while no overlapping
s06_capsulemachine_grab_01_4.0457.png seems unormal in ['r'] with multi boxes detected while no overlapping
s06_capsulemachine_grab_01_4.0455.png seems unormal in ['r'] with multi boxes detected while no overlapping
s06_capsulemachine_grab_01_4.0296.png seems unormal in ['r'] with multi boxes detected while no overlapping
s06_capsulemachine_grab_01_4.0146.png seems unormal in ['r'] with multi boxes detected while no overlapping
s06_capsulemachine_grab_01_4 done
s04_phone_use_02_2 save mode is direct
s04_phone_use_02_2 done
s04_phone_use_01_4 save mode is ln
s04_phone_use_01_4 done
s10_laptop_use_02_6 save mode is ln
s10_laptop_use_02_6 done
s05_laptop_use_01_2 save mode is direct
s05_laptop_use_01_2 done
s09_phone_use_02_8 save mode is ln
s09_phone_use_02_8.0024.png seems unormal in ['l'] with multi boxes detected while no overlapping
s09_phone_use_02_8 done
s01_phone_use_01_2 save mode is ln
s01_phone_use_01_2 done
s08_laptop_use_02_3 save mode is ln
s08_laptop_use_02_3 done
s07_waffleiron_use_01_1 save mode is direct
s07_waffleiron_use_01_1.0017.png seems unormal in ['r'] with multi boxes detected while no overlapping
s07_waffleiron_use_01_1 done
s09_ketchup_use_04_4 save mode is ln
s09_ketchup_use_04_4.0016.png seems unormal in ['r'] with multi boxes detected while no overlapping
s09_ketchup_use_04_4 done
s09_mixer_use_01_6 save mode is direct
s09_mixer_use_01_6 done
s08_microwave_use_02_8 save mode is direct
s08_microwave_use_02_8 done
s01_ketchup_use_02_3 save mode is direct
s01_ketchup_use_02_3 done
s07_microwave_grab_01_5 save mode is direct
s07_microwave_grab_01_5.0250.png seems unormal in ['l'] with multi boxes detected while no overlapping
s07_microwave_grab_01_5.0249.png seems unormal in ['l'] with multi boxes detected while no overlapping
s07_microwave_grab_01_5.0268.png seems unormal in ['l'] with multi boxes detected while no overlapping
s07_microwave_grab_01_5 done
s08_scissors_use_01_5 save mode is ln
s08_scissors_use_01_5 done
s07_laptop_use_02_6 save mode is direct
s07_laptop_use_02_6 done
s01_phone_use_02_8 save mode is direct
s01_phone_use_02_8 done
s08_phone_use_03_2 save mode is direct
s08_phone_use_03_2 done
s02_mixer_use_01_1 save mode is ln
s02_mixer_use_01_1.0576.png seems unormal in ['r'] with multi boxes detected while no overlapping
s02_mixer_use_01_1 done
s07_scissors_use_02_7 save mode is direct
s07_scissors_use_02_7 done
s09_microwave_use_01_8 save mode is ln
s09_microwave_use_01_8 done
s10_box_use_01_5 save mode is direct
s10_box_use_01_5 done
s08_ketchup_use_04_7 save mode is direct
s08_ketchup_use_04_7 done
s08_box_use_03_2 save mode is ln
s08_box_use_03_2 done
s01_mixer_use_01_8 save mode is direct
s01_mixer_use_01_8.0026.png seems unormal in ['l'] with multi boxes detected while no overlapping
s01_mixer_use_01_8 done
s01_waffleiron_grab_01_5 save mode is direct
s01_waffleiron_grab_01_5.0459.png seems unormal in ['l'] with multi boxes detected while no overlapping
s01_waffleiron_grab_01_5.0090.png seems unormal in ['l'] with multi boxes detected while no overlapping
s01_waffleiron_grab_01_5.0542.png seems unormal in ['l'] with multi boxes detected while no overlapping
s01_waffleiron_grab_01_5.0458.png seems unormal in ['l'] with multi boxes detected while no overlapping
s01_waffleiron_grab_01_5 done
s05_notebook_use_01_6 save mode is ln
s05_notebook_use_01_6 done
s06_microwave_grab_01_1 save mode is ln
s06_microwave_grab_01_1.0226.png seems unormal in ['r'] with multi boxes detected while no overlapping
s06_microwave_grab_01_1.0020.png seems unormal in ['r'] with multi boxes detected while no overlapping
s06_microwave_grab_01_1.0225.png seems unormal in ['r'] with multi boxes detected while no overlapping
s06_microwave_grab_01_1.0297.png seems unormal in ['r'] with multi boxes detected while no overlapping
s06_microwave_grab_01_1 done
s10_espressomachine_use_02_2 save mode is ln
s10_espressomachine_use_02_2 done
s09_laptop_use_02_3 save mode is ln
s09_laptop_use_02_3 done
s09_capsulemachine_use_02_8 finished
s01_microwave_grab_01_2 finished
s09_ketchup_use_01_5 finished
s02_ketchup_use_03_3 finished
s06_box_use_03_8 finished
s05_waffleiron_use_01_5 finished
s06_espressomachine_use_04_4 finished
s06_capsulemachine_grab_01_8 finished
s06_phone_use_01_1 finished
s01_mixer_use_01_2 finished
s04_scissors_grab_01_2 finished
s01_scissors_use_02_4 finished
s05_laptop_use_02_4 finished
s02_waffleiron_use_01_1 finished
s04_scissors_use_02_1 finished
s08_waffleiron_use_02_7 finished
s08_ketchup_use_04_8 finished
s06_espressomachine_grab_01_1 finished
s10_laptop_use_02_1 finished
s05_waffleiron_use_01_8 finished
s04_mixer_use_02_3 finished
s01_notebook_use_02_1 finished
s06_espressomachine_use_01_2 finished
s02_mixer_use_04_8 finished
s10_ketchup_grab_01_7 finished
s02_mixer_use_03_2 finished
s09_espressomachine_use_02_2 finished
s09_mixer_use_03_3 finished
s02_scissors_use_02_6 finished
s07_phone_grab_01_6 finished
s02_laptop_use_01_1 finished
s01_laptop_grab_01_4 finished
s02_capsulemachine_grab_01_4 finished
s08_microwave_use_02_5 finished
s01_box_use_01_3 finished
s09_espressomachine_use_01_8 finished
s04_capsulemachine_use_01_2 finished
s06_capsulemachine_grab_01_4 finished
s04_phone_use_02_2 finished
s04_phone_use_01_4 finished
s10_laptop_use_02_6 finished
s05_laptop_use_01_2 finished
s09_phone_use_02_8 finished
s01_phone_use_01_2 finished
s08_laptop_use_02_3 finished
s07_waffleiron_use_01_1 finished
s09_ketchup_use_04_4 finished
s09_mixer_use_01_6 finished
s08_microwave_use_02_8 finished
s01_ketchup_use_02_3 finished
s07_microwave_grab_01_5 finished
s08_scissors_use_01_5 finished
s07_laptop_use_02_6 finished
s01_phone_use_02_8 finished
s08_phone_use_03_2 finished
s02_mixer_use_01_1 finished
s07_scissors_use_02_7 finished
s09_microwave_use_01_8 finished
s10_box_use_01_5 finished
s08_ketchup_use_04_7 finished
s08_box_use_03_2 finished
s01_mixer_use_01_8 finished
s01_waffleiron_grab_01_5 finished
s05_notebook_use_01_6 finished
s06_microwave_grab_01_1 finished
s10_espressomachine_use_02_2 finished
s09_laptop_use_02_3 finished
