s10_waffleiron_use_01_8 save mode is ln
s02_box_use_01_2 save mode is direct
s01_laptop_use_03_4 save mode is ln
s01_laptop_use_03_4 done
s01_ketchup_use_01_5 save mode is ln
s01_ketchup_use_01_5.0019.png seems unormal in ['l'] with multi boxes detected while no overlapping
s01_ketchup_use_01_5.0525.png seems unormal in ['l'] with multi boxes detected while no overlapping
s01_ketchup_use_01_5 done
s04_mixer_use_01_1 save mode is direct
s04_mixer_use_01_1 done
s10_waffleiron_grab_01_5 save mode is direct
s10_waffleiron_grab_01_5.0643.png seems unormal in ['l'] with multi boxes detected while no overlapping
s10_waffleiron_grab_01_5 done
s04_notebook_use_02_2 save mode is direct
s04_notebook_use_02_2 done
s09_scissors_use_01_4 save mode is direct
s09_scissors_use_01_4 done
s05_phone_grab_01_1 save mode is direct
s05_phone_grab_01_1.0157.png seems unormal in ['r'] with multi boxes detected while no overlapping
s05_phone_grab_01_1 done
s04_notebook_use_02_8 save mode is ln
s04_notebook_use_02_8.0030.png seems unormal in ['l'] with multi boxes detected while no overlapping
s04_notebook_use_02_8.0031.png seems unormal in ['l'] with multi boxes detected while no overlapping
s04_notebook_use_02_8 done
s02_mixer_grab_01_3 save mode is direct
s02_mixer_grab_01_3 done
s02_box_use_01_6 save mode is direct
s02_box_use_01_6 done
s10_espressomachine_use_02_5 save mode is ln
removed dir logs/3558f1342/masked_render/s10_espressomachine_use_02_5/gt_mesh_l/images/crop_image
removed dir logs/3558f1342/masked_render/s10_espressomachine_use_02_5/gt_mesh_r/images/crop_image
removed dir logs/3558f1342/masked_render/s10_espressomachine_use_02_5/gt_mesh_obj/images/crop_image
s10_espressomachine_use_02_5 done
s07_mixer_use_01_7 save mode is ln
s07_mixer_use_01_7.0697.png seems unormal in ['l'] with multi boxes detected while no overlapping
s07_mixer_use_01_7 done
s10_notebook_use_02_2 save mode is direct
s10_notebook_use_02_2 done
s06_box_use_02_3 save mode is ln
s06_box_use_02_3 done
s02_box_grab_01_4 save mode is ln
s02_box_grab_01_4 done
s02_waffleiron_use_01_3 save mode is direct
s02_waffleiron_use_01_3 done
s07_scissors_grab_01_8 save mode is direct
s07_scissors_grab_01_8 done
s07_waffleiron_grab_01_6 save mode is ln
s07_waffleiron_grab_01_6.0739.png seems unormal in ['l'] with multi boxes detected while no overlapping
s07_waffleiron_grab_01_6 done
s02_capsulemachine_use_02_3 save mode is ln
s02_capsulemachine_use_02_3.0655.png seems unormal in ['r'] with multi boxes detected while no overlapping
s02_capsulemachine_use_02_3 done
s02_microwave_grab_01_5 save mode is direct
s02_microwave_grab_01_5.0124.png seems unormal in ['l'] with multi boxes detected while no overlapping
s02_microwave_grab_01_5.0027.png seems unormal in ['l'] with multi boxes detected while no overlapping
s02_microwave_grab_01_5.0147.png seems unormal in ['l'] with multi boxes detected while no overlapping
s02_microwave_grab_01_5.0146.png seems unormal in ['l'] with multi boxes detected while no overlapping
s02_microwave_grab_01_5 done
s08_microwave_use_01_4 save mode is direct
s08_microwave_use_01_4 done
s01_ketchup_use_02_5 save mode is direct
s01_ketchup_use_02_5.0061.png seems unormal in ['l'] with multi boxes detected while no overlapping
s01_ketchup_use_02_5.0653.png seems unormal in ['l'] with multi boxes detected while no overlapping
s01_ketchup_use_02_5.0050.png seems unormal in ['l'] with multi boxes detected while no overlapping
s01_ketchup_use_02_5.0654.png seems unormal in ['l'] with multi boxes detected while no overlapping
s01_ketchup_use_02_5 done
s08_microwave_use_03_4 save mode is direct
s08_microwave_use_03_4 done
s01_laptop_use_04_7 save mode is ln
s01_laptop_use_04_7 done
s05_waffleiron_grab_01_7 save mode is direct
s05_waffleiron_grab_01_7 done
s05_capsulemachine_use_02_5 save mode is direct
s05_capsulemachine_use_02_5 done
s08_waffleiron_use_01_7 save mode is direct
s08_waffleiron_use_01_7 done
s04_capsulemachine_use_01_4 save mode is ln
s04_capsulemachine_use_01_4.0706.png seems unormal in ['r'] with multi boxes detected while no overlapping
s04_capsulemachine_use_01_4 done
s06_waffleiron_use_01_1 save mode is ln
s06_waffleiron_use_01_1 done
s04_capsulemachine_use_02_1 save mode is ln
s04_capsulemachine_use_02_1 done
s04_notebook_use_02_7 save mode is ln
s04_notebook_use_02_7.0030.png seems unormal in ['l'] with multi boxes detected while no overlapping
s04_notebook_use_02_7 done
s10_espressomachine_use_02_6 save mode is ln
s10_espressomachine_use_02_6 done
s06_microwave_grab_01_2 save mode is direct
s06_microwave_grab_01_2.0226.png seems unormal in ['r'] with multi boxes detected while no overlapping
s06_microwave_grab_01_2.0018.png seems unormal in ['r'] with multi boxes detected while no overlapping
s06_microwave_grab_01_2 done
s08_ketchup_use_02_8 save mode is direct
s08_ketchup_use_02_8.0118.png seems unormal in ['l'] with multi boxes detected while no overlapping
s08_ketchup_use_02_8.0082.png seems unormal in ['l'] with multi boxes detected while no overlapping
s08_ketchup_use_02_8 done
s01_microwave_use_01_2 save mode is ln
s01_microwave_use_01_2 done
s08_capsulemachine_use_02_7 save mode is direct
s08_capsulemachine_use_02_7 done
s06_phone_grab_01_3 save mode is ln
s06_phone_grab_01_3 done
s07_notebook_use_01_6 save mode is direct
s07_notebook_use_01_6.0016.png seems unormal in ['l'] with multi boxes detected while no overlapping
s07_notebook_use_01_6 done
s08_notebook_use_03_5 save mode is direct
s08_notebook_use_03_5 done
s08_scissors_use_01_1 save mode is direct
s08_scissors_use_01_1 done
s02_capsulemachine_use_01_5 save mode is direct
s02_capsulemachine_use_01_5.0263.png seems unormal in ['l'] with multi boxes detected while no overlapping
s02_capsulemachine_use_01_5.0264.png seems unormal in ['l'] with multi boxes detected while no overlapping
s02_capsulemachine_use_01_5 done
s02_box_use_02_4 save mode is ln
s02_box_use_02_4 done
s05_box_use_01_2 save mode is direct
s05_box_use_01_2 done
s05_box_use_01_4 save mode is ln
s05_box_use_01_4 done
s05_capsulemachine_grab_01_3 save mode is ln
s05_capsulemachine_grab_01_3.0009.png seems unormal in ['r'] with multi boxes detected while no overlapping
s05_capsulemachine_grab_01_3.0595.png seems unormal in ['r'] with multi boxes detected while no overlapping
s05_capsulemachine_grab_01_3 done
s01_laptop_use_04_4 save mode is direct
s01_laptop_use_04_4.0945.png seems unormal in ['r'] with multi boxes detected while no overlapping
s01_laptop_use_04_4 done
s04_laptop_use_02_6 save mode is direct
s04_laptop_use_02_6 done
s07_waffleiron_use_01_5 save mode is direct
s07_waffleiron_use_01_5 done
s07_box_use_02_3 save mode is direct
removed dir logs/3558f1342/masked_render/s07_box_use_02_3/gt_mesh_l/images/crop_image
removed dir logs/3558f1342/masked_render/s07_box_use_02_3/gt_mesh_r/images/crop_image
removed dir logs/3558f1342/masked_render/s07_box_use_02_3/gt_mesh_obj/images/crop_image
s07_box_use_02_3 done
s04_espressomachine_use_01_retake_2 save mode is ln
s04_espressomachine_use_01_retake_2 done
s02_scissors_grab_01_8 save mode is direct
s02_scissors_grab_01_8 done
s01_espressomachine_grab_01_2 save mode is direct
s01_espressomachine_grab_01_2.0607.png seems unormal in ['r'] with multi boxes detected while no overlapping
s01_espressomachine_grab_01_2 done
s02_waffleiron_grab_01_8 save mode is direct
s02_waffleiron_grab_01_8.0403.png seems unormal in ['l'] with multi boxes detected while no overlapping
s02_waffleiron_grab_01_8.0412.png seems unormal in ['l'] with multi boxes detected while no overlapping
s02_waffleiron_grab_01_8.0410.png seems unormal in ['l'] with multi boxes detected while no overlapping
s02_waffleiron_grab_01_8.0398.png seems unormal in ['l'] with multi boxes detected while no overlapping
s02_waffleiron_grab_01_8.0414.png seems unormal in ['l'] with multi boxes detected while no overlapping
s02_waffleiron_grab_01_8.0401.png seems unormal in ['l'] with multi boxes detected while no overlapping
s02_waffleiron_grab_01_8.0415.png seems unormal in ['l'] with multi boxes detected while no overlapping
s02_waffleiron_grab_01_8.0154.png seems unormal in ['l'] with multi boxes detected while no overlapping
s02_waffleiron_grab_01_8.0150.png seems unormal in ['l'] with multi boxes detected while no overlapping
s02_waffleiron_grab_01_8.0404.png seems unormal in ['l'] with multi boxes detected while no overlapping
s02_waffleiron_grab_01_8.0155.png seems unormal in ['l'] with multi boxes detected while no overlapping
s02_waffleiron_grab_01_8.0413.png seems unormal in ['l'] with multi boxes detected while no overlapping
s02_waffleiron_grab_01_8.0399.png seems unormal in ['l'] with multi boxes detected while no overlapping
s02_waffleiron_grab_01_8.0411.png seems unormal in ['l'] with multi boxes detected while no overlapping
s02_waffleiron_grab_01_8.0151.png seems unormal in ['l'] with multi boxes detected while no overlapping
s02_waffleiron_grab_01_8.0405.png seems unormal in ['l'] with multi boxes detected while no overlapping
s02_waffleiron_grab_01_8.0153.png seems unormal in ['l'] with multi boxes detected while no overlapping
s02_waffleiron_grab_01_8.0397.png seems unormal in ['l'] with multi boxes detected while no overlapping
s02_waffleiron_grab_01_8.0152.png seems unormal in ['l'] with multi boxes detected while no overlapping
s02_waffleiron_grab_01_8.0416.png seems unormal in ['l'] with multi boxes detected while no overlapping
s02_waffleiron_grab_01_8.0400.png seems unormal in ['l'] with multi boxes detected while no overlapping
s02_waffleiron_grab_01_8.0396.png seems unormal in ['l'] with multi boxes detected while no overlapping
s02_waffleiron_grab_01_8.0156.png seems unormal in ['l'] with multi boxes detected while no overlapping
s02_waffleiron_grab_01_8.0409.png seems unormal in ['l'] with multi boxes detected while no overlapping
s02_waffleiron_grab_01_8.0402.png seems unormal in ['l'] with multi boxes detected while no overlapping
s02_waffleiron_grab_01_8 done
s08_waffleiron_use_04_8 save mode is direct
s08_waffleiron_use_04_8 done
s08_capsulemachine_use_01_3 save mode is direct
s08_capsulemachine_use_01_3 done
s08_notebook_use_03_8 save mode is direct
s08_notebook_use_03_8 done
s09_microwave_use_02_4 save mode is direct
s09_microwave_use_02_4 done
s09_espressomachine_use_03_3 save mode is direct
s09_espressomachine_use_03_3 done
s02_mixer_use_03_6 save mode is direct
s02_mixer_use_03_6 done
s02_ketchup_grab_01_2 save mode is direct
s02_ketchup_grab_01_2 done
s09_phone_use_03_6 save mode is direct
s09_phone_use_03_6 done
s05_capsulemachine_use_01_7 save mode is ln
s05_capsulemachine_use_01_7 done
s02_espressomachine_use_01_5 save mode is ln
s02_espressomachine_use_01_5 done
s01_box_use_01_6 save mode is ln
s01_box_use_01_6 done
s06_waffleiron_use_04_1 save mode is direct
s06_waffleiron_use_04_1 done
s10_waffleiron_use_01_8 finished
s02_box_use_01_2 finished
s01_laptop_use_03_4 finished
s01_ketchup_use_01_5 finished
s04_mixer_use_01_1 finished
s10_waffleiron_grab_01_5 finished
s04_notebook_use_02_2 finished
s09_scissors_use_01_4 finished
s05_phone_grab_01_1 finished
s04_notebook_use_02_8 finished
s02_mixer_grab_01_3 finished
s02_box_use_01_6 finished
s10_espressomachine_use_02_5 finished
s07_mixer_use_01_7 finished
s10_notebook_use_02_2 finished
s06_box_use_02_3 finished
s02_box_grab_01_4 finished
s02_waffleiron_use_01_3 finished
s07_scissors_grab_01_8 finished
s07_waffleiron_grab_01_6 finished
s02_capsulemachine_use_02_3 finished
s02_microwave_grab_01_5 finished
s08_microwave_use_01_4 finished
s01_ketchup_use_02_5 finished
s08_microwave_use_03_4 finished
s01_laptop_use_04_7 finished
s05_waffleiron_grab_01_7 finished
s05_capsulemachine_use_02_5 finished
s08_waffleiron_use_01_7 finished
s04_capsulemachine_use_01_4 finished
s06_waffleiron_use_01_1 finished
s04_capsulemachine_use_02_1 finished
s04_notebook_use_02_7 finished
s10_espressomachine_use_02_6 finished
s06_microwave_grab_01_2 finished
s08_ketchup_use_02_8 finished
s01_microwave_use_01_2 finished
s08_capsulemachine_use_02_7 finished
s06_phone_grab_01_3 finished
s07_notebook_use_01_6 finished
s08_notebook_use_03_5 finished
s08_scissors_use_01_1 finished
s02_capsulemachine_use_01_5 finished
s02_box_use_02_4 finished
s05_box_use_01_2 finished
s05_box_use_01_4 finished
s05_capsulemachine_grab_01_3 finished
s01_laptop_use_04_4 finished
s04_laptop_use_02_6 finished
s07_waffleiron_use_01_5 finished
s07_box_use_02_3 finished
s04_espressomachine_use_01_retake_2 finished
s02_scissors_grab_01_8 finished
s01_espressomachine_grab_01_2 finished
s02_waffleiron_grab_01_8 finished
s08_waffleiron_use_04_8 finished
s08_capsulemachine_use_01_3 finished
s08_notebook_use_03_8 finished
s09_microwave_use_02_4 finished
s09_espressomachine_use_03_3 finished
s02_mixer_use_03_6 finished
s02_ketchup_grab_01_2 finished
s09_phone_use_03_6 finished
s05_capsulemachine_use_01_7 finished
s02_espressomachine_use_01_5 finished
s01_box_use_01_6 finished
s06_waffleiron_use_04_1 finished
