s04_scissors_grab_01_3 save mode is ln
s04_scissors_grab_01_3.0260.png seems unormal in ['l'] with multi boxes detected while no overlapping
s04_scissors_grab_01_3.0259.png seems unormal in ['l'] with multi boxes detected while no overlapping
s09_phone_use_03_7 save mode is direct
s09_phone_use_03_7.0031.png seems unormal in ['l'] with multi boxes detected while no overlapping
s07_espressomachine_use_02_2 save mode is ln
s07_espressomachine_use_02_2 done
s08_microwave_use_02_1 save mode is direct
s08_microwave_use_02_1 done
s05_capsulemachine_grab_01_2 save mode is ln
s05_capsulemachine_grab_01_2 done
s06_mixer_use_02_1 save mode is direct
s06_mixer_use_02_1 done
s09_waffleiron_use_01_7 save mode is direct
s09_waffleiron_use_01_7 done
s04_capsulemachine_use_01_1 save mode is ln
s04_capsulemachine_use_01_1 done
s07_box_use_02_6 save mode is direct
s07_box_use_02_6 done
s09_phone_use_03_2 save mode is ln
s09_phone_use_03_2 done
s08_mixer_use_02_4 save mode is direct
s08_mixer_use_02_4.0989.png seems unormal in ['r'] with multi boxes detected while no overlapping
s08_mixer_use_02_4 done
s06_box_use_03_1 save mode is ln
s06_box_use_03_1.0583.png seems unormal in ['r'] with multi boxes detected while no overlapping
s06_box_use_03_1.0581.png seems unormal in ['r'] with multi boxes detected while no overlapping
s06_box_use_03_1 done
s01_ketchup_use_01_1 save mode is direct
s01_ketchup_use_01_1 done
s02_ketchup_use_01_3 save mode is ln
s02_ketchup_use_01_3 done
s07_notebook_use_01_3 save mode is direct
s07_notebook_use_01_3 done
s05_microwave_use_01_2 save mode is direct
s05_microwave_use_01_2 done
s08_ketchup_use_04_2 save mode is direct
s08_ketchup_use_04_2 done
s10_ketchup_grab_01_6 save mode is ln
s10_ketchup_grab_01_6.0097.png seems unormal in ['l'] with multi boxes detected while no overlapping
s10_ketchup_grab_01_6.0054.png seems unormal in ['l'] with multi boxes detected while no overlapping
s10_ketchup_grab_01_6.0053.png seems unormal in ['l'] with multi boxes detected while no overlapping
s10_ketchup_grab_01_6.0273.png seems unormal in ['l'] with multi boxes detected while no overlapping
s10_ketchup_grab_01_6.0080.png seems unormal in ['l'] with multi boxes detected while no overlapping
s10_ketchup_grab_01_6.0083.png seems unormal in ['l'] with multi boxes detected while no overlapping
s10_ketchup_grab_01_6.0081.png seems unormal in ['l'] with multi boxes detected while no overlapping
s10_ketchup_grab_01_6.0082.png seems unormal in ['l'] with multi boxes detected while no overlapping
s10_ketchup_grab_01_6 done
s10_mixer_use_01_4 save mode is ln
s10_mixer_use_01_4.0030.png seems unormal in ['r'] with multi boxes detected while no overlapping
s10_mixer_use_01_4 done
s08_box_use_03_6 save mode is direct
s08_box_use_03_6 done
s01_capsulemachine_use_01_4 save mode is direct
s01_capsulemachine_use_01_4.0567.png seems unormal in ['r'] with multi boxes detected while no overlapping
s01_capsulemachine_use_01_4.0293.png seems unormal in ['r'] with multi boxes detected while no overlapping
s01_capsulemachine_use_01_4.0558.png seems unormal in ['r'] with multi boxes detected while no overlapping
s01_capsulemachine_use_01_4.0294.png seems unormal in ['r'] with multi boxes detected while no overlapping
s01_capsulemachine_use_01_4.0284.png seems unormal in ['r'] with multi boxes detected while no overlapping
s01_capsulemachine_use_01_4.0569.png seems unormal in ['r'] with multi boxes detected while no overlapping
s01_capsulemachine_use_01_4.0568.png seems unormal in ['r'] with multi boxes detected while no overlapping
s01_capsulemachine_use_01_4.0285.png seems unormal in ['r'] with multi boxes detected while no overlapping
s01_capsulemachine_use_01_4 done
s04_notebook_grab_01_2 save mode is direct
s04_notebook_grab_01_2.0028.png seems unormal in ['r'] with multi boxes detected while no overlapping
s04_notebook_grab_01_2 done
s10_ketchup_use_02_8 save mode is direct
s10_ketchup_use_02_8.0024.png seems unormal in ['l'] with multi boxes detected while no overlapping
s10_ketchup_use_02_8 done
s07_laptop_use_02_4 save mode is direct
s07_laptop_use_02_4 done
s02_phone_grab_01_2 save mode is ln
s02_phone_grab_01_2 done
s08_microwave_use_02_3 save mode is direct
s08_microwave_use_02_3 done
s09_microwave_use_02_1 save mode is direct
s09_microwave_use_02_1 done
s10_notebook_use_01_7 save mode is ln
s10_notebook_use_01_7 done
s08_notebook_use_04_6 save mode is direct
s08_notebook_use_04_6 done
s02_mixer_use_03_3 save mode is direct
s02_mixer_use_03_3 done
s10_notebook_use_02_6 save mode is ln
s10_notebook_use_02_6 done
s09_microwave_use_01_3 save mode is ln
s09_microwave_use_01_3 done
s06_waffleiron_use_03_3 save mode is ln
s06_waffleiron_use_03_3 done
s09_scissors_use_02_8 save mode is ln
s09_scissors_use_02_8 done
s02_ketchup_use_03_8 save mode is ln
s02_ketchup_use_03_8.0020.png seems unormal in ['l'] with multi boxes detected while no overlapping
s02_ketchup_use_03_8 done
s02_microwave_use_01_retake_3 save mode is ln
s02_microwave_use_01_retake_3 done
s06_capsulemachine_grab_01_2 save mode is ln
s06_capsulemachine_grab_01_2.0513.png seems unormal in ['r'] with multi boxes detected while no overlapping
s06_capsulemachine_grab_01_2.0229.png seems unormal in ['r'] with multi boxes detected while no overlapping
s06_capsulemachine_grab_01_2 done
s04_notebook_grab_01_1 save mode is ln
s04_notebook_grab_01_1.0029.png seems unormal in ['r'] with multi boxes detected while no overlapping
s04_notebook_grab_01_1 done
s10_capsulemachine_use_01_8 save mode is ln
s10_capsulemachine_use_01_8 done
s07_capsulemachine_use_01_7 save mode is ln
s07_capsulemachine_use_01_7 done
s04_ketchup_grab_01_2 save mode is ln
s04_ketchup_grab_01_2.0729.png seems unormal in ['r'] with multi boxes detected while no overlapping
s04_ketchup_grab_01_2 done
s06_espressomachine_use_02_1 save mode is direct
s06_espressomachine_use_02_1 done
s09_microwave_use_03_7 save mode is direct
s09_microwave_use_03_7 done
s01_phone_use_02_6 save mode is ln
s01_phone_use_02_6.0023.png seems unormal in ['l'] with multi boxes detected while no overlapping
s01_phone_use_02_6 done
s07_ketchup_use_02_5 save mode is direct
s07_ketchup_use_02_5 done
s09_notebook_use_01_1 save mode is direct
s09_notebook_use_01_1 done
s01_scissors_grab_01_8 save mode is direct
s01_scissors_grab_01_8 done
s01_capsulemachine_use_01_3 save mode is ln
s01_capsulemachine_use_01_3 done
s01_scissors_grab_01_7 save mode is direct
s01_scissors_grab_01_7 done
s06_espressomachine_grab_01_3 save mode is ln
s06_espressomachine_grab_01_3.0104.png seems unormal in ['l'] with multi boxes detected while no overlapping
s06_espressomachine_grab_01_3.0207.png seems unormal in ['l'] with multi boxes detected while no overlapping
s06_espressomachine_grab_01_3 done
s01_mixer_grab_01_5 save mode is ln
s01_mixer_grab_01_5.0123.png seems unormal in ['l'] with multi boxes detected while no overlapping
s01_mixer_grab_01_5.0033.png seems unormal in ['l'] with multi boxes detected while no overlapping
s01_mixer_grab_01_5.0446.png seems unormal in ['l'] with multi boxes detected while no overlapping
s01_mixer_grab_01_5.0075.png seems unormal in ['l'] with multi boxes detected while no overlapping
s01_mixer_grab_01_5.0034.png seems unormal in ['l'] with multi boxes detected while no overlapping
s01_mixer_grab_01_5.0530.png seems unormal in ['l'] with multi boxes detected while no overlapping
s01_mixer_grab_01_5 done
s02_notebook_use_02_6 save mode is ln
removed dir logs/3558f1342/masked_render/s02_notebook_use_02_6/gt_mesh_l/images/crop_image
removed dir logs/3558f1342/masked_render/s02_notebook_use_02_6/gt_mesh_r/images/crop_image
removed dir logs/3558f1342/masked_render/s02_notebook_use_02_6/gt_mesh_obj/images/crop_image
s02_notebook_use_02_6.0013.png seems unormal in ['l'] with multi boxes detected while no overlapping
s02_notebook_use_02_6 done
s06_waffleiron_use_04_2 save mode is direct
s06_waffleiron_use_04_2 done
s05_microwave_use_01_3 save mode is ln
s05_microwave_use_01_3 done
s05_espressomachine_grab_01_7 save mode is direct
s05_espressomachine_grab_01_7 done
s07_espressomachine_grab_01_5 save mode is direct
s07_espressomachine_grab_01_5 done
s07_box_use_02_1 save mode is ln
s07_box_use_02_1 done
s08_phone_use_02_2 save mode is direct
s08_phone_use_02_2 done
s08_phone_use_01_1 save mode is direct
s08_phone_use_01_1 done
s02_espressomachine_use_01_6 save mode is direct
s02_espressomachine_use_01_6 done
s06_scissors_grab_01_5 save mode is ln
s06_scissors_grab_01_5 done
s02_phone_use_02_5 save mode is ln
s02_phone_use_02_5 done
s04_phone_use_02_7 save mode is direct
s04_phone_use_02_7 done
s02_microwave_use_01_retake_2 save mode is ln
s02_microwave_use_01_retake_2 done
s01_microwave_use_01_8 save mode is direct
s01_microwave_use_01_8.0031.png seems unormal in ['l'] with multi boxes detected while no overlapping
s01_microwave_use_01_8.0032.png seems unormal in ['l'] with multi boxes detected while no overlapping
s01_microwave_use_01_8 done
s04_capsulemachine_use_01_3 save mode is direct
s04_capsulemachine_use_01_3.0015.png seems unormal in ['r'] with multi boxes detected while no overlapping
s04_capsulemachine_use_01_3 done
s04_scissors_grab_01_3 finished
s09_phone_use_03_7 finished
s07_espressomachine_use_02_2 finished
s08_microwave_use_02_1 finished
s05_capsulemachine_grab_01_2 finished
s06_mixer_use_02_1 finished
s09_waffleiron_use_01_7 finished
s04_capsulemachine_use_01_1 finished
s07_box_use_02_6 finished
s09_phone_use_03_2 finished
s08_mixer_use_02_4 finished
s06_box_use_03_1 finished
s01_ketchup_use_01_1 finished
s02_ketchup_use_01_3 finished
s07_notebook_use_01_3 finished
s05_microwave_use_01_2 finished
s08_ketchup_use_04_2 finished
s10_ketchup_grab_01_6 finished
s10_mixer_use_01_4 finished
s08_box_use_03_6 finished
s01_capsulemachine_use_01_4 finished
s04_notebook_grab_01_2 finished
s10_ketchup_use_02_8 finished
s07_laptop_use_02_4 finished
s02_phone_grab_01_2 finished
s08_microwave_use_02_3 finished
s09_microwave_use_02_1 finished
s10_notebook_use_01_7 finished
s08_notebook_use_04_6 finished
s02_mixer_use_03_3 finished
s10_notebook_use_02_6 finished
s09_microwave_use_01_3 finished
s06_waffleiron_use_03_3 finished
s09_scissors_use_02_8 finished
s02_ketchup_use_03_8 finished
s02_microwave_use_01_retake_3 finished
s06_capsulemachine_grab_01_2 finished
s04_notebook_grab_01_1 finished
s10_capsulemachine_use_01_8 finished
s07_capsulemachine_use_01_7 finished
s04_ketchup_grab_01_2 finished
s06_espressomachine_use_02_1 finished
s09_microwave_use_03_7 finished
s01_phone_use_02_6 finished
s07_ketchup_use_02_5 finished
s09_notebook_use_01_1 finished
s01_scissors_grab_01_8 finished
s01_capsulemachine_use_01_3 finished
s01_scissors_grab_01_7 finished
s06_espressomachine_grab_01_3 finished
s01_mixer_grab_01_5 finished
s02_notebook_use_02_6 finished
s06_waffleiron_use_04_2 finished
s05_microwave_use_01_3 finished
s05_espressomachine_grab_01_7 finished
s07_espressomachine_grab_01_5 finished
s07_box_use_02_1 finished
s08_phone_use_02_2 finished
s08_phone_use_01_1 finished
s02_espressomachine_use_01_6 finished
s06_scissors_grab_01_5 finished
s02_phone_use_02_5 finished
s04_phone_use_02_7 finished
s02_microwave_use_01_retake_2 finished
s01_microwave_use_01_8 finished
s04_capsulemachine_use_01_3 finished
