s08_mixer_use_02_7 save mode is ln
s07_laptop_grab_01_2 save mode is direct
s07_laptop_grab_01_2 done
s02_phone_grab_01_7 save mode is ln
s02_phone_grab_01_7 done
s08_scissors_use_04_7 save mode is direct
s08_scissors_use_04_7 done
s07_espressomachine_use_02_7 save mode is direct
s07_espressomachine_use_02_7 done
s07_box_use_02_8 save mode is ln
s07_box_use_02_8.0685.png seems unormal in ['l'] with multi boxes detected while no overlapping
s07_box_use_02_8 done
s08_phone_use_02_6 save mode is ln
s08_phone_use_02_6.0618.png seems unormal in ['r'] with multi boxes detected while no overlapping
s08_phone_use_02_6 done
s05_phone_use_02_4 save mode is ln
s05_phone_use_02_4.0630.png seems unormal in ['l'] with multi boxes detected while no overlapping
s05_phone_use_02_4 done
s06_scissors_use_01_1 save mode is direct
s06_scissors_use_01_1 done
s08_box_use_01_5 save mode is direct
s08_box_use_01_5 done
s06_microwave_use_02_5 save mode is ln
s06_microwave_use_02_5.0010.png seems unormal in ['r'] with multi boxes detected while no overlapping
s06_microwave_use_02_5 done
s02_mixer_use_04_3 save mode is direct
s02_mixer_use_04_3.0025.png seems unormal in ['r'] with multi boxes detected while no overlapping
s02_mixer_use_04_3 done
s07_notebook_use_02_7 save mode is direct
s07_notebook_use_02_7 done
s10_capsulemachine_use_01_6 save mode is ln
s10_capsulemachine_use_01_6 done
s01_capsulemachine_grab_01_1 save mode is direct
s01_capsulemachine_grab_01_1.0023.png seems unormal in ['r'] with multi boxes detected while no overlapping
s01_capsulemachine_grab_01_1 done
s07_box_grab_01_3 save mode is direct
s07_box_grab_01_3 done
s01_laptop_use_04_6 save mode is direct
s01_laptop_use_04_6 done
s07_laptop_use_01_8 save mode is direct
s07_laptop_use_01_8 done
s06_espressomachine_use_03_6 save mode is ln
s06_espressomachine_use_03_6 done
s10_phone_use_01_retake_5 save mode is ln
removed dir logs/3558f1342/masked_render/s10_phone_use_01_retake_5/gt_mesh_l/images/crop_image
removed dir logs/3558f1342/masked_render/s10_phone_use_01_retake_5/gt_mesh_r/images/crop_image
removed dir logs/3558f1342/masked_render/s10_phone_use_01_retake_5/gt_mesh_obj/images/crop_image
s10_phone_use_01_retake_5.0675.png seems unormal in ['l'] with multi boxes detected while no overlapping
s10_phone_use_01_retake_5 done
s08_box_use_04_7 save mode is direct
s08_box_use_04_7 done
s08_scissors_use_01_4 save mode is direct
s08_scissors_use_01_4 done
s10_phone_grab_01_2 save mode is ln
s10_phone_grab_01_2 done
s07_waffleiron_use_02_7 save mode is ln
s07_waffleiron_use_02_7 done
s01_waffleiron_use_01_8 save mode is ln
s01_waffleiron_use_01_8 done
s09_espressomachine_use_03_6 save mode is ln
s09_espressomachine_use_03_6 done
s08_laptop_use_03_6 save mode is ln
s08_laptop_use_03_6 done
s09_notebook_use_04_2 save mode is direct
s09_notebook_use_04_2 done
s02_notebook_use_01_5 save mode is ln
s02_notebook_use_01_5 done
s07_phone_grab_01_4 save mode is ln
s07_phone_grab_01_4.0010.png seems unormal in ['l'] with multi boxes detected while no overlapping
s07_phone_grab_01_4 done
s02_waffleiron_use_01_2 save mode is direct
s02_waffleiron_use_01_2 done
s04_mixer_use_02_8 save mode is direct
s04_mixer_use_02_8 done
s08_microwave_use_04_2 save mode is ln
s08_microwave_use_04_2 done
s08_box_use_03_5 save mode is ln
s08_box_use_03_5 done
s01_espressomachine_use_02_5 save mode is direct
s01_espressomachine_use_02_5.0021.png seems unormal in ['l'] with multi boxes detected while no overlapping
s01_espressomachine_use_02_5 done
s05_phone_use_03_8 save mode is ln
s05_phone_use_03_8 done
s08_notebook_use_01_1 save mode is direct
s08_notebook_use_01_1 done
s05_phone_use_03_4 save mode is ln
s05_phone_use_03_4 done
s07_box_use_01_2 save mode is direct
s07_box_use_01_2 done
s02_laptop_use_02_2 save mode is ln
s02_laptop_use_02_2 done
s04_laptop_use_01_7 save mode is ln
s04_laptop_use_01_7 done
s07_espressomachine_grab_01_1 save mode is ln
s07_espressomachine_grab_01_1.0706.png seems unormal in ['r'] with multi boxes detected while no overlapping
s07_espressomachine_grab_01_1 done
s01_laptop_use_01_4 save mode is ln
s01_laptop_use_01_4 done
s07_laptop_grab_01_7 save mode is direct
s07_laptop_grab_01_7 done
s02_ketchup_use_02_3 save mode is ln
s02_ketchup_use_02_3 done
s08_box_use_03_8 save mode is direct
s08_box_use_03_8 done
s02_scissors_use_02_7 save mode is direct
s02_scissors_use_02_7 done
s08_espressomachine_use_02_1 save mode is ln
s08_espressomachine_use_02_1 done
s06_capsulemachine_grab_01_5 save mode is direct
s06_capsulemachine_grab_01_5.0325.png seems unormal in ['l'] with multi boxes detected while no overlapping
s06_capsulemachine_grab_01_5.0275.png seems unormal in ['r'] with multi boxes detected while no overlapping
s06_capsulemachine_grab_01_5.0241.png seems unormal in ['r'] with multi boxes detected while no overlapping
s06_capsulemachine_grab_01_5.0324.png seems unormal in ['l'] with multi boxes detected while no overlapping
s06_capsulemachine_grab_01_5.0247.png seems unormal in ['r'] with multi boxes detected while no overlapping
s06_capsulemachine_grab_01_5.0326.png seems unormal in ['l'] with multi boxes detected while no overlapping
s06_capsulemachine_grab_01_5.0235.png seems unormal in ['r'] with multi boxes detected while no overlapping
s06_capsulemachine_grab_01_5.0237.png seems unormal in ['r'] with multi boxes detected while no overlapping
s06_capsulemachine_grab_01_5 done
s10_ketchup_use_01_3 save mode is direct
s10_ketchup_use_01_3 done
s02_espressomachine_use_01_8 save mode is ln
removed ln_src /data_mapping/arctic/logs/3558f1342/masked_render/s02_espressomachine_use_01_8/gt_mesh_l/images/crop_image
removed ln logs/3558f1342/masked_render/s02_espressomachine_use_01_8/gt_mesh_l/images/crop_image
s02_espressomachine_use_01_8 done
s07_microwave_use_01_6 save mode is direct
s07_microwave_use_01_6 done
s01_laptop_use_02_7 save mode is direct
s01_laptop_use_02_7 done
s02_mixer_use_04_6 save mode is direct
s02_mixer_use_04_6 done
s01_mixer_use_02_5 save mode is ln
s01_mixer_use_02_5 done
s05_notebook_use_01_5 save mode is direct
s05_notebook_use_01_5 done
s07_capsulemachine_use_02_8 save mode is direct
s07_capsulemachine_use_02_8 done
s07_scissors_use_01_6 save mode is direct
s07_scissors_use_01_6 done
s08_mixer_use_01_7 save mode is ln
s08_mixer_use_01_7 done
s10_waffleiron_use_01_6 save mode is ln
s10_waffleiron_use_01_6 done
s09_mixer_use_01_8 save mode is direct
s09_mixer_use_01_8.0024.png seems unormal in ['l'] with multi boxes detected while no overlapping
s09_mixer_use_01_8 done
s02_espressomachine_grab_01_2 save mode is direct
s02_espressomachine_grab_01_2 done
s07_notebook_use_01_2 save mode is ln
s07_notebook_use_01_2 done
s08_scissors_use_01_2 save mode is ln
s08_scissors_use_01_2 done
s07_box_grab_01_6 save mode is direct
s07_box_grab_01_6 done
s02_microwave_use_01_retake_6 save mode is direct
s02_microwave_use_01_retake_6 done
s08_mixer_use_02_7 finished
s07_laptop_grab_01_2 finished
s02_phone_grab_01_7 finished
s08_scissors_use_04_7 finished
s07_espressomachine_use_02_7 finished
s07_box_use_02_8 finished
s08_phone_use_02_6 finished
s05_phone_use_02_4 finished
s06_scissors_use_01_1 finished
s08_box_use_01_5 finished
s06_microwave_use_02_5 finished
s02_mixer_use_04_3 finished
s07_notebook_use_02_7 finished
s10_capsulemachine_use_01_6 finished
s01_capsulemachine_grab_01_1 finished
s07_box_grab_01_3 finished
s01_laptop_use_04_6 finished
s07_laptop_use_01_8 finished
s06_espressomachine_use_03_6 finished
s10_phone_use_01_retake_5 finished
s08_box_use_04_7 finished
s08_scissors_use_01_4 finished
s10_phone_grab_01_2 finished
s07_waffleiron_use_02_7 finished
s01_waffleiron_use_01_8 finished
s09_espressomachine_use_03_6 finished
s08_laptop_use_03_6 finished
s09_notebook_use_04_2 finished
s02_notebook_use_01_5 finished
s07_phone_grab_01_4 finished
s02_waffleiron_use_01_2 finished
s04_mixer_use_02_8 finished
s08_microwave_use_04_2 finished
s08_box_use_03_5 finished
s01_espressomachine_use_02_5 finished
s05_phone_use_03_8 finished
s08_notebook_use_01_1 finished
s05_phone_use_03_4 finished
s07_box_use_01_2 finished
s02_laptop_use_02_2 finished
s04_laptop_use_01_7 finished
s07_espressomachine_grab_01_1 finished
s01_laptop_use_01_4 finished
s07_laptop_grab_01_7 finished
s02_ketchup_use_02_3 finished
s08_box_use_03_8 finished
s02_scissors_use_02_7 finished
s08_espressomachine_use_02_1 finished
s06_capsulemachine_grab_01_5 finished
s10_ketchup_use_01_3 finished
s02_espressomachine_use_01_8 finished
s07_microwave_use_01_6 finished
s01_laptop_use_02_7 finished
s02_mixer_use_04_6 finished
s01_mixer_use_02_5 finished
s05_notebook_use_01_5 finished
s07_capsulemachine_use_02_8 finished
s07_scissors_use_01_6 finished
s08_mixer_use_01_7 finished
s10_waffleiron_use_01_6 finished
s09_mixer_use_01_8 finished
s02_espressomachine_grab_01_2 finished
s07_notebook_use_01_2 finished
s08_scissors_use_01_2 finished
s07_box_grab_01_6 finished
s02_microwave_use_01_retake_6 finished
