s09_notebook_use_02_2 save mode is direct
s09_notebook_use_02_7 save mode is ln
s02_scissors_use_01_7 save mode is ln
s02_scissors_use_01_7 done
s07_notebook_use_02_3 save mode is ln
s07_notebook_use_02_3 done
s01_scissors_use_01_4 save mode is ln
s01_scissors_use_01_4.0715.png seems unormal in ['r'] with multi boxes detected while no overlapping
s01_scissors_use_01_4 done
s06_waffleiron_use_04_8 save mode is direct
s06_waffleiron_use_04_8 done
s02_ketchup_use_01_8 save mode is ln
s02_ketchup_use_01_8 done
s04_mixer_use_02_1 save mode is direct
s04_mixer_use_02_1 done
s01_box_grab_01_6 save mode is ln
s01_box_grab_01_6 done
s09_scissors_use_02_1 save mode is ln
s09_scissors_use_02_1 done
s05_capsulemachine_use_01_1 save mode is ln
s05_capsulemachine_use_01_1 done
s08_ketchup_use_01_1 save mode is direct
s08_ketchup_use_01_1 done
s04_notebook_use_02_1 save mode is ln
s04_notebook_use_02_1 done
s06_microwave_grab_01_3 save mode is direct
s06_microwave_grab_01_3 done
s07_waffleiron_grab_01_2 save mode is direct
s07_waffleiron_grab_01_2 done
s08_capsulemachine_use_04_6 save mode is ln
s08_capsulemachine_use_04_6 done
s05_phone_use_04_1 save mode is ln
s05_phone_use_04_1 done
s02_mixer_use_03_5 save mode is direct
s02_mixer_use_03_5.0569.png seems unormal in ['r'] with multi boxes detected while no overlapping
s02_mixer_use_03_5.0571.png seems unormal in ['r'] with multi boxes detected while no overlapping
s02_mixer_use_03_5.0570.png seems unormal in ['r'] with multi boxes detected while no overlapping
s02_mixer_use_03_5.0021.png seems unormal in ['l'] with multi boxes detected while no overlapping
s02_mixer_use_03_5 done
s04_microwave_use_01_8 save mode is ln
s04_microwave_use_01_8 done
s07_ketchup_grab_01_5 save mode is direct
s07_ketchup_grab_01_5 done
s08_phone_use_01_3 save mode is direct
s08_phone_use_01_3 done
s02_espressomachine_use_02_1 save mode is direct
s02_espressomachine_use_02_1 done
s10_capsulemachine_use_02_7 save mode is ln
s10_capsulemachine_use_02_7 done
s06_box_use_02_7 save mode is direct
s06_box_use_02_7 done
s08_capsulemachine_use_02_6 save mode is ln
s08_capsulemachine_use_02_6 done
s08_mixer_use_02_5 save mode is ln
s08_mixer_use_02_5 done
s07_microwave_grab_01_8 save mode is direct
s07_microwave_grab_01_8.0278.png seems unormal in ['l'] with multi boxes detected while no overlapping
s07_microwave_grab_01_8.0009.png seems unormal in ['l'] with multi boxes detected while no overlapping
s07_microwave_grab_01_8.0279.png seems unormal in ['l'] with multi boxes detected while no overlapping
s07_microwave_grab_01_8.0010.png seems unormal in ['l'] with multi boxes detected while no overlapping
s07_microwave_grab_01_8 done
s07_scissors_use_02_8 save mode is direct
s07_scissors_use_02_8.0053.png seems unormal in ['l'] with multi boxes detected while no overlapping
s07_scissors_use_02_8 done
s04_microwave_grab_01_3 save mode is direct
s04_microwave_grab_01_3 done
s02_espressomachine_use_02_6 save mode is direct
s02_espressomachine_use_02_6 done
s08_notebook_use_04_5 save mode is direct
s08_notebook_use_04_5 done
s02_phone_use_01_1 save mode is ln
s02_phone_use_01_1 done
s01_waffleiron_use_02_4 save mode is ln
s01_waffleiron_use_02_4.0026.png seems unormal in ['r'] with multi boxes detected while no overlapping
s01_waffleiron_use_02_4 done
s05_waffleiron_grab_01_3 save mode is direct
s05_waffleiron_grab_01_3 done
s06_box_use_01_7 save mode is direct
s06_box_use_01_7 done
s06_microwave_grab_01_7 save mode is ln
s06_microwave_grab_01_7.0020.png seems unormal in ['l'] with multi boxes detected while no overlapping
s06_microwave_grab_01_7 done
s04_box_use_02_1 save mode is ln
s04_box_use_02_1 done
s02_espressomachine_grab_01_5 save mode is direct
s02_espressomachine_grab_01_5.0031.png seems unormal in ['r'] with multi boxes detected while no overlapping
s02_espressomachine_grab_01_5 done
s07_ketchup_grab_01_1 save mode is direct
s07_ketchup_grab_01_1 done
s09_microwave_use_01_1 save mode is direct
s09_microwave_use_01_1 done
s09_notebook_use_03_6 save mode is ln
s09_notebook_use_03_6 done
s06_capsulemachine_use_02_8 save mode is ln
s06_capsulemachine_use_02_8 done
s10_espressomachine_use_02_8 save mode is ln
s10_espressomachine_use_02_8 done
s06_phone_use_01_6 save mode is direct
s06_phone_use_01_6.0017.png seems unormal in ['r'] with multi boxes detected while no overlapping
s06_phone_use_01_6 done
s08_espressomachine_use_03_8 save mode is ln
s08_espressomachine_use_03_8 done
s01_ketchup_grab_01_4 save mode is ln
s01_ketchup_grab_01_4.0160.png seems unormal in ['r'] with multi boxes detected while no overlapping
s01_ketchup_grab_01_4.0022.png seems unormal in ['r'] with multi boxes detected while no overlapping
s01_ketchup_grab_01_4.0589.png seems unormal in ['r'] with multi boxes detected while no overlapping
s01_ketchup_grab_01_4 done
s04_capsulemachine_grab_01_7 save mode is direct
s04_capsulemachine_grab_01_7 done
s06_box_use_03_4 save mode is direct
s06_box_use_03_4 done
s06_capsulemachine_use_01_8 save mode is direct
s06_capsulemachine_use_01_8 done
s06_waffleiron_use_01_5 save mode is direct
s06_waffleiron_use_01_5 done
s09_ketchup_use_02_4 save mode is ln
s09_ketchup_use_02_4 done
s10_espressomachine_use_02_3 save mode is direct
s10_espressomachine_use_02_3 done
s08_scissors_use_04_6 save mode is direct
s08_scissors_use_04_6 done
s01_microwave_use_02_4 save mode is direct
s01_microwave_use_02_4 done
s01_waffleiron_grab_01_2 save mode is direct
s01_waffleiron_grab_01_2 done
s07_scissors_use_01_8 save mode is ln
s07_scissors_use_01_8.0656.png seems unormal in ['l'] with multi boxes detected while no overlapping
s07_scissors_use_01_8 done
s05_capsulemachine_grab_01_7 save mode is ln
s05_capsulemachine_grab_01_7 done
s10_ketchup_use_01_2 save mode is direct
s10_ketchup_use_01_2 done
s09_notebook_use_01_5 save mode is ln
s09_notebook_use_01_5 done
s02_mixer_grab_01_6 save mode is direct
s02_mixer_grab_01_6 done
s01_notebook_use_01_2 save mode is ln
s01_notebook_use_01_2 done
s07_waffleiron_use_01_3 save mode is direct
s07_waffleiron_use_01_3 done
s05_scissors_use_02_7 save mode is direct
s05_scissors_use_02_7 done
s07_ketchup_grab_01_4 save mode is direct
s07_ketchup_grab_01_4 done
s06_espressomachine_use_03_4 save mode is ln
s06_espressomachine_use_03_4 done
s08_scissors_use_01_6 save mode is direct
s08_scissors_use_01_6 done
s09_notebook_use_02_2 finished
s09_notebook_use_02_7 finished
s02_scissors_use_01_7 finished
s07_notebook_use_02_3 finished
s01_scissors_use_01_4 finished
s06_waffleiron_use_04_8 finished
s02_ketchup_use_01_8 finished
s04_mixer_use_02_1 finished
s01_box_grab_01_6 finished
s09_scissors_use_02_1 finished
s05_capsulemachine_use_01_1 finished
s08_ketchup_use_01_1 finished
s04_notebook_use_02_1 finished
s06_microwave_grab_01_3 finished
s07_waffleiron_grab_01_2 finished
s08_capsulemachine_use_04_6 finished
s05_phone_use_04_1 finished
s02_mixer_use_03_5 finished
s04_microwave_use_01_8 finished
s07_ketchup_grab_01_5 finished
s08_phone_use_01_3 finished
s02_espressomachine_use_02_1 finished
s10_capsulemachine_use_02_7 finished
s06_box_use_02_7 finished
s08_capsulemachine_use_02_6 finished
s08_mixer_use_02_5 finished
s07_microwave_grab_01_8 finished
s07_scissors_use_02_8 finished
s04_microwave_grab_01_3 finished
s02_espressomachine_use_02_6 finished
s08_notebook_use_04_5 finished
s02_phone_use_01_1 finished
s01_waffleiron_use_02_4 finished
s05_waffleiron_grab_01_3 finished
s06_box_use_01_7 finished
s06_microwave_grab_01_7 finished
s04_box_use_02_1 finished
s02_espressomachine_grab_01_5 finished
s07_ketchup_grab_01_1 finished
s09_microwave_use_01_1 finished
s09_notebook_use_03_6 finished
s06_capsulemachine_use_02_8 finished
s10_espressomachine_use_02_8 finished
s06_phone_use_01_6 finished
s08_espressomachine_use_03_8 finished
s01_ketchup_grab_01_4 finished
s04_capsulemachine_grab_01_7 finished
s06_box_use_03_4 finished
s06_capsulemachine_use_01_8 finished
s06_waffleiron_use_01_5 finished
s09_ketchup_use_02_4 finished
s10_espressomachine_use_02_3 finished
s08_scissors_use_04_6 finished
s01_microwave_use_02_4 finished
s01_waffleiron_grab_01_2 finished
s07_scissors_use_01_8 finished
s05_capsulemachine_grab_01_7 finished
s10_ketchup_use_01_2 finished
s09_notebook_use_01_5 finished
s02_mixer_grab_01_6 finished
s01_notebook_use_01_2 finished
s07_waffleiron_use_01_3 finished
s05_scissors_use_02_7 finished
s07_ketchup_grab_01_4 finished
s06_espressomachine_use_03_4 finished
s08_scissors_use_01_6 finished
