s07_box_use_01_7 save mode is ln
s10_phone_use_01_retake_8 save mode is ln
s10_phone_use_01_retake_8.0573.png seems unormal in ['l'] with multi boxes detected while no overlapping
s07_laptop_grab_01_4 save mode is ln
s07_laptop_grab_01_4 done
s07_mixer_use_01_2 save mode is direct
s07_mixer_use_01_2 done
s08_laptop_use_03_8 save mode is ln
s08_laptop_use_03_8 done
s05_laptop_use_02_1 save mode is ln
s05_laptop_use_02_1 done
s01_espressomachine_grab_01_1 save mode is direct
s01_espressomachine_grab_01_1 done
s01_microwave_use_01_5 save mode is direct
s01_microwave_use_01_5 done
s05_ketchup_use_01_1 save mode is direct
s05_ketchup_use_01_1 done
s07_mixer_grab_01_retake_1 save mode is direct
s07_mixer_grab_01_retake_1.0638.png seems unormal in ['r'] with multi boxes detected while no overlapping
s07_mixer_grab_01_retake_1.0661.png seems unormal in ['r'] with multi boxes detected while no overlapping
s07_mixer_grab_01_retake_1.0633.png seems unormal in ['r'] with multi boxes detected while no overlapping
s07_mixer_grab_01_retake_1.0635.png seems unormal in ['r'] with multi boxes detected while no overlapping
s07_mixer_grab_01_retake_1.0636.png seems unormal in ['r'] with multi boxes detected while no overlapping
s07_mixer_grab_01_retake_1.0629.png seems unormal in ['r'] with multi boxes detected while no overlapping
s07_mixer_grab_01_retake_1.0465.png seems unormal in ['r'] with multi boxes detected while no overlapping
s07_mixer_grab_01_retake_1.0626.png seems unormal in ['r'] with multi boxes detected while no overlapping
s07_mixer_grab_01_retake_1.0047.png seems unormal in ['r'] with multi boxes detected while no overlapping
s07_mixer_grab_01_retake_1.0628.png seems unormal in ['r'] with multi boxes detected while no overlapping
s07_mixer_grab_01_retake_1.0659.png seems unormal in ['r'] with multi boxes detected while no overlapping
s07_mixer_grab_01_retake_1.0425.png seems unormal in ['r'] with multi boxes detected while no overlapping
s07_mixer_grab_01_retake_1.0426.png seems unormal in ['r'] with multi boxes detected while no overlapping
s07_mixer_grab_01_retake_1.0660.png seems unormal in ['r'] with multi boxes detected while no overlapping
s07_mixer_grab_01_retake_1.0627.png seems unormal in ['r'] with multi boxes detected while no overlapping
s07_mixer_grab_01_retake_1.0662.png seems unormal in ['r'] with multi boxes detected while no overlapping
s07_mixer_grab_01_retake_1.0631.png seems unormal in ['r'] with multi boxes detected while no overlapping
s07_mixer_grab_01_retake_1.0632.png seems unormal in ['r'] with multi boxes detected while no overlapping
s07_mixer_grab_01_retake_1.0466.png seems unormal in ['r'] with multi boxes detected while no overlapping
s07_mixer_grab_01_retake_1.0424.png seems unormal in ['r'] with multi boxes detected while no overlapping
s07_mixer_grab_01_retake_1.0637.png seems unormal in ['r'] with multi boxes detected while no overlapping
s07_mixer_grab_01_retake_1.0423.png seems unormal in ['r'] with multi boxes detected while no overlapping
s07_mixer_grab_01_retake_1.0634.png seems unormal in ['r'] with multi boxes detected while no overlapping
s07_mixer_grab_01_retake_1.0630.png seems unormal in ['r'] with multi boxes detected while no overlapping
s07_mixer_grab_01_retake_1.0625.png seems unormal in ['r'] with multi boxes detected while no overlapping
s07_mixer_grab_01_retake_1 done
s08_ketchup_use_04_5 save mode is ln
s08_ketchup_use_04_5.0486.png seems unormal in ['l'] with multi boxes detected while no overlapping
s08_ketchup_use_04_5 done
s07_ketchup_grab_01_7 save mode is ln
s07_ketchup_grab_01_7 done
s08_espressomachine_use_01_7 save mode is ln
s08_espressomachine_use_01_7 done
s02_espressomachine_grab_01_3 save mode is direct
s02_espressomachine_grab_01_3 done
s06_mixer_use_01_2 save mode is direct
s06_mixer_use_01_2 done
s06_box_use_04_8 save mode is direct
s06_box_use_04_8 done
s02_scissors_use_01_5 save mode is direct
s02_scissors_use_01_5 done
s05_mixer_use_01_3 save mode is ln
s05_mixer_use_01_3 done
s01_laptop_use_04_3 save mode is direct
s01_laptop_use_04_3 done
s01_laptop_use_03_8 save mode is ln
s01_laptop_use_03_8 done
s02_capsulemachine_use_02_2 save mode is direct
s02_capsulemachine_use_02_2 done
s02_scissors_use_01_4 save mode is ln
s02_scissors_use_01_4 done
s04_laptop_grab_01_1 save mode is direct
s04_laptop_grab_01_1 done
s08_laptop_use_03_7 save mode is direct
s08_laptop_use_03_7 done
s10_mixer_use_02_1 save mode is direct
s10_mixer_use_02_1 done
s04_waffleiron_use_02_8 save mode is ln
s04_waffleiron_use_02_8.0026.png seems unormal in ['l'] with multi boxes detected while no overlapping
s04_waffleiron_use_02_8 done
s05_mixer_grab_01_5 save mode is direct
s05_mixer_grab_01_5.0021.png seems unormal in ['l'] with multi boxes detected while no overlapping
s05_mixer_grab_01_5 done
s02_mixer_grab_01_1 save mode is ln
s02_mixer_grab_01_1 done
s05_box_use_02_3 save mode is direct
s05_box_use_02_3 done
s06_notebook_use_02_5 save mode is direct
s06_notebook_use_02_5 done
s09_phone_use_02_1 save mode is ln
s09_phone_use_02_1 done
s04_laptop_use_01_6 save mode is ln
s04_laptop_use_01_6 done
s05_notebook_grab_01_7 save mode is ln
s05_notebook_grab_01_7.0167.png seems unormal in ['l'] with multi boxes detected while no overlapping
s05_notebook_grab_01_7.0158.png seems unormal in ['l'] with multi boxes detected while no overlapping
s05_notebook_grab_01_7.0159.png seems unormal in ['l'] with multi boxes detected while no overlapping
s05_notebook_grab_01_7.0540.png seems unormal in ['l'] with multi boxes detected while no overlapping
s05_notebook_grab_01_7.0166.png seems unormal in ['l'] with multi boxes detected while no overlapping
s05_notebook_grab_01_7.0165.png seems unormal in ['l'] with multi boxes detected while no overlapping
s05_notebook_grab_01_7 done
s07_waffleiron_use_02_1 save mode is ln
s07_waffleiron_use_02_1 done
s08_waffleiron_use_04_5 save mode is ln
s08_waffleiron_use_04_5 done
s04_ketchup_use_02_4 save mode is direct
s04_ketchup_use_02_4.0028.png seems unormal in ['r'] with multi boxes detected while no overlapping
s04_ketchup_use_02_4 done
s08_espressomachine_use_03_3 save mode is ln
s08_espressomachine_use_03_3 done
s04_box_grab_01_8 save mode is direct
s04_box_grab_01_8.0020.png seems unormal in ['l'] with multi boxes detected while no overlapping
s04_box_grab_01_8.0172.png seems unormal in ['l'] with multi boxes detected while no overlapping
s04_box_grab_01_8.0687.png seems unormal in ['l'] with multi boxes detected while no overlapping
s04_box_grab_01_8 done
s09_capsulemachine_use_02_2 save mode is direct
s09_capsulemachine_use_02_2 done
s01_scissors_grab_01_4 save mode is direct
s01_scissors_grab_01_4 done
s09_ketchup_use_02_7 save mode is direct
s09_ketchup_use_02_7 done
s09_espressomachine_use_02_8 save mode is direct
s09_espressomachine_use_02_8 done
s05_notebook_grab_01_3 save mode is ln
s05_notebook_grab_01_3 done
s08_box_use_02_5 save mode is ln
s08_box_use_02_5 done
s04_mixer_use_01_7 save mode is direct
s04_mixer_use_01_7 done
s04_microwave_use_02_7 save mode is direct
s04_microwave_use_02_7 done
s09_capsulemachine_use_04_5 save mode is direct
s09_capsulemachine_use_04_5.0029.png seems unormal in ['l'] with multi boxes detected while no overlapping
s09_capsulemachine_use_04_5 done
s04_box_use_02_2 save mode is direct
s04_box_use_02_2 done
s08_capsulemachine_use_03_8 save mode is direct
s08_capsulemachine_use_03_8 done
s08_ketchup_use_03_5 save mode is ln
s08_ketchup_use_03_5.0471.png seems unormal in ['r'] with multi boxes detected while no overlapping
s08_ketchup_use_03_5 done
s09_laptop_use_02_4 save mode is ln
s09_laptop_use_02_4 done
s07_notebook_use_02_8 save mode is direct
s07_notebook_use_02_8.0019.png seems unormal in ['l'] with multi boxes detected while no overlapping
s07_notebook_use_02_8.0681.png seems unormal in ['l'] with multi boxes detected while no overlapping
s07_notebook_use_02_8 done
s04_laptop_use_02_7 save mode is ln
s04_laptop_use_02_7 done
s05_microwave_use_01_1 save mode is direct
s05_microwave_use_01_1 done
s04_mixer_grab_01_3 save mode is ln
s04_mixer_grab_01_3.0008.png seems unormal in ['r'] with multi boxes detected while no overlapping
s04_mixer_grab_01_3 done
s06_phone_use_01_3 save mode is ln
s06_phone_use_01_3.0015.png seems unormal in ['r'] with multi boxes detected while no overlapping
s06_phone_use_01_3.0417.png seems unormal in ['l'] with multi boxes detected while no overlapping
s06_phone_use_01_3.0016.png seems unormal in ['r'] with multi boxes detected while no overlapping
s06_phone_use_01_3.0105.png seems unormal in ['l'] with multi boxes detected while no overlapping
s06_phone_use_01_3 done
s09_ketchup_use_02_8 save mode is direct
s09_ketchup_use_02_8 done
s09_espressomachine_use_01_4 save mode is direct
s09_espressomachine_use_01_4 done
s06_waffleiron_use_04_3 save mode is direct
s06_waffleiron_use_04_3 done
s08_box_use_03_4 save mode is direct
s08_box_use_03_4 done
s08_microwave_use_03_8 save mode is direct
s08_microwave_use_03_8 done
s04_capsulemachine_grab_01_4 save mode is ln
s04_capsulemachine_grab_01_4 done
s09_espressomachine_use_02_5 save mode is ln
s09_espressomachine_use_02_5 done
s07_laptop_use_01_1 save mode is ln
s07_laptop_use_01_1 done
s10_phone_use_01_retake_6 save mode is direct
s10_phone_use_01_retake_6 done
s04_laptop_use_01_2 save mode is ln
s04_laptop_use_01_2 done
s07_box_use_01_7 finished
s10_phone_use_01_retake_8 finished
s07_laptop_grab_01_4 finished
s07_mixer_use_01_2 finished
s08_laptop_use_03_8 finished
s05_laptop_use_02_1 finished
s01_espressomachine_grab_01_1 finished
s01_microwave_use_01_5 finished
s05_ketchup_use_01_1 finished
s07_mixer_grab_01_retake_1 finished
s08_ketchup_use_04_5 finished
s07_ketchup_grab_01_7 finished
s08_espressomachine_use_01_7 finished
s02_espressomachine_grab_01_3 finished
s06_mixer_use_01_2 finished
s06_box_use_04_8 finished
s02_scissors_use_01_5 finished
s05_mixer_use_01_3 finished
s01_laptop_use_04_3 finished
s01_laptop_use_03_8 finished
s02_capsulemachine_use_02_2 finished
s02_scissors_use_01_4 finished
s04_laptop_grab_01_1 finished
s08_laptop_use_03_7 finished
s10_mixer_use_02_1 finished
s04_waffleiron_use_02_8 finished
s05_mixer_grab_01_5 finished
s02_mixer_grab_01_1 finished
s05_box_use_02_3 finished
s06_notebook_use_02_5 finished
s09_phone_use_02_1 finished
s04_laptop_use_01_6 finished
s05_notebook_grab_01_7 finished
s07_waffleiron_use_02_1 finished
s08_waffleiron_use_04_5 finished
s04_ketchup_use_02_4 finished
s08_espressomachine_use_03_3 finished
s04_box_grab_01_8 finished
s09_capsulemachine_use_02_2 finished
s01_scissors_grab_01_4 finished
s09_ketchup_use_02_7 finished
s09_espressomachine_use_02_8 finished
s05_notebook_grab_01_3 finished
s08_box_use_02_5 finished
s04_mixer_use_01_7 finished
s04_microwave_use_02_7 finished
s09_capsulemachine_use_04_5 finished
s04_box_use_02_2 finished
s08_capsulemachine_use_03_8 finished
s08_ketchup_use_03_5 finished
s09_laptop_use_02_4 finished
s07_notebook_use_02_8 finished
s04_laptop_use_02_7 finished
s05_microwave_use_01_1 finished
s04_mixer_grab_01_3 finished
s06_phone_use_01_3 finished
s09_ketchup_use_02_8 finished
s09_espressomachine_use_01_4 finished
s06_waffleiron_use_04_3 finished
s08_box_use_03_4 finished
s08_microwave_use_03_8 finished
s04_capsulemachine_grab_01_4 finished
s09_espressomachine_use_02_5 finished
s07_laptop_use_01_1 finished
s10_phone_use_01_retake_6 finished
s04_laptop_use_01_2 finished
