s02_phone_grab_01_1 save mode is direct
s05_phone_use_04_8 save mode is ln
s04_scissors_grab_01_5 save mode is direct
s04_scissors_grab_01_5 done
s08_laptop_use_01_7 save mode is ln
s08_laptop_use_01_7 done
s07_microwave_use_02_1 save mode is ln
s07_microwave_use_02_1 done
s06_espressomachine_use_01_4 save mode is direct
s06_espressomachine_use_01_4 done
s02_microwave_grab_01_2 save mode is direct
s02_microwave_grab_01_2.0148.png seems unormal in ['r'] with multi boxes detected while no overlapping
s02_microwave_grab_01_2.0245.png seems unormal in ['r'] with multi boxes detected while no overlapping
s02_microwave_grab_01_2.0521.png seems unormal in ['r'] with multi boxes detected while no overlapping
s02_microwave_grab_01_2.0357.png seems unormal in ['r'] with multi boxes detected while no overlapping
s02_microwave_grab_01_2.0393.png seems unormal in ['r'] with multi boxes detected while no overlapping
s02_microwave_grab_01_2.0522.png seems unormal in ['r'] with multi boxes detected while no overlapping
s02_microwave_grab_01_2.0126.png seems unormal in ['r'] with multi boxes detected while no overlapping
s02_microwave_grab_01_2.0492.png seems unormal in ['r'] with multi boxes detected while no overlapping
s02_microwave_grab_01_2.0149.png seems unormal in ['r'] with multi boxes detected while no overlapping
s02_microwave_grab_01_2.0244.png seems unormal in ['r'] with multi boxes detected while no overlapping
s02_microwave_grab_01_2.0266.png seems unormal in ['r'] with multi boxes detected while no overlapping
s02_microwave_grab_01_2.0394.png seems unormal in ['r'] with multi boxes detected while no overlapping
s02_microwave_grab_01_2.0267.png seems unormal in ['r'] with multi boxes detected while no overlapping
s02_microwave_grab_01_2 done
s09_microwave_use_03_4 save mode is direct
s09_microwave_use_03_4 done
s01_laptop_grab_01_2 save mode is direct
s01_laptop_grab_01_2 done
s08_phone_use_04_4 save mode is direct
s08_phone_use_04_4 done
s02_espressomachine_grab_01_8 save mode is direct
s02_espressomachine_grab_01_8.0034.png seems unormal in ['l'] with multi boxes detected while no overlapping
s02_espressomachine_grab_01_8 done
s07_phone_use_01_2 save mode is direct
s07_phone_use_01_2 done
s08_scissors_use_04_2 save mode is ln
s08_scissors_use_04_2 done
s08_notebook_use_03_4 save mode is ln
s08_notebook_use_03_4.0014.png seems unormal in ['r'] with multi boxes detected while no overlapping
s08_notebook_use_03_4 done
s10_ketchup_use_02_3 save mode is ln
s10_ketchup_use_02_3 done
s06_mixer_use_01_1 save mode is direct
s06_mixer_use_01_1.0019.png seems unormal in ['r'] with multi boxes detected while no overlapping
s06_mixer_use_01_1 done
s08_waffleiron_use_03_4 save mode is ln
s08_waffleiron_use_03_4 done
s09_notebook_use_01_6 save mode is ln
s09_notebook_use_01_6 done
s05_laptop_use_01_4 save mode is direct
s05_laptop_use_01_4 done
s01_espressomachine_grab_01_3 save mode is ln
s01_espressomachine_grab_01_3 done
s01_mixer_use_02_1 save mode is direct
s01_mixer_use_02_1 done
s01_microwave_use_02_7 save mode is direct
s01_microwave_use_02_7 done
s01_microwave_grab_01_1 save mode is ln
s01_microwave_grab_01_1.0683.png seems unormal in ['r'] with multi boxes detected while no overlapping
s01_microwave_grab_01_1 done
s09_mixer_use_01_7 save mode is ln
s09_mixer_use_01_7 done
s05_scissors_use_01_retake_8 save mode is direct
s05_scissors_use_01_retake_8 done
s08_phone_use_03_3 save mode is direct
s08_phone_use_03_3 done
s02_ketchup_use_03_7 save mode is direct
s02_ketchup_use_03_7 done
s04_microwave_grab_01_2 save mode is ln
s04_microwave_grab_01_2 done
s02_mixer_use_04_4 save mode is ln
s02_mixer_use_04_4.0022.png seems unormal in ['l'] with multi boxes detected while no overlapping
s02_mixer_use_04_4 done
s01_ketchup_use_02_2 save mode is direct
s01_ketchup_use_02_2.0638.png seems unormal in ['l'] with multi boxes detected while no overlapping
s01_ketchup_use_02_2.0616.png seems unormal in ['l'] with multi boxes detected while no overlapping
s01_ketchup_use_02_2.0615.png seems unormal in ['l'] with multi boxes detected while no overlapping
s01_ketchup_use_02_2.0641.png seems unormal in ['l'] with multi boxes detected while no overlapping
s01_ketchup_use_02_2.0617.png seems unormal in ['l'] with multi boxes detected while no overlapping
s01_ketchup_use_02_2.0637.png seems unormal in ['l'] with multi boxes detected while no overlapping
s01_ketchup_use_02_2.0639.png seems unormal in ['l'] with multi boxes detected while no overlapping
s01_ketchup_use_02_2.0640.png seems unormal in ['l'] with multi boxes detected while no overlapping
s01_ketchup_use_02_2 done
s10_capsulemachine_use_01_2 save mode is direct
s10_capsulemachine_use_01_2 done
s07_phone_use_02_4 save mode is direct
s07_phone_use_02_4 done
s09_waffleiron_use_02_2 save mode is direct
s09_waffleiron_use_02_2 done
s10_laptop_use_01_1 save mode is direct
s10_laptop_use_01_1.0599.png seems unormal in ['r'] with multi boxes detected while no overlapping
s10_laptop_use_01_1 done
s07_notebook_use_02_6 save mode is direct
s07_notebook_use_02_6 done
s06_waffleiron_use_02_5 save mode is direct
s06_waffleiron_use_02_5 done
s04_waffleiron_use_01_2 save mode is ln
s04_waffleiron_use_01_2 done
s09_microwave_use_01_5 save mode is ln
s09_microwave_use_01_5 done
s05_notebook_grab_01_6 save mode is direct
s05_notebook_grab_01_6.0414.png seems unormal in ['l'] with multi boxes detected while no overlapping
s05_notebook_grab_01_6.0635.png seems unormal in ['l'] with multi boxes detected while no overlapping
s05_notebook_grab_01_6.0415.png seems unormal in ['l'] with multi boxes detected while no overlapping
s05_notebook_grab_01_6.0594.png seems unormal in ['l'] with multi boxes detected while no overlapping
s05_notebook_grab_01_6.0416.png seems unormal in ['l'] with multi boxes detected while no overlapping
s05_notebook_grab_01_6.0595.png seems unormal in ['l'] with multi boxes detected while no overlapping
s05_notebook_grab_01_6 done
s06_mixer_grab_01_6 save mode is ln
s06_mixer_grab_01_6 done
s07_laptop_use_02_3 save mode is direct
removed dir logs/3558f1342/masked_render/s07_laptop_use_02_3/gt_mesh_l/images/crop_image
removed dir logs/3558f1342/masked_render/s07_laptop_use_02_3/gt_mesh_r/images/crop_image
removed dir logs/3558f1342/masked_render/s07_laptop_use_02_3/gt_mesh_obj/images/crop_image
s07_laptop_use_02_3 done
s01_scissors_use_01_6 save mode is ln
s01_scissors_use_01_6 done
s08_phone_use_03_5 save mode is direct
s08_phone_use_03_5 done
s07_scissors_grab_01_5 save mode is ln
s07_scissors_grab_01_5 done
s04_waffleiron_use_02_7 save mode is ln
s04_waffleiron_use_02_7 done
s09_microwave_use_01_6 save mode is ln
s09_microwave_use_01_6 done
s02_phone_use_01_6 save mode is direct
s02_phone_use_01_6.0593.png seems unormal in ['r'] with multi boxes detected while no overlapping
s02_phone_use_01_6.0023.png seems unormal in ['r'] with multi boxes detected while no overlapping
s02_phone_use_01_6.0024.png seems unormal in ['r'] with multi boxes detected while no overlapping
s02_phone_use_01_6.0021.png seems unormal in ['l'] with multi boxes detected while no overlapping
s02_phone_use_01_6 done
s02_espressomachine_use_02_3 save mode is direct
s02_espressomachine_use_02_3 done
s10_phone_use_01_retake_4 save mode is ln
s10_phone_use_01_retake_4.0033.png seems unormal in ['r'] with multi boxes detected while no overlapping
s10_phone_use_01_retake_4.0203.png seems unormal in ['l'] with multi boxes detected while no overlapping
s10_phone_use_01_retake_4 done
s09_microwave_use_01_2 save mode is direct
s09_microwave_use_01_2.0658.png seems unormal in ['r'] with multi boxes detected while no overlapping
s09_microwave_use_01_2 done
s07_box_use_02_7 save mode is ln
s07_box_use_02_7 done
s02_mixer_use_01_4 save mode is direct
s02_mixer_use_01_4 done
s08_espressomachine_use_03_4 save mode is direct
s08_espressomachine_use_03_4 done
s09_microwave_use_01_7 save mode is ln
s09_microwave_use_01_7 done
s04_box_use_01_4 save mode is ln
s04_box_use_01_4 done
s04_phone_use_02_6 save mode is ln
s04_phone_use_02_6 done
s05_capsulemachine_use_02_4 save mode is direct
s05_capsulemachine_use_02_4.0615.png seems unormal in ['r'] with multi boxes detected while no overlapping
s05_capsulemachine_use_02_4 done
s01_scissors_use_02_7 save mode is ln
s01_scissors_use_02_7 done
s06_phone_use_02_4 save mode is direct
s06_phone_use_02_4.0451.png seems unormal in ['r'] with multi boxes detected while no overlapping
s06_phone_use_02_4.0481.png seems unormal in ['r'] with multi boxes detected while no overlapping
s06_phone_use_02_4.0450.png seems unormal in ['r'] with multi boxes detected while no overlapping
s06_phone_use_02_4.0482.png seems unormal in ['r'] with multi boxes detected while no overlapping
s06_phone_use_02_4 done
s04_notebook_grab_01_6 save mode is ln
s04_notebook_grab_01_6 done
s02_mixer_use_02_8 save mode is direct
s02_mixer_use_02_8 done
s07_box_grab_01_1 save mode is ln
s07_box_grab_01_1.0016.png seems unormal in ['r'] with multi boxes detected while no overlapping
s07_box_grab_01_1 done
s02_waffleiron_grab_01_2 save mode is direct
s02_waffleiron_grab_01_2.0417.png seems unormal in ['r'] with multi boxes detected while no overlapping
s02_waffleiron_grab_01_2.0151.png seems unormal in ['r'] with multi boxes detected while no overlapping
s02_waffleiron_grab_01_2.0152.png seems unormal in ['r'] with multi boxes detected while no overlapping
s02_waffleiron_grab_01_2 done
s10_phone_use_01_retake_3 save mode is ln
s10_phone_use_01_retake_3 done
s01_phone_use_01_5 save mode is direct
s01_phone_use_01_5.0065.png seems unormal in ['l'] with multi boxes detected while no overlapping
s01_phone_use_01_5.0067.png seems unormal in ['l'] with multi boxes detected while no overlapping
s01_phone_use_01_5.0064.png seems unormal in ['l'] with multi boxes detected while no overlapping
s01_phone_use_01_5.0066.png seems unormal in ['l'] with multi boxes detected while no overlapping
s01_phone_use_01_5.0068.png seems unormal in ['l'] with multi boxes detected while no overlapping
s01_phone_use_01_5 done
s02_notebook_use_02_7 save mode is direct
s02_notebook_use_02_7 done
s01_notebook_use_02_4 save mode is ln
s01_notebook_use_02_4 done
s02_phone_grab_01_1 finished
s05_phone_use_04_8 finished
s04_scissors_grab_01_5 finished
s08_laptop_use_01_7 finished
s07_microwave_use_02_1 finished
s06_espressomachine_use_01_4 finished
s02_microwave_grab_01_2 finished
s09_microwave_use_03_4 finished
s01_laptop_grab_01_2 finished
s08_phone_use_04_4 finished
s02_espressomachine_grab_01_8 finished
s07_phone_use_01_2 finished
s08_scissors_use_04_2 finished
s08_notebook_use_03_4 finished
s10_ketchup_use_02_3 finished
s06_mixer_use_01_1 finished
s08_waffleiron_use_03_4 finished
s09_notebook_use_01_6 finished
s05_laptop_use_01_4 finished
s01_espressomachine_grab_01_3 finished
s01_mixer_use_02_1 finished
s01_microwave_use_02_7 finished
s01_microwave_grab_01_1 finished
s09_mixer_use_01_7 finished
s05_scissors_use_01_retake_8 finished
s08_phone_use_03_3 finished
s02_ketchup_use_03_7 finished
s04_microwave_grab_01_2 finished
s02_mixer_use_04_4 finished
s01_ketchup_use_02_2 finished
s10_capsulemachine_use_01_2 finished
s07_phone_use_02_4 finished
s09_waffleiron_use_02_2 finished
s10_laptop_use_01_1 finished
s07_notebook_use_02_6 finished
s06_waffleiron_use_02_5 finished
s04_waffleiron_use_01_2 finished
s09_microwave_use_01_5 finished
s05_notebook_grab_01_6 finished
s06_mixer_grab_01_6 finished
s07_laptop_use_02_3 finished
s01_scissors_use_01_6 finished
s08_phone_use_03_5 finished
s07_scissors_grab_01_5 finished
s04_waffleiron_use_02_7 finished
s09_microwave_use_01_6 finished
s02_phone_use_01_6 finished
s02_espressomachine_use_02_3 finished
s10_phone_use_01_retake_4 finished
s09_microwave_use_01_2 finished
s07_box_use_02_7 finished
s02_mixer_use_01_4 finished
s08_espressomachine_use_03_4 finished
s09_microwave_use_01_7 finished
s04_box_use_01_4 finished
s04_phone_use_02_6 finished
s05_capsulemachine_use_02_4 finished
s01_scissors_use_02_7 finished
s06_phone_use_02_4 finished
s04_notebook_grab_01_6 finished
s02_mixer_use_02_8 finished
s07_box_grab_01_1 finished
s02_waffleiron_grab_01_2 finished
s10_phone_use_01_retake_3 finished
s01_phone_use_01_5 finished
s02_notebook_use_02_7 finished
s01_notebook_use_02_4 finished
