s05_phone_grab_01_2 save mode is ln
s05_phone_grab_01_2.0320.png seems unormal in ['l'] with multi boxes detected while no overlapping
s05_waffleiron_grab_01_2 save mode is ln
s08_capsulemachine_use_04_5 save mode is ln
s08_capsulemachine_use_04_5 done
s09_mixer_use_02_5 save mode is ln
s09_mixer_use_02_5.0030.png seems unormal in ['l'] with multi boxes detected while no overlapping
s09_mixer_use_02_5 done
s07_ketchup_use_02_1 save mode is ln
s07_ketchup_use_02_1.0437.png seems unormal in ['l'] with multi boxes detected while no overlapping
s07_ketchup_use_02_1.0438.png seems unormal in ['l'] with multi boxes detected while no overlapping
s07_ketchup_use_02_1 done
s07_microwave_use_01_8 save mode is ln
s07_microwave_use_01_8 done
s01_microwave_use_01_4 save mode is direct
s01_microwave_use_01_4.0029.png seems unormal in ['r'] with multi boxes detected while no overlapping
s01_microwave_use_01_4 done
s08_waffleiron_use_03_1 save mode is direct
s08_waffleiron_use_03_1 done
s06_espressomachine_use_02_4 save mode is direct
s06_espressomachine_use_02_4 done
s10_notebook_use_02_4 save mode is direct
s10_notebook_use_02_4 done
s08_phone_use_02_7 save mode is direct
s08_phone_use_02_7 done
s05_scissors_use_02_1 save mode is direct
s05_scissors_use_02_1 done
s04_notebook_grab_01_7 save mode is direct
s04_notebook_grab_01_7 done
s01_waffleiron_grab_01_3 save mode is direct
s01_waffleiron_grab_01_3.0552.png seems unormal in ['r'] with multi boxes detected while no overlapping
s01_waffleiron_grab_01_3.0473.png seems unormal in ['l'] with multi boxes detected while no overlapping
s01_waffleiron_grab_01_3.0012.png seems unormal in ['r'] with multi boxes detected while no overlapping
s01_waffleiron_grab_01_3 done
s06_phone_use_02_3 save mode is direct
s06_phone_use_02_3 done
s04_espressomachine_use_01_retake_7 save mode is direct
s04_espressomachine_use_01_retake_7 done
s07_mixer_use_01_3 save mode is ln
s07_mixer_use_01_3 done
s08_scissors_use_01_8 save mode is ln
s08_scissors_use_01_8 done
s04_espressomachine_use_02_1 save mode is ln
s04_espressomachine_use_02_1 done
s01_microwave_grab_01_7 save mode is direct
s01_microwave_grab_01_7.0148.png seems unormal in ['l'] with multi boxes detected while no overlapping
s01_microwave_grab_01_7.0153.png seems unormal in ['l'] with multi boxes detected while no overlapping
s01_microwave_grab_01_7.0149.png seems unormal in ['l'] with multi boxes detected while no overlapping
s01_microwave_grab_01_7.0147.png seems unormal in ['l'] with multi boxes detected while no overlapping
s01_microwave_grab_01_7.0681.png seems unormal in ['l'] with multi boxes detected while no overlapping
s01_microwave_grab_01_7 done
s06_notebook_use_01_7 save mode is direct
s06_notebook_use_01_7 done
s07_espressomachine_grab_01_6 save mode is ln
s07_espressomachine_grab_01_6.0021.png seems unormal in ['l'] with multi boxes detected while no overlapping
s07_espressomachine_grab_01_6 done
s10_mixer_use_02_4 save mode is direct
s10_mixer_use_02_4 done
s07_microwave_grab_01_7 save mode is direct
s07_microwave_grab_01_7 done
s08_waffleiron_use_01_2 save mode is direct
s08_waffleiron_use_01_2 done
s02_capsulemachine_use_01_3 save mode is direct
s02_capsulemachine_use_01_3 done
s07_mixer_grab_01_retake_7 save mode is direct
s07_mixer_grab_01_retake_7 done
s09_capsulemachine_use_01_4 save mode is direct
s09_capsulemachine_use_01_4.0588.png seems unormal in ['r'] with multi boxes detected while no overlapping
s09_capsulemachine_use_01_4 done
s05_capsulemachine_use_02_8 save mode is direct
s05_capsulemachine_use_02_8 done
s06_ketchup_grab_01_retake2_7 save mode is direct
s06_ketchup_grab_01_retake2_7 done
s09_phone_use_03_1 save mode is direct
s09_phone_use_03_1.0030.png seems unormal in ['r'] with multi boxes detected while no overlapping
s09_phone_use_03_1 done
s07_scissors_use_01_4 save mode is direct
s07_scissors_use_01_4 done
s02_waffleiron_use_02_7 save mode is direct
s02_waffleiron_use_02_7.0184.png seems unormal in ['o'] with multi boxes detected while no overlapping
s02_waffleiron_use_02_7 done
s10_scissors_use_02_3 save mode is ln
s10_scissors_use_02_3 done
s08_microwave_use_04_5 save mode is direct
s08_microwave_use_04_5 done
s06_mixer_grab_01_5 save mode is ln
s06_mixer_grab_01_5.0603.png seems unormal in ['l'] with multi boxes detected while no overlapping
s06_mixer_grab_01_5.0613.png seems unormal in ['l'] with multi boxes detected while no overlapping
s06_mixer_grab_01_5.0212.png seems unormal in ['l'] with multi boxes detected while no overlapping
s06_mixer_grab_01_5.0680.png seems unormal in ['r'] with multi boxes detected while no overlapping
s06_mixer_grab_01_5.0615.png seems unormal in ['l'] with multi boxes detected while no overlapping
s06_mixer_grab_01_5.0189.png seems unormal in ['l'] with multi boxes detected while no overlapping
s06_mixer_grab_01_5.0190.png seems unormal in ['l'] with multi boxes detected while no overlapping
s06_mixer_grab_01_5.0013.png seems unormal in ['r'] with multi boxes detected while no overlapping
s06_mixer_grab_01_5.0614.png seems unormal in ['l'] with multi boxes detected while no overlapping
s06_mixer_grab_01_5 done
s04_notebook_grab_01_5 save mode is direct
s04_notebook_grab_01_5 done
s10_laptop_use_02_4 save mode is direct
s10_laptop_use_02_4 done
s01_box_grab_01_2 save mode is ln
s01_box_grab_01_2 done
s07_phone_use_02_2 save mode is direct
s07_phone_use_02_2 done
s08_mixer_use_04_4 save mode is ln
s08_mixer_use_04_4.0665.png seems unormal in ['r'] with multi boxes detected while no overlapping
s08_mixer_use_04_4 done
s09_microwave_use_02_5 save mode is ln
s09_microwave_use_02_5 done
s05_box_use_02_8 save mode is ln
s05_box_use_02_8 done
s07_capsulemachine_use_01_4 save mode is ln
s07_capsulemachine_use_01_4 done
s09_mixer_use_01_4 save mode is direct
s09_mixer_use_01_4.0023.png seems unormal in ['r'] with multi boxes detected while no overlapping
s09_mixer_use_01_4 done
s05_espressomachine_grab_01_2 save mode is ln
s05_espressomachine_grab_01_2 done
s05_capsulemachine_use_02_3 save mode is ln
s05_capsulemachine_use_02_3 done
s08_box_use_03_3 save mode is direct
s08_box_use_03_3 done
s07_waffleiron_grab_01_5 save mode is direct
s07_waffleiron_grab_01_5 done
s01_mixer_use_02_7 save mode is ln
s01_mixer_use_02_7 done
s02_box_grab_01_5 save mode is ln
s02_box_grab_01_5 done
s02_laptop_use_02_1 save mode is ln
s02_laptop_use_02_1 done
s04_espressomachine_grab_01_5 save mode is direct
s04_espressomachine_grab_01_5 done
s02_laptop_grab_01_3 save mode is ln
s02_laptop_grab_01_3.0573.png seems unormal in ['r'] with multi boxes detected while no overlapping
s02_laptop_grab_01_3.0574.png seems unormal in ['r'] with multi boxes detected while no overlapping
s02_laptop_grab_01_3.0580.png seems unormal in ['r'] with multi boxes detected while no overlapping
s02_laptop_grab_01_3.0575.png seems unormal in ['r'] with multi boxes detected while no overlapping
s02_laptop_grab_01_3 done
s08_mixer_use_01_5 save mode is ln
s08_mixer_use_01_5 done
s05_box_use_01_8 save mode is ln
s05_box_use_01_8 done
s06_laptop_use_02_retake_8 save mode is direct
s06_laptop_use_02_retake_8 done
s04_phone_grab_01_8 save mode is ln
s04_phone_grab_01_8.0395.png seems unormal in ['l'] with multi boxes detected while no overlapping
s04_phone_grab_01_8.0396.png seems unormal in ['l'] with multi boxes detected while no overlapping
s04_phone_grab_01_8 done
s06_notebook_use_02_7 save mode is direct
s06_notebook_use_02_7 done
s10_phone_grab_01_5 save mode is direct
s10_phone_grab_01_5 done
s09_espressomachine_use_03_7 save mode is ln
s09_espressomachine_use_03_7 done
s05_phone_use_03_2 save mode is ln
s05_phone_use_03_2 done
s07_scissors_use_02_2 save mode is ln
s07_scissors_use_02_2 done
s09_waffleiron_use_01_5 save mode is ln
s09_waffleiron_use_01_5.0025.png seems unormal in ['l'] with multi boxes detected while no overlapping
s09_waffleiron_use_01_5 done
s09_scissors_use_04_2 save mode is direct
removed dir logs/3558f1342/masked_render/s09_scissors_use_04_2/gt_mesh_l/images/crop_image
removed dir logs/3558f1342/masked_render/s09_scissors_use_04_2/gt_mesh_r/images/crop_image
removed dir logs/3558f1342/masked_render/s09_scissors_use_04_2/gt_mesh_obj/images/crop_image
s09_scissors_use_04_2 done
s05_phone_use_03_6 save mode is direct
s05_phone_use_03_6 done
s04_box_grab_01_3 save mode is direct
s04_box_grab_01_3 done
s05_phone_grab_01_2 finished
s05_waffleiron_grab_01_2 finished
s08_capsulemachine_use_04_5 finished
s09_mixer_use_02_5 finished
s07_ketchup_use_02_1 finished
s07_microwave_use_01_8 finished
s01_microwave_use_01_4 finished
s08_waffleiron_use_03_1 finished
s06_espressomachine_use_02_4 finished
s10_notebook_use_02_4 finished
s08_phone_use_02_7 finished
s05_scissors_use_02_1 finished
s04_notebook_grab_01_7 finished
s01_waffleiron_grab_01_3 finished
s06_phone_use_02_3 finished
s04_espressomachine_use_01_retake_7 finished
s07_mixer_use_01_3 finished
s08_scissors_use_01_8 finished
s04_espressomachine_use_02_1 finished
s01_microwave_grab_01_7 finished
s06_notebook_use_01_7 finished
s07_espressomachine_grab_01_6 finished
s10_mixer_use_02_4 finished
s07_microwave_grab_01_7 finished
s08_waffleiron_use_01_2 finished
s02_capsulemachine_use_01_3 finished
s07_mixer_grab_01_retake_7 finished
s09_capsulemachine_use_01_4 finished
s05_capsulemachine_use_02_8 finished
s06_ketchup_grab_01_retake2_7 finished
s09_phone_use_03_1 finished
s07_scissors_use_01_4 finished
s02_waffleiron_use_02_7 finished
s10_scissors_use_02_3 finished
s08_microwave_use_04_5 finished
s06_mixer_grab_01_5 finished
s04_notebook_grab_01_5 finished
s10_laptop_use_02_4 finished
s01_box_grab_01_2 finished
s07_phone_use_02_2 finished
s08_mixer_use_04_4 finished
s09_microwave_use_02_5 finished
s05_box_use_02_8 finished
s07_capsulemachine_use_01_4 finished
s09_mixer_use_01_4 finished
s05_espressomachine_grab_01_2 finished
s05_capsulemachine_use_02_3 finished
s08_box_use_03_3 finished
s07_waffleiron_grab_01_5 finished
s01_mixer_use_02_7 finished
s02_box_grab_01_5 finished
s02_laptop_use_02_1 finished
s04_espressomachine_grab_01_5 finished
s02_laptop_grab_01_3 finished
s08_mixer_use_01_5 finished
s05_box_use_01_8 finished
s06_laptop_use_02_retake_8 finished
s04_phone_grab_01_8 finished
s06_notebook_use_02_7 finished
s10_phone_grab_01_5 finished
s09_espressomachine_use_03_7 finished
s05_phone_use_03_2 finished
s07_scissors_use_02_2 finished
s09_waffleiron_use_01_5 finished
s09_scissors_use_04_2 finished
s05_phone_use_03_6 finished
s04_box_grab_01_3 finished
