s02_microwave_use_01_retake_7 save mode is direct
s01_capsulemachine_grab_01_6 save mode is ln
s01_capsulemachine_grab_01_6.0501.png seems unormal in ['l'] with multi boxes detected while no overlapping
s09_capsulemachine_use_04_1 save mode is direct
s09_capsulemachine_use_04_1 done
s02_phone_use_01_2 save mode is direct
s02_phone_use_01_2.0021.png seems unormal in ['r'] with multi boxes detected while no overlapping
s02_phone_use_01_2 done
s09_laptop_use_04_1 save mode is direct
s09_laptop_use_04_1 done
s01_microwave_use_01_3 save mode is direct
s01_microwave_use_01_3.0592.png seems unormal in ['r'] with multi boxes detected while no overlapping
s01_microwave_use_01_3 done
s08_capsulemachine_use_02_3 save mode is direct
s08_capsulemachine_use_02_3 done
s10_laptop_use_01_7 save mode is direct
s10_laptop_use_01_7 done
s01_box_use_02_8 save mode is ln
s01_box_use_02_8.0028.png seems unormal in ['l'] with multi boxes detected while no overlapping
s01_box_use_02_8 done
s05_capsulemachine_use_01_5 save mode is direct
s05_capsulemachine_use_01_5 done
s04_ketchup_grab_01_5 save mode is direct
s04_ketchup_grab_01_5 done
s04_phone_grab_01_4 save mode is direct
s04_phone_grab_01_4.0566.png seems unormal in ['l'] with multi boxes detected while no overlapping
s04_phone_grab_01_4.0562.png seems unormal in ['l'] with multi boxes detected while no overlapping
s04_phone_grab_01_4.0564.png seems unormal in ['l'] with multi boxes detected while no overlapping
s04_phone_grab_01_4.0563.png seems unormal in ['l'] with multi boxes detected while no overlapping
s04_phone_grab_01_4.0565.png seems unormal in ['l'] with multi boxes detected while no overlapping
s04_phone_grab_01_4 done
s05_notebook_use_02_2 save mode is ln
s05_notebook_use_02_2 done
s04_box_use_02_5 save mode is direct
s04_box_use_02_5 done
s10_mixer_use_02_5 save mode is direct
s10_mixer_use_02_5 done
s08_box_use_02_7 save mode is ln
s08_box_use_02_7 done
s09_scissors_use_01_7 save mode is direct
s09_scissors_use_01_7 done
s08_box_use_04_8 save mode is direct
s08_box_use_04_8 done
s08_scissors_use_03_7 save mode is ln
s08_scissors_use_03_7 done
s01_box_use_01_5 save mode is direct
s01_box_use_01_5 done
s04_microwave_use_02_1 save mode is ln
s04_microwave_use_02_1.0758.png seems unormal in ['r'] with multi boxes detected while no overlapping
s04_microwave_use_02_1 done
s08_notebook_use_02_2 save mode is ln
s08_notebook_use_02_2 done
s08_laptop_use_04_5 save mode is ln
s08_laptop_use_04_5 done
s01_scissors_use_02_1 save mode is ln
s01_scissors_use_02_1 done
s06_box_use_03_2 save mode is ln
s06_box_use_03_2 done
s09_waffleiron_use_04_3 save mode is direct
s09_waffleiron_use_04_3.0023.png seems unormal in ['l'] with multi boxes detected while no overlapping
s09_waffleiron_use_04_3 done
s05_phone_use_02_8 save mode is ln
s05_phone_use_02_8 done
s04_espressomachine_use_01_retake_3 save mode is direct
s04_espressomachine_use_01_retake_3 done
s09_ketchup_use_03_2 save mode is direct
s09_ketchup_use_03_2 done
s05_box_use_01_7 save mode is ln
s05_box_use_01_7.0668.png seems unormal in ['l'] with multi boxes detected while no overlapping
s05_box_use_01_7 done
s08_ketchup_use_03_2 save mode is ln
s08_ketchup_use_03_2 done
s05_capsulemachine_use_01_3 save mode is direct
s05_capsulemachine_use_01_3 done
s02_mixer_use_01_3 save mode is direct
s02_mixer_use_01_3.0020.png seems unormal in ['r'] with multi boxes detected while no overlapping
s02_mixer_use_01_3 done
s07_phone_use_01_1 save mode is direct
s07_phone_use_01_1.0659.png seems unormal in ['l'] with multi boxes detected while no overlapping
s07_phone_use_01_1 done
s08_mixer_use_04_1 save mode is direct
s08_mixer_use_04_1 done
s09_notebook_use_02_8 save mode is direct
s09_notebook_use_02_8 done
s02_waffleiron_use_02_5 save mode is direct
s02_waffleiron_use_02_5.0024.png seems unormal in ['r'] with multi boxes detected while no overlapping
s02_waffleiron_use_02_5 done
s06_box_use_01_5 save mode is ln
s06_box_use_01_5 done
s06_box_use_03_7 save mode is ln
s06_box_use_03_7 done
s01_capsulemachine_use_01_8 save mode is ln
s01_capsulemachine_use_01_8 done
s04_waffleiron_use_02_5 save mode is ln
s04_waffleiron_use_02_5 done
s01_ketchup_use_01_7 save mode is ln
s01_ketchup_use_01_7 done
s04_laptop_grab_01_7 save mode is direct
s04_laptop_grab_01_7 done
s01_ketchup_use_02_1 save mode is ln
s01_ketchup_use_02_1 done
s09_ketchup_use_02_6 save mode is ln
s09_ketchup_use_02_6 done
s05_ketchup_use_01_5 save mode is direct
s05_ketchup_use_01_5.0170.png seems unormal in ['l'] with multi boxes detected while no overlapping
s05_ketchup_use_01_5.0169.png seems unormal in ['l'] with multi boxes detected while no overlapping
s05_ketchup_use_01_5 done
s06_waffleiron_use_02_6 save mode is ln
s06_waffleiron_use_02_6 done
s08_mixer_use_04_5 save mode is ln
s08_mixer_use_04_5 done
s07_microwave_use_02_6 save mode is direct
s07_microwave_use_02_6.0051.png seems unormal in ['l'] with multi boxes detected while no overlapping
s07_microwave_use_02_6.0050.png seems unormal in ['l'] with multi boxes detected while no overlapping
s07_microwave_use_02_6 done
s01_espressomachine_grab_01_8 save mode is direct
s01_espressomachine_grab_01_8 done
s05_microwave_grab_01_4 save mode is ln
s05_microwave_grab_01_4 done
s06_ketchup_grab_01_retake2_4 save mode is ln
s06_ketchup_grab_01_retake2_4 done
s04_capsulemachine_use_02_2 save mode is ln
s04_capsulemachine_use_02_2 done
s08_laptop_use_04_8 save mode is direct
s08_laptop_use_04_8 done
s04_notebook_use_01_6 save mode is direct
s04_notebook_use_01_6 done
s05_microwave_use_01_4 save mode is direct
s05_microwave_use_01_4 done
s05_box_grab_01_5 save mode is direct
s05_box_grab_01_5 done
s06_espressomachine_use_03_1 save mode is direct
s06_espressomachine_use_03_1 done
s02_capsulemachine_grab_01_6 save mode is direct
s02_capsulemachine_grab_01_6 done
s08_mixer_use_03_7 save mode is direct
s08_mixer_use_03_7 done
s01_microwave_use_02_2 save mode is ln
s01_microwave_use_02_2 done
s08_mixer_use_01_2 save mode is direct
s08_mixer_use_01_2 done
s05_phone_use_01_6 save mode is direct
s05_phone_use_01_6 done
s01_box_grab_01_5 save mode is direct
s01_box_grab_01_5.0434.png seems unormal in ['l'] with multi boxes detected while no overlapping
s01_box_grab_01_5 done
s02_notebook_use_01_3 save mode is ln
s02_notebook_use_01_3 done
s04_phone_grab_01_7 save mode is direct
s04_phone_grab_01_7 done
s10_phone_use_02_1 save mode is ln
s10_phone_use_02_1.0755.png seems unormal in ['l'] with multi boxes detected while no overlapping
s10_phone_use_02_1 done
s02_microwave_use_01_retake_7 finished
s01_capsulemachine_grab_01_6 finished
s09_capsulemachine_use_04_1 finished
s02_phone_use_01_2 finished
s09_laptop_use_04_1 finished
s01_microwave_use_01_3 finished
s08_capsulemachine_use_02_3 finished
s10_laptop_use_01_7 finished
s01_box_use_02_8 finished
s05_capsulemachine_use_01_5 finished
s04_ketchup_grab_01_5 finished
s04_phone_grab_01_4 finished
s05_notebook_use_02_2 finished
s04_box_use_02_5 finished
s10_mixer_use_02_5 finished
s08_box_use_02_7 finished
s09_scissors_use_01_7 finished
s08_box_use_04_8 finished
s08_scissors_use_03_7 finished
s01_box_use_01_5 finished
s04_microwave_use_02_1 finished
s08_notebook_use_02_2 finished
s08_laptop_use_04_5 finished
s01_scissors_use_02_1 finished
s06_box_use_03_2 finished
s09_waffleiron_use_04_3 finished
s05_phone_use_02_8 finished
s04_espressomachine_use_01_retake_3 finished
s09_ketchup_use_03_2 finished
s05_box_use_01_7 finished
s08_ketchup_use_03_2 finished
s05_capsulemachine_use_01_3 finished
s02_mixer_use_01_3 finished
s07_phone_use_01_1 finished
s08_mixer_use_04_1 finished
s09_notebook_use_02_8 finished
s02_waffleiron_use_02_5 finished
s06_box_use_01_5 finished
s06_box_use_03_7 finished
s01_capsulemachine_use_01_8 finished
s04_waffleiron_use_02_5 finished
s01_ketchup_use_01_7 finished
s04_laptop_grab_01_7 finished
s01_ketchup_use_02_1 finished
s09_ketchup_use_02_6 finished
s05_ketchup_use_01_5 finished
s06_waffleiron_use_02_6 finished
s08_mixer_use_04_5 finished
s07_microwave_use_02_6 finished
s01_espressomachine_grab_01_8 finished
s05_microwave_grab_01_4 finished
s06_ketchup_grab_01_retake2_4 finished
s04_capsulemachine_use_02_2 finished
s08_laptop_use_04_8 finished
s04_notebook_use_01_6 finished
s05_microwave_use_01_4 finished
s05_box_grab_01_5 finished
s06_espressomachine_use_03_1 finished
s02_capsulemachine_grab_01_6 finished
s08_mixer_use_03_7 finished
s01_microwave_use_02_2 finished
s08_mixer_use_01_2 finished
s05_phone_use_01_6 finished
s01_box_grab_01_5 finished
s02_notebook_use_01_3 finished
s04_phone_grab_01_7 finished
s10_phone_use_02_1 finished
