s09_microwave_use_03_5 save mode is direct
s06_capsulemachine_use_02_2 save mode is direct
s04_mixer_grab_01_4 save mode is direct
s04_mixer_grab_01_4.0384.png seems unormal in ['r'] with multi boxes detected while no overlapping
s04_mixer_grab_01_4.0375.png seems unormal in ['r'] with multi boxes detected while no overlapping
s04_mixer_grab_01_4.0378.png seems unormal in ['r'] with multi boxes detected while no overlapping
s04_mixer_grab_01_4.0376.png seems unormal in ['r'] with multi boxes detected while no overlapping
s04_mixer_grab_01_4.0381.png seems unormal in ['r'] with multi boxes detected while no overlapping
s04_mixer_grab_01_4.0377.png seems unormal in ['r'] with multi boxes detected while no overlapping
s04_mixer_grab_01_4.0380.png seems unormal in ['r'] with multi boxes detected while no overlapping
s04_mixer_grab_01_4.0374.png seems unormal in ['r'] with multi boxes detected while no overlapping
s04_mixer_grab_01_4.0379.png seems unormal in ['r'] with multi boxes detected while no overlapping
s04_mixer_grab_01_4.0382.png seems unormal in ['r'] with multi boxes detected while no overlapping
s04_mixer_grab_01_4.0383.png seems unormal in ['r'] with multi boxes detected while no overlapping
s04_mixer_grab_01_4 done
s02_capsulemachine_use_02_5 save mode is direct
s02_capsulemachine_use_02_5 done
s06_ketchup_use_02_7 save mode is direct
s06_ketchup_use_02_7 done
s09_waffleiron_use_04_8 save mode is ln
s09_waffleiron_use_04_8.0027.png seems unormal in ['l'] with multi boxes detected while no overlapping
s09_waffleiron_use_04_8.0028.png seems unormal in ['l'] with multi boxes detected while no overlapping
s09_waffleiron_use_04_8 done
s06_box_use_02_1 save mode is ln
s06_box_use_02_1 done
s01_phone_use_01_6 save mode is direct
s01_phone_use_01_6.0027.png seems unormal in ['r'] with multi boxes detected while no overlapping
s01_phone_use_01_6 done
s06_box_use_01_8 save mode is ln
s06_box_use_01_8 done
s06_box_use_01_1 save mode is direct
s06_box_use_01_1 done
s02_capsulemachine_use_02_8 save mode is ln
s02_capsulemachine_use_02_8 done
s01_capsulemachine_grab_01_7 save mode is ln
s01_capsulemachine_grab_01_7 done
s07_espressomachine_use_01_4 save mode is direct
s07_espressomachine_use_01_4 done
s05_mixer_grab_01_3 save mode is direct
s05_mixer_grab_01_3 done
s07_notebook_use_01_7 save mode is ln
s07_notebook_use_01_7 done
s08_microwave_use_03_7 save mode is ln
s08_microwave_use_03_7 done
s04_ketchup_use_02_7 save mode is direct
s04_ketchup_use_02_7 done
s09_espressomachine_use_02_7 save mode is ln
s09_espressomachine_use_02_7 done
s06_espressomachine_use_02_8 save mode is ln
s06_espressomachine_use_02_8 done
s10_mixer_use_01_6 save mode is ln
s10_mixer_use_01_6 done
s05_box_grab_01_7 save mode is direct
s05_box_grab_01_7 done
s06_capsulemachine_use_01_7 save mode is ln
s06_capsulemachine_use_01_7 done
s09_laptop_use_02_2 save mode is direct
s09_laptop_use_02_2 done
s06_microwave_use_01_5 save mode is direct
s06_microwave_use_01_5 done
s06_mixer_use_01_7 save mode is direct
s06_mixer_use_01_7 done
s08_laptop_use_02_4 save mode is ln
s08_laptop_use_02_4 done
s07_microwave_use_01_3 save mode is ln
s07_microwave_use_01_3 done
s04_espressomachine_use_01_retake_8 save mode is direct
s04_espressomachine_use_01_retake_8 done
s08_notebook_use_02_8 save mode is direct
s08_notebook_use_02_8 done
s06_scissors_grab_01_4 save mode is direct
s06_scissors_grab_01_4 done
s01_mixer_use_02_3 save mode is ln
s01_mixer_use_02_3 done
s01_ketchup_use_01_2 save mode is ln
s01_ketchup_use_01_2.0587.png seems unormal in ['r'] with multi boxes detected while no overlapping
s01_ketchup_use_01_2.0585.png seems unormal in ['r'] with multi boxes detected while no overlapping
s01_ketchup_use_01_2.0586.png seems unormal in ['r'] with multi boxes detected while no overlapping
s01_ketchup_use_01_2 done
s07_waffleiron_use_02_6 save mode is direct
s07_waffleiron_use_02_6 done
s08_waffleiron_use_03_8 save mode is direct
s08_waffleiron_use_03_8 done
s07_scissors_use_01_2 save mode is direct
s07_scissors_use_01_2 done
s02_scissors_grab_01_6 save mode is direct
s02_scissors_grab_01_6 done
s04_waffleiron_use_01_7 save mode is direct
s04_waffleiron_use_01_7 done
s02_box_use_01_5 save mode is ln
s02_box_use_01_5 done
s02_box_use_02_5 save mode is ln
s02_box_use_02_5 done
s08_mixer_use_01_1 save mode is ln
s08_mixer_use_01_1 done
s01_ketchup_use_02_4 save mode is ln
s01_ketchup_use_02_4.0249.png seems unormal in ['r'] with multi boxes detected while no overlapping
s01_ketchup_use_02_4.0248.png seems unormal in ['r'] with multi boxes detected while no overlapping
s01_ketchup_use_02_4.0022.png seems unormal in ['r'] with multi boxes detected while no overlapping
s01_ketchup_use_02_4.0247.png seems unormal in ['r'] with multi boxes detected while no overlapping
s01_ketchup_use_02_4.0697.png seems unormal in ['r'] with multi boxes detected while no overlapping
s01_ketchup_use_02_4 done
s08_phone_use_04_5 save mode is direct
s08_phone_use_04_5 done
s08_phone_use_03_6 save mode is direct
s08_phone_use_03_6 done
s02_phone_use_02_3 save mode is ln
s02_phone_use_02_3.0569.png seems unormal in ['r'] with multi boxes detected while no overlapping
s02_phone_use_02_3 done
s06_capsulemachine_grab_01_7 save mode is direct
s06_capsulemachine_grab_01_7 done
s06_capsulemachine_use_01_5 save mode is ln
s06_capsulemachine_use_01_5 done
s02_scissors_use_02_5 save mode is direct
s02_scissors_use_02_5 done
s10_laptop_use_01_4 save mode is direct
s10_laptop_use_01_4 done
s10_waffleiron_use_01_3 save mode is ln
s10_waffleiron_use_01_3 done
s05_espressomachine_use_02_3 save mode is direct
s05_espressomachine_use_02_3.0015.png seems unormal in ['r'] with multi boxes detected while no overlapping
s05_espressomachine_use_02_3 done
s06_laptop_use_02_retake_4 save mode is direct
s06_laptop_use_02_retake_4 done
s09_espressomachine_use_04_2 save mode is ln
s09_espressomachine_use_04_2 done
s04_capsulemachine_use_01_7 save mode is direct
s04_capsulemachine_use_01_7 done
s09_espressomachine_use_02_6 save mode is direct
s09_espressomachine_use_02_6 done
s02_mixer_use_02_7 save mode is ln
s02_mixer_use_02_7 done
s05_notebook_use_01_2 save mode is ln
s05_notebook_use_01_2 done
s07_mixer_grab_01_retake_5 save mode is ln
s07_mixer_grab_01_retake_5.0479.png seems unormal in ['l'] with multi boxes detected while no overlapping
s07_mixer_grab_01_retake_5 done
s02_ketchup_use_04_2 save mode is ln
s02_ketchup_use_04_2 done
s01_laptop_use_02_8 save mode is direct
s01_laptop_use_02_8.0020.png seems unormal in ['l'] with multi boxes detected while no overlapping
s01_laptop_use_02_8 done
s07_scissors_use_02_5 save mode is direct
s07_scissors_use_02_5 done
s05_mixer_use_02_2 save mode is ln
s05_mixer_use_02_2 done
s01_ketchup_grab_01_8 save mode is direct
s01_ketchup_grab_01_8 done
s06_notebook_use_01_2 save mode is direct
removed dir logs/3558f1342/masked_render/s06_notebook_use_01_2/gt_mesh_l/images/crop_image
removed dir logs/3558f1342/masked_render/s06_notebook_use_01_2/gt_mesh_r/images/crop_image
removed dir logs/3558f1342/masked_render/s06_notebook_use_01_2/gt_mesh_obj/images/crop_image
s06_notebook_use_01_2 done
s08_waffleiron_use_02_5 save mode is ln
s08_waffleiron_use_02_5 done
s04_scissors_use_01_5 save mode is ln
s04_scissors_use_01_5.0025.png seems unormal in ['r'] with multi boxes detected while no overlapping
s04_scissors_use_01_5 done
s06_box_use_04_1 save mode is ln
s06_box_use_04_1 done
s01_waffleiron_grab_01_8 save mode is direct
s01_waffleiron_grab_01_8.0051.png seems unormal in ['l'] with multi boxes detected while no overlapping
s01_waffleiron_grab_01_8.0090.png seems unormal in ['l'] with multi boxes detected while no overlapping
s01_waffleiron_grab_01_8.0467.png seems unormal in ['l'] with multi boxes detected while no overlapping
s01_waffleiron_grab_01_8.0542.png seems unormal in ['l'] with multi boxes detected while no overlapping
s01_waffleiron_grab_01_8.0089.png seems unormal in ['l'] with multi boxes detected while no overlapping
s01_waffleiron_grab_01_8.0050.png seems unormal in ['l'] with multi boxes detected while no overlapping
s01_waffleiron_grab_01_8.0360.png seems unormal in ['l'] with multi boxes detected while no overlapping
s01_waffleiron_grab_01_8 done
s09_microwave_use_03_5 finished
s06_capsulemachine_use_02_2 finished
s04_mixer_grab_01_4 finished
s02_capsulemachine_use_02_5 finished
s06_ketchup_use_02_7 finished
s09_waffleiron_use_04_8 finished
s06_box_use_02_1 finished
s01_phone_use_01_6 finished
s06_box_use_01_8 finished
s06_box_use_01_1 finished
s02_capsulemachine_use_02_8 finished
s01_capsulemachine_grab_01_7 finished
s07_espressomachine_use_01_4 finished
s05_mixer_grab_01_3 finished
s07_notebook_use_01_7 finished
s08_microwave_use_03_7 finished
s04_ketchup_use_02_7 finished
s09_espressomachine_use_02_7 finished
s06_espressomachine_use_02_8 finished
s10_mixer_use_01_6 finished
s05_box_grab_01_7 finished
s06_capsulemachine_use_01_7 finished
s09_laptop_use_02_2 finished
s06_microwave_use_01_5 finished
s06_mixer_use_01_7 finished
s08_laptop_use_02_4 finished
s07_microwave_use_01_3 finished
s04_espressomachine_use_01_retake_8 finished
s08_notebook_use_02_8 finished
s06_scissors_grab_01_4 finished
s01_mixer_use_02_3 finished
s01_ketchup_use_01_2 finished
s07_waffleiron_use_02_6 finished
s08_waffleiron_use_03_8 finished
s07_scissors_use_01_2 finished
s02_scissors_grab_01_6 finished
s04_waffleiron_use_01_7 finished
s02_box_use_01_5 finished
s02_box_use_02_5 finished
s08_mixer_use_01_1 finished
s01_ketchup_use_02_4 finished
s08_phone_use_04_5 finished
s08_phone_use_03_6 finished
s02_phone_use_02_3 finished
s06_capsulemachine_grab_01_7 finished
s06_capsulemachine_use_01_5 finished
s02_scissors_use_02_5 finished
s10_laptop_use_01_4 finished
s10_waffleiron_use_01_3 finished
s05_espressomachine_use_02_3 finished
s06_laptop_use_02_retake_4 finished
s09_espressomachine_use_04_2 finished
s04_capsulemachine_use_01_7 finished
s09_espressomachine_use_02_6 finished
s02_mixer_use_02_7 finished
s05_notebook_use_01_2 finished
s07_mixer_grab_01_retake_5 finished
s02_ketchup_use_04_2 finished
s01_laptop_use_02_8 finished
s07_scissors_use_02_5 finished
s05_mixer_use_02_2 finished
s01_ketchup_grab_01_8 finished
s06_notebook_use_01_2 finished
s08_waffleiron_use_02_5 finished
s04_scissors_use_01_5 finished
s06_box_use_04_1 finished
s01_waffleiron_grab_01_8 finished
