s10_capsulemachine_use_02_5 save mode is direct
s10_phone_use_01_retake_1 save mode is direct
s08_waffleiron_use_01_6 save mode is direct
s08_waffleiron_use_01_6 done
s06_box_use_02_8 save mode is direct
s06_box_use_02_8 done
s02_ketchup_use_04_8 save mode is direct
s02_ketchup_use_04_8 done
s06_phone_grab_01_2 save mode is direct
s06_phone_grab_01_2 done
s04_scissors_use_02_3 save mode is direct
removed dir logs/3558f1342/masked_render/s04_scissors_use_02_3/gt_mesh_l/images/crop_image
removed dir logs/3558f1342/masked_render/s04_scissors_use_02_3/gt_mesh_r/images/crop_image
removed dir logs/3558f1342/masked_render/s04_scissors_use_02_3/gt_mesh_obj/images/crop_image
s04_scissors_use_02_3 done
s08_scissors_use_01_3 save mode is ln
s08_scissors_use_01_3.0004.png seems unormal in ['r'] with multi boxes detected while no overlapping
s08_scissors_use_01_3.0005.png seems unormal in ['r'] with multi boxes detected while no overlapping
s08_scissors_use_01_3 done
s01_espressomachine_use_01_7 save mode is direct
s01_espressomachine_use_01_7 done
s05_mixer_grab_01_2 save mode is direct
s05_mixer_grab_01_2 done
s01_capsulemachine_use_02_6 save mode is direct
s01_capsulemachine_use_02_6 done
s04_scissors_use_01_8 save mode is direct
s04_scissors_use_01_8 done
s07_scissors_grab_01_2 save mode is ln
s07_scissors_grab_01_2 done
s04_box_grab_01_7 save mode is direct
s04_box_grab_01_7 done
s09_mixer_use_03_6 save mode is ln
s09_mixer_use_03_6 done
s02_notebook_use_01_1 save mode is ln
s02_notebook_use_01_1 done
s01_laptop_use_02_6 save mode is direct
s01_laptop_use_02_6 done
s10_waffleiron_use_01_1 save mode is direct
s10_waffleiron_use_01_1 done
s06_scissors_grab_01_3 save mode is direct
s06_scissors_grab_01_3.0272.png seems unormal in ['l'] with multi boxes detected while no overlapping
s06_scissors_grab_01_3.0508.png seems unormal in ['l'] with multi boxes detected while no overlapping
s06_scissors_grab_01_3.0013.png seems unormal in ['r'] with multi boxes detected while no overlapping
s06_scissors_grab_01_3 done
s04_mixer_use_02_7 save mode is direct
s04_mixer_use_02_7 done
s01_capsulemachine_use_02_4 save mode is ln
s01_capsulemachine_use_02_4.0030.png seems unormal in ['r'] with multi boxes detected while no overlapping
s01_capsulemachine_use_02_4 done
s05_scissors_grab_01_6 save mode is direct
s05_scissors_grab_01_6 done
s04_scissors_use_01_7 save mode is direct
s04_scissors_use_01_7 done
s08_phone_use_03_4 save mode is ln
s08_phone_use_03_4 done
s09_ketchup_use_04_7 save mode is ln
s09_ketchup_use_04_7 done
s06_phone_use_01_7 save mode is direct
s06_phone_use_01_7 done
s06_microwave_use_01_8 save mode is direct
s06_microwave_use_01_8 done
s10_laptop_use_01_6 save mode is direct
s10_laptop_use_01_6 done
s07_microwave_use_02_3 save mode is direct
s07_microwave_use_02_3 done
s08_microwave_use_02_6 save mode is ln
s08_microwave_use_02_6 done
s08_phone_use_04_2 save mode is ln
s08_phone_use_04_2 done
s09_espressomachine_use_04_1 save mode is direct
s09_espressomachine_use_04_1 done
s05_scissors_use_02_8 save mode is direct
s05_scissors_use_02_8 done
s09_notebook_use_03_3 save mode is ln
s09_notebook_use_03_3 done
s06_waffleiron_use_02_2 save mode is ln
s06_waffleiron_use_02_2 done
s01_espressomachine_use_02_1 save mode is direct
s01_espressomachine_use_02_1 done
s10_notebook_use_01_5 save mode is ln
s10_notebook_use_01_5 done
s02_phone_use_01_4 save mode is ln
s02_phone_use_01_4 done
s02_box_use_02_1 save mode is direct
s02_box_use_02_1 done
s08_notebook_use_02_4 save mode is ln
s08_notebook_use_02_4 done
s07_scissors_use_02_4 save mode is direct
s07_scissors_use_02_4 done
s09_capsulemachine_use_03_3 save mode is direct
s09_capsulemachine_use_03_3 done
s04_microwave_use_01_4 save mode is direct
s04_microwave_use_01_4.0030.png seems unormal in ['r'] with multi boxes detected while no overlapping
s04_microwave_use_01_4 done
s05_waffleiron_use_02_5 save mode is ln
s05_waffleiron_use_02_5.0251.png seems unormal in ['l'] with multi boxes detected while no overlapping
s05_waffleiron_use_02_5.0755.png seems unormal in ['l'] with multi boxes detected while no overlapping
s05_waffleiron_use_02_5 done
s08_laptop_use_03_1 save mode is direct
s08_laptop_use_03_1 done
s07_phone_use_01_7 save mode is direct
s07_phone_use_01_7 done
s09_waffleiron_use_04_6 save mode is direct
s09_waffleiron_use_04_6 done
s02_espressomachine_grab_01_6 save mode is direct
s02_espressomachine_grab_01_6 done
s08_waffleiron_use_02_1 save mode is direct
s08_waffleiron_use_02_1.0026.png seems unormal in ['r'] with multi boxes detected while no overlapping
s08_waffleiron_use_02_1 done
s08_scissors_use_04_8 save mode is direct
s08_scissors_use_04_8 done
s08_notebook_use_04_4 save mode is ln
s08_notebook_use_04_4.0798.png seems unormal in ['r'] with multi boxes detected while no overlapping
s08_notebook_use_04_4 done
s09_microwave_use_03_1 save mode is ln
s09_microwave_use_03_1 done
s08_waffleiron_use_04_4 save mode is ln
s08_waffleiron_use_04_4.0020.png seems unormal in ['r'] with multi boxes detected while no overlapping
s08_waffleiron_use_04_4.0984.png seems unormal in ['r'] with multi boxes detected while no overlapping
s08_waffleiron_use_04_4 done
s07_microwave_use_02_7 save mode is direct
removed dir logs/3558f1342/masked_render/s07_microwave_use_02_7/gt_mesh_l/images/crop_image
removed dir logs/3558f1342/masked_render/s07_microwave_use_02_7/gt_mesh_r/images/crop_image
removed dir logs/3558f1342/masked_render/s07_microwave_use_02_7/gt_mesh_obj/images/crop_image
s07_microwave_use_02_7 done
s02_box_use_02_3 save mode is direct
s02_box_use_02_3 done
s10_box_use_01_8 save mode is direct
s10_box_use_01_8 done
s02_waffleiron_use_02_4 save mode is ln
s02_waffleiron_use_02_4 done
s06_espressomachine_grab_01_4 save mode is ln
s06_espressomachine_grab_01_4 done
s07_laptop_use_01_7 save mode is direct
s07_laptop_use_01_7 done
s09_notebook_use_03_2 save mode is ln
s09_notebook_use_03_2 done
s07_notebook_use_02_1 save mode is direct
s07_notebook_use_02_1.0681.png seems unormal in ['r'] with multi boxes detected while no overlapping
s07_notebook_use_02_1 done
s02_ketchup_use_02_1 save mode is direct
s02_ketchup_use_02_1 done
s04_phone_use_01_3 save mode is ln
s04_phone_use_01_3.0024.png seems unormal in ['r'] with multi boxes detected while no overlapping
s04_phone_use_01_3 done
s09_phone_use_02_5 save mode is direct
s09_phone_use_02_5 done
s07_notebook_use_01_8 save mode is direct
s07_notebook_use_01_8 done
s05_capsulemachine_grab_01_8 save mode is direct
s05_capsulemachine_grab_01_8 done
s09_waffleiron_use_03_2 save mode is ln
s09_waffleiron_use_03_2 done
s10_capsulemachine_use_02_5 finished
s10_phone_use_01_retake_1 finished
s08_waffleiron_use_01_6 finished
s06_box_use_02_8 finished
s02_ketchup_use_04_8 finished
s06_phone_grab_01_2 finished
s04_scissors_use_02_3 finished
s08_scissors_use_01_3 finished
s01_espressomachine_use_01_7 finished
s05_mixer_grab_01_2 finished
s01_capsulemachine_use_02_6 finished
s04_scissors_use_01_8 finished
s07_scissors_grab_01_2 finished
s04_box_grab_01_7 finished
s09_mixer_use_03_6 finished
s02_notebook_use_01_1 finished
s01_laptop_use_02_6 finished
s10_waffleiron_use_01_1 finished
s06_scissors_grab_01_3 finished
s04_mixer_use_02_7 finished
s01_capsulemachine_use_02_4 finished
s05_scissors_grab_01_6 finished
s04_scissors_use_01_7 finished
s08_phone_use_03_4 finished
s09_ketchup_use_04_7 finished
s06_phone_use_01_7 finished
s06_microwave_use_01_8 finished
s10_laptop_use_01_6 finished
s07_microwave_use_02_3 finished
s08_microwave_use_02_6 finished
s08_phone_use_04_2 finished
s09_espressomachine_use_04_1 finished
s05_scissors_use_02_8 finished
s09_notebook_use_03_3 finished
s06_waffleiron_use_02_2 finished
s01_espressomachine_use_02_1 finished
s10_notebook_use_01_5 finished
s02_phone_use_01_4 finished
s02_box_use_02_1 finished
s08_notebook_use_02_4 finished
s07_scissors_use_02_4 finished
s09_capsulemachine_use_03_3 finished
s04_microwave_use_01_4 finished
s05_waffleiron_use_02_5 finished
s08_laptop_use_03_1 finished
s07_phone_use_01_7 finished
s09_waffleiron_use_04_6 finished
s02_espressomachine_grab_01_6 finished
s08_waffleiron_use_02_1 finished
s08_scissors_use_04_8 finished
s08_notebook_use_04_4 finished
s09_microwave_use_03_1 finished
s08_waffleiron_use_04_4 finished
s07_microwave_use_02_7 finished
s02_box_use_02_3 finished
s10_box_use_01_8 finished
s02_waffleiron_use_02_4 finished
s06_espressomachine_grab_01_4 finished
s07_laptop_use_01_7 finished
s09_notebook_use_03_2 finished
s07_notebook_use_02_1 finished
s02_ketchup_use_02_1 finished
s04_phone_use_01_3 finished
s09_phone_use_02_5 finished
s07_notebook_use_01_8 finished
s05_capsulemachine_grab_01_8 finished
s09_waffleiron_use_03_2 finished
